[01m[K/home/matus/ros2_ws/src/block2_matuska/src/zadanie22_node.cpp:[m[K In function â€˜[01m[Kint[01;32m[K main[m[K(int, char**)[m[Kâ€™:
[01m[K/home/matus/ros2_ws/src/block2_matuska/src/zadanie22_node.cpp:216:17:[m[K [01;31m[Kerror: [m[Kâ€˜[01m[Kjoint_state_[m[Kâ€™ was not declared in this scope; did you mean â€˜[01m[Kjoint_state[m[Kâ€™?
  216 |                 [01;31m[Kjoint_state_[m[K.position[0] = hodnoty(t, a1_j0)[0];
      |                 [01;31m[K^~~~~~~~~~~~[m[K
      |                 [32m[Kjoint_state[m[K
gmake[2]: *** [CMakeFiles/zadanie22_node.dir/build.make:76: CMakeFiles/zadanie22_node.dir/src/zadanie22_node.cpp.o] Error 1
gmake[1]: *** [CMakeFiles/Makefile2:165: CMakeFiles/zadanie22_node.dir/all] Error 2
gmake: *** [Makefile:146: all] Error 2
