[0.019s] Invoking command in '/home/matus/ros2_ws/src/build/block1_matuska': AMENT_PREFIX_PATH=/home/matus/ros2_ws/src/install/rrm_msgs:${AMENT_PREFIX_PATH} CMAKE_PREFIX_PATH=/home/matus/ros2_ws/src/install/rrm_msgs:/home/matus/ros2_ws/install/cviko1:/home/matus/ros2_ws/install/rrm_simple_robot_model:/home/matus/ros2_ws/install/rrm_sim:/home/matus/ros2_ws/install/block1_matuska:/home/matus/ros2_ws/install/rrm_msgs:/home/matus/ros2_ws/install/cv1:/opt/ros/jazzy/opt/gz_math_vendor:/opt/ros/jazzy/opt/gz_utils_vendor:/opt/ros/jazzy/opt/gz_cmake_vendor:/opt/ros/jazzy DEBUGINFOD_URLS=https://debuginfod.ubuntu.com LD_LIBRARY_PATH=/home/matus/ros2_ws/src/install/rrm_msgs/lib:${LD_LIBRARY_PATH} PYTHONPATH=/home/matus/ros2_ws/src/install/rrm_msgs/lib/python3.12/site-packages:${PYTHONPATH} /usr/bin/cmake --build /home/matus/ros2_ws/src/build/block1_matuska -- -j12 -l12
[0.138s] [ 50%] [32mBuilding CXX object CMakeFiles/teleop_node.dir/src/teleop_node.cpp.o[0m
[2.343s] [01m[K/home/matus/ros2_ws/src/block1_matuska/src/teleop_node.cpp:[m[K In function ‚Äò[01m[Kint[01;32m[K main[m[K(int, char**)[m[K‚Äô:
[2.343s] [01m[K/home/matus/ros2_ws/src/block1_matuska/src/teleop_node.cpp:33:7:[m[K [01;31m[Kerror: [m[Kexpected ‚Äò[01m[K([m[K‚Äô before ‚Äò[01m[KTrue[m[K‚Äô
[2.343s]    33 | while [01;31m[KT[m[K[32m[Krue[m[K:
[2.343s]       |       [01;31m[K^[m[K[32m[K~~~[m[K
[2.343s]       |       [32m[K([m[K
[2.343s] [01m[K/home/matus/ros2_ws/src/block1_matuska/src/teleop_node.cpp:33:11:[m[K [01;31m[Kerror: [m[Kfound ‚Äò[01m[K:[m[K‚Äô in nested-name-specifier, expected ‚Äò[01m[K::[m[K‚Äô
[2.343s]    33 | while True[01;31m[K:[m[K
[2.344s]       |           [01;31m[K^[m[K
[2.344s]       |           [32m[K::[m[K
[2.344s] [01m[K/home/matus/ros2_ws/src/block1_matuska/src/teleop_node.cpp:33:7:[m[K [01;31m[Kerror: [m[K‚Äò[01m[KTrue[m[K‚Äô has not been declared
[2.344s]    33 | while [01;31m[KTrue[m[K:
[2.344s]       |       [01;31m[K^~~~[m[K
[2.346s] [01m[K/home/matus/ros2_ws/src/block1_matuska/src/teleop_node.cpp:35:11:[m[K [01;31m[Kerror: [m[K‚Äò[01m[Kinput[m[K‚Äô was not declared in this scope; did you mean ‚Äò[01m[Kint[m[K‚Äô?
[2.346s]    35 |     klb = [01;31m[Kinput[m[K("Zadaj hodnotu pre klb (pre ukonƒçenie zadaj 'q'): ")
[2.346s]       |           [01;31m[K^~~~~[m[K
[2.346s]       |           [32m[Kint[m[K
[2.346s] [01m[K/home/matus/ros2_ws/src/block1_matuska/src/teleop_node.cpp:35:69:[m[K [01;31m[Kerror: [m[Kexpected ‚Äò[01m[K)[m[K‚Äô before ‚Äò[01m[Kif[m[K‚Äô
[2.346s]    35 |     klb = input("Zadaj hodnotu pre klb (pre ukonƒçenie zadaj 'q'): ")
[2.347s]       |                                                                     [01;31m[K^[m[K
[2.347s]       |                                                                     [32m[K)[m[K
[2.347s]    36 |     [32m[Kif[m[K klb.lower() == 'q':
[2.347s]       |     [32m[K~~[m[K                                                               
[2.347s] [01m[K/home/matus/ros2_ws/src/block1_matuska/src/teleop_node.cpp:33:7:[m[K [01;36m[Knote: [m[Kto match this ‚Äò[01m[K([m[K‚Äô
[2.347s]    33 | while [01;36m[KTrue[m[K:
[2.347s]       |       [01;36m[K^~~~[m[K
[2.347s] [01m[K/home/matus/ros2_ws/src/block1_matuska/src/teleop_node.cpp:36:8:[m[K [01;31m[Kerror: [m[Kexpected ‚Äò[01m[K([m[K‚Äô before ‚Äò[01m[Kklb[m[K‚Äô
[2.347s]    36 |     if [01;31m[Kk[m[K[32m[Klb[m[K.lower() == 'q':
[2.347s]       |        [01;31m[K^[m[K[32m[K~~[m[K
[2.347s]       |        [32m[K([m[K
[3.236s] gmake[2]: *** [CMakeFiles/teleop_node.dir/build.make:76: CMakeFiles/teleop_node.dir/src/teleop_node.cpp.o] Error 1
[3.237s] gmake[1]: *** [CMakeFiles/Makefile2:137: CMakeFiles/teleop_node.dir/all] Error 2
[3.237s] gmake: *** [Makefile:146: all] Error 2
[3.239s] Invoked command in '/home/matus/ros2_ws/src/build/block1_matuska' returned '2': AMENT_PREFIX_PATH=/home/matus/ros2_ws/src/install/rrm_msgs:${AMENT_PREFIX_PATH} CMAKE_PREFIX_PATH=/home/matus/ros2_ws/src/install/rrm_msgs:/home/matus/ros2_ws/install/cviko1:/home/matus/ros2_ws/install/rrm_simple_robot_model:/home/matus/ros2_ws/install/rrm_sim:/home/matus/ros2_ws/install/block1_matuska:/home/matus/ros2_ws/install/rrm_msgs:/home/matus/ros2_ws/install/cv1:/opt/ros/jazzy/opt/gz_math_vendor:/opt/ros/jazzy/opt/gz_utils_vendor:/opt/ros/jazzy/opt/gz_cmake_vendor:/opt/ros/jazzy DEBUGINFOD_URLS=https://debuginfod.ubuntu.com LD_LIBRARY_PATH=/home/matus/ros2_ws/src/install/rrm_msgs/lib:${LD_LIBRARY_PATH} PYTHONPATH=/home/matus/ros2_ws/src/install/rrm_msgs/lib/python3.12/site-packages:${PYTHONPATH} /usr/bin/cmake --build /home/matus/ros2_ws/src/build/block1_matuska -- -j12 -l12
