In file included from [01m[K/opt/ros/jazzy/include/rclcpp/rclcpp/copy_all_parameter_values.hpp:27[m[K,
                 from [01m[K/opt/ros/jazzy/include/rclcpp/rclcpp/rclcpp.hpp:171[m[K,
                 from [01m[K/home/matus/ros2_ws/src/block2_matuska/src/zadanie2_node.cpp:1[m[K:
[01m[K/home/matus/ros2_ws/src/block2_matuska/src/zadanie2_node.cpp:[m[K In function â€˜[01m[Kint[01;32m[K main[m[K(int, char**)[m[Kâ€™:
[01m[K/home/matus/ros2_ws/src/block2_matuska/src/zadanie2_node.cpp:48:55:[m[K [01;31m[Kerror: [m[Kâ€˜[01m[Ka[m[Kâ€™ was not declared in this scope
   48 |     RCLCPP_INFO_STREAM(node->get_logger(), "m1:\n" << [01;31m[Ka[m[K);
      |                                                       [01;31m[K^[m[K
gmake[2]: *** [CMakeFiles/zadanie2_node.dir/build.make:76: CMakeFiles/zadanie2_node.dir/src/zadanie2_node.cpp.o] Error 1
gmake[1]: *** [CMakeFiles/Makefile2:137: CMakeFiles/zadanie2_node.dir/all] Error 2
gmake: *** [Makefile:146: all] Error 2
