[01m[K/home/matus/ros2_ws/src/block2_matuska/src/zadanie2_node.cpp:[m[K In function â€˜[01m[KEigen::VectorXd[01;32m[K Koeficienty[m[K(double, double, double, double, double, double)[m[Kâ€™:
[01m[K/home/matus/ros2_ws/src/block2_matuska/src/zadanie2_node.cpp:23:32:[m[K [01;31m[Kerror: [m[Kâ€˜[01m[Kt0[m[Kâ€™ was not declared in this scope; did you mean â€˜[01m[Ky0[m[Kâ€™?
   23 |     Eigen::MatrixXd m = Matica([01;31m[Kt0[m[K, tf);
      |                                [01;31m[K^~[m[K
      |                                [32m[Ky0[m[K
[01m[K/home/matus/ros2_ws/src/block2_matuska/src/zadanie2_node.cpp:23:36:[m[K [01;31m[Kerror: [m[Kâ€˜[01m[Ktf[m[Kâ€™ was not declared in this scope; did you mean â€˜[01m[Ktm[m[Kâ€™?
   23 |     Eigen::MatrixXd m = Matica(t0, [01;31m[Ktf[m[K);
      |                                    [01;31m[K^~[m[K
      |                                    [32m[Ktm[m[K
[01m[K/home/matus/ros2_ws/src/block2_matuska/src/zadanie2_node.cpp:[m[K At global scope:
[01m[K/home/matus/ros2_ws/src/block2_matuska/src/zadanie2_node.cpp:37:5:[m[K [01;31m[Kerror: [m[Kâ€˜[01m[Kv1[m[Kâ€™ does not name a type
   37 |     [01;31m[Kv1[m[K << 1, 2, 3;
      |     [01;31m[K^~[m[K
In file included from [01m[K/opt/ros/jazzy/include/rclcpp/rclcpp/copy_all_parameter_values.hpp:27[m[K,
                 from [01m[K/opt/ros/jazzy/include/rclcpp/rclcpp/rclcpp.hpp:171[m[K,
                 from [01m[K/home/matus/ros2_ws/src/block2_matuska/src/zadanie2_node.cpp:1[m[K:
[01m[K/home/matus/ros2_ws/src/block2_matuska/src/zadanie2_node.cpp:38:5:[m[K [01;31m[Kerror: [m[Kexpected unqualified-id before â€˜[01m[Kdo[m[Kâ€™
   38 |     [01;31m[KRCLCPP_INFO_STREAM[m[K(node->get_logger(), "v1 = \n" << v1);
      |     [01;31m[K^~~~~~~~~~~~~~~~~~[m[K
[01m[K/home/matus/ros2_ws/src/block2_matuska/src/zadanie2_node.cpp:38:5:[m[K [01;31m[Kerror: [m[Kexpected unqualified-id before â€˜[01m[Kwhile[m[Kâ€™
   38 |     [01;31m[KRCLCPP_INFO_STREAM[m[K(node->get_logger(), "v1 = \n" << v1);
      |     [01;31m[K^~~~~~~~~~~~~~~~~~[m[K
gmake[2]: *** [CMakeFiles/zadanie2_node.dir/build.make:76: CMakeFiles/zadanie2_node.dir/src/zadanie2_node.cpp.o] Error 1
gmake[1]: *** [CMakeFiles/Makefile2:137: CMakeFiles/zadanie2_node.dir/all] Error 2
gmake: *** [Makefile:146: all] Error 2
