[ 50%] [32mBuilding CXX object CMakeFiles/zadanie2_node.dir/src/zadanie2_node.cpp.o[0m
[01m[K/home/matus/ros2_ws/src/block2_matuska/src/zadanie2_node.cpp:[m[K In function â€˜[01m[Kint[01;32m[K main[m[K(int, char**)[m[Kâ€™:
[01m[K/home/matus/ros2_ws/src/block2_matuska/src/zadanie2_node.cpp:145:46:[m[K [01;31m[Kerror: [m[Kcannot convert â€˜[01m[Kstd::vector<double, std::allocator<double> >[m[Kâ€™ to â€˜[01m[K__gnu_cxx::__alloc_traits<std::allocator<double>, double>::value_type[m[Kâ€™ {aka â€˜[01m[Kdouble[m[Kâ€™} in assignment
  145 |             joint_state.position[0] = [01;31m[Khodnoty(t, a1)[m[K;
      |                                       [01;31m[K~~~~~~~^~~~~~~[m[K
      |                                              [01;31m[K|[m[K
      |                                              [01;31m[Kstd::vector<double, std::allocator<double> >[m[K
[01m[K/home/matus/ros2_ws/src/block2_matuska/src/zadanie2_node.cpp:49:12:[m[K [01;35m[Kwarning: [m[Kunused variable â€˜[01m[Kt0[m[Kâ€™ [[01;35m[K]8;;https://gcc.gnu.org/onlinedocs/gcc/Warning-Options.html#index-Wunused-variable-Wunused-variable]8;;[m[K]
   49 |     double [01;35m[Kt0[m[K = 0;
      |            [01;35m[K^~[m[K
[01m[K/home/matus/ros2_ws/src/block2_matuska/src/zadanie2_node.cpp:50:12:[m[K [01;35m[Kwarning: [m[Kunused variable â€˜[01m[Ktf[m[Kâ€™ [[01;35m[K]8;;https://gcc.gnu.org/onlinedocs/gcc/Warning-Options.html#index-Wunused-variable-Wunused-variable]8;;[m[K]
   50 |     double [01;35m[Ktf[m[K = 4;
      |            [01;35m[K^~[m[K
[01m[K/home/matus/ros2_ws/src/block2_matuska/src/zadanie2_node.cpp:71:12:[m[K [01;35m[Kwarning: [m[Kunused variable â€˜[01m[Kfactor[m[Kâ€™ [[01;35m[K]8;;https://gcc.gnu.org/onlinedocs/gcc/Warning-Options.html#index-Wunused-variable-Wunused-variable]8;;[m[K]
   71 |     double [01;35m[Kfactor[m[K = 0.5; // rad/s
      |            [01;35m[K^~~~~~[m[K
gmake[2]: *** [CMakeFiles/zadanie2_node.dir/build.make:76: CMakeFiles/zadanie2_node.dir/src/zadanie2_node.cpp.o] Error 1
gmake[1]: *** [CMakeFiles/Makefile2:137: CMakeFiles/zadanie2_node.dir/all] Error 2
gmake: *** [Makefile:146: all] Error 2
