[0.020s] Invoking command in '/home/matus/ros2_ws/src/build/block1_matuska': AMENT_PREFIX_PATH=/home/matus/ros2_ws/src/install/rrm_msgs:${AMENT_PREFIX_PATH} CMAKE_PREFIX_PATH=/home/matus/ros2_ws/src/install/rrm_msgs:/home/matus/ros2_ws/install/cviko1:/home/matus/ros2_ws/install/rrm_simple_robot_model:/home/matus/ros2_ws/install/rrm_sim:/home/matus/ros2_ws/install/block1_matuska:/home/matus/ros2_ws/install/rrm_msgs:/home/matus/ros2_ws/install/cv1:/opt/ros/jazzy/opt/gz_math_vendor:/opt/ros/jazzy/opt/gz_utils_vendor:/opt/ros/jazzy/opt/gz_cmake_vendor:/opt/ros/jazzy DEBUGINFOD_URLS=https://debuginfod.ubuntu.com LD_LIBRARY_PATH=/home/matus/ros2_ws/src/install/rrm_msgs/lib:${LD_LIBRARY_PATH} PYTHONPATH=/home/matus/ros2_ws/src/install/rrm_msgs/lib/python3.12/site-packages:${PYTHONPATH} /usr/bin/cmake --build /home/matus/ros2_ws/src/build/block1_matuska -- -j12 -l12
[0.137s] [ 50%] [32mBuilding CXX object CMakeFiles/teleop_node.dir/src/teleop_node.cpp.o[0m
[2.217s] [01m[K/home/matus/ros2_ws/src/block1_matuska/src/teleop_node.cpp:[m[K In function â€˜[01m[Kint[01;32m[K main[m[K(int, char**)[m[Kâ€™:
[2.217s] [01m[K/home/matus/ros2_ws/src/block1_matuska/src/teleop_node.cpp:33:7:[m[K [01;31m[Kerror: [m[Kexpected â€˜[01m[K([m[Kâ€™ before â€˜[01m[KTrue[m[Kâ€™
[2.217s]    33 | while [01;31m[KT[m[K[32m[Krue[m[K:
[2.217s]       |       [01;31m[K^[m[K[32m[K~~~[m[K
[2.217s]       |       [32m[K([m[K
[2.217s] [01m[K/home/matus/ros2_ws/src/block1_matuska/src/teleop_node.cpp:33:11:[m[K [01;31m[Kerror: [m[Kfound â€˜[01m[K:[m[Kâ€™ in nested-name-specifier, expected â€˜[01m[K::[m[Kâ€™
[2.217s]    33 | while True[01;31m[K:[m[K
[2.218s]       |           [01;31m[K^[m[K
[2.218s]       |           [32m[K::[m[K
[2.218s] [01m[K/home/matus/ros2_ws/src/block1_matuska/src/teleop_node.cpp:33:7:[m[K [01;31m[Kerror: [m[Kâ€˜[01m[KTrue[m[Kâ€™ has not been declared
[2.218s]    33 | while [01;31m[KTrue[m[K:
[2.218s]       |       [01;31m[K^~~~[m[K
[2.220s] [01m[K/home/matus/ros2_ws/src/block1_matuska/src/teleop_node.cpp:35:11:[m[K [01;31m[Kerror: [m[Kâ€˜[01m[Kinput[m[Kâ€™ was not declared in this scope; did you mean â€˜[01m[Kint[m[Kâ€™?
[2.220s]    35 |     klb = [01;31m[Kinput[m[K("Zadaj hodnotu pre klb: ")
[2.220s]       |           [01;31m[K^~~~~[m[K
[2.220s]       |           [32m[Kint[m[K
[2.220s] [01m[K/home/matus/ros2_ws/src/block1_matuska/src/teleop_node.cpp:35:43:[m[K [01;31m[Kerror: [m[Kexpected â€˜[01m[K)[m[Kâ€™ before â€˜[01m[Kposun[m[Kâ€™
[2.220s]    35 |     klb = input("Zadaj hodnotu pre klb: ")
[2.220s]       |                                           [01;31m[K^[m[K
[2.221s]       |                                           [32m[K)[m[K
[2.221s]    36 |     [32m[Kposun[m[K = input("Zadaj hodnotu pre posun: ")
[2.221s]       |     [32m[K~~~~~[m[K                                  
[2.221s] [01m[K/home/matus/ros2_ws/src/block1_matuska/src/teleop_node.cpp:33:7:[m[K [01;36m[Knote: [m[Kto match this â€˜[01m[K([m[Kâ€™
[2.221s]    33 | while [01;36m[KTrue[m[K:
[2.221s]       |       [01;36m[K^~~~[m[K
[2.223s] [01m[K/home/matus/ros2_ws/src/block1_matuska/src/teleop_node.cpp:36:5:[m[K [01;31m[Kerror: [m[Kâ€˜[01m[Kposun[m[Kâ€™ was not declared in this scope
[2.223s]    36 |     [01;31m[Kposun[m[K = input("Zadaj hodnotu pre posun: ")
[2.223s]       |     [01;31m[K^~~~~[m[K
[3.120s] gmake[2]: *** [CMakeFiles/teleop_node.dir/build.make:76: CMakeFiles/teleop_node.dir/src/teleop_node.cpp.o] Error 1
[3.120s] gmake[1]: *** [CMakeFiles/Makefile2:137: CMakeFiles/teleop_node.dir/all] Error 2
[3.120s] gmake: *** [Makefile:146: all] Error 2
[3.123s] Invoked command in '/home/matus/ros2_ws/src/build/block1_matuska' returned '2': AMENT_PREFIX_PATH=/home/matus/ros2_ws/src/install/rrm_msgs:${AMENT_PREFIX_PATH} CMAKE_PREFIX_PATH=/home/matus/ros2_ws/src/install/rrm_msgs:/home/matus/ros2_ws/install/cviko1:/home/matus/ros2_ws/install/rrm_simple_robot_model:/home/matus/ros2_ws/install/rrm_sim:/home/matus/ros2_ws/install/block1_matuska:/home/matus/ros2_ws/install/rrm_msgs:/home/matus/ros2_ws/install/cv1:/opt/ros/jazzy/opt/gz_math_vendor:/opt/ros/jazzy/opt/gz_utils_vendor:/opt/ros/jazzy/opt/gz_cmake_vendor:/opt/ros/jazzy DEBUGINFOD_URLS=https://debuginfod.ubuntu.com LD_LIBRARY_PATH=/home/matus/ros2_ws/src/install/rrm_msgs/lib:${LD_LIBRARY_PATH} PYTHONPATH=/home/matus/ros2_ws/src/install/rrm_msgs/lib/python3.12/site-packages:${PYTHONPATH} /usr/bin/cmake --build /home/matus/ros2_ws/src/build/block1_matuska -- -j12 -l12
