[ 50%] [32mBuilding CXX object CMakeFiles/zadanie2_node.dir/src/zadanie2_node.cpp.o[0m
[01m[K/home/matus/ros2_ws/src/block2_matuska/src/zadanie2_node.cpp:[m[K In function â€˜[01m[KEigen::VectorXd[01;32m[K Koeficienty[m[K(double, double, double, double, double, double)[m[Kâ€™:
[01m[K/home/matus/ros2_ws/src/block2_matuska/src/zadanie2_node.cpp:21:5:[m[K [01;31m[Kerror: [m[Kâ€˜[01m[KvKoef[m[Kâ€™ was not declared in this scope
   21 |     [01;31m[KvKoef[m[K << poloha0, rychlost0, zrychlenie0, polohaf, rychlostf, zrychlenief;
      |     [01;31m[K^~~~~[m[K
In file included from [01m[K/opt/ros/jazzy/include/rclcpp/rclcpp/copy_all_parameter_values.hpp:27[m[K,
                 from [01m[K/opt/ros/jazzy/include/rclcpp/rclcpp/rclcpp.hpp:171[m[K,
                 from [01m[K/home/matus/ros2_ws/src/block2_matuska/src/zadanie2_node.cpp:1[m[K:
[01m[K/home/matus/ros2_ws/src/block2_matuska/src/zadanie2_node.cpp:22:24:[m[K [01;31m[Kerror: [m[Kâ€˜[01m[Knode[m[Kâ€™ was not declared in this scope
   22 |     RCLCPP_INFO_STREAM([01;31m[Knode[m[K->get_logger(), "vKoef = \n" << vKoef);
      |                        [01;31m[K^~~~[m[K
[01m[K/home/matus/ros2_ws/src/block2_matuska/src/zadanie2_node.cpp:22:5:[m[K [01;31m[Kerror: [m[Ktemplate argument 1 is invalid
   22 |     [01;31m[KRCLCPP_INFO_STREAM[m[K(node->get_logger(), "vKoef = \n" << vKoef);
      |     [01;31m[K^~~~~~~~~~~~~~~~~~[m[K
[01m[K/home/matus/ros2_ws/src/block2_matuska/src/zadanie2_node.cpp:22:5:[m[K [01;31m[Kerror: [m[Ktemplate argument 1 is invalid
   22 |     [01;31m[KRCLCPP_INFO_STREAM[m[K(node->get_logger(), "vKoef = \n" << vKoef);
      |     [01;31m[K^~~~~~~~~~~~~~~~~~[m[K
[01m[K/home/matus/ros2_ws/src/block2_matuska/src/zadanie2_node.cpp:22:5:[m[K [01;31m[Kerror: [m[Ktemplate argument 1 is invalid
   22 |     [01;31m[KRCLCPP_INFO_STREAM[m[K(node->get_logger(), "vKoef = \n" << vKoef);
      |     [01;31m[K^~~~~~~~~~~~~~~~~~[m[K
[01m[K/home/matus/ros2_ws/src/block2_matuska/src/zadanie2_node.cpp:[m[K At global scope:
[01m[K/home/matus/ros2_ws/src/block2_matuska/src/zadanie2_node.cpp:36:5:[m[K [01;31m[Kerror: [m[Kâ€˜[01m[Kv1[m[Kâ€™ does not name a type
   36 |     [01;31m[Kv1[m[K << 1, 2, 3;
      |     [01;31m[K^~[m[K
[01m[K/home/matus/ros2_ws/src/block2_matuska/src/zadanie2_node.cpp:37:5:[m[K [01;31m[Kerror: [m[Kexpected unqualified-id before â€˜[01m[Kdo[m[Kâ€™
   37 |     [01;31m[KRCLCPP_INFO_STREAM[m[K(node->get_logger(), "v1 = \n" << v1);
      |     [01;31m[K^~~~~~~~~~~~~~~~~~[m[K
[01m[K/home/matus/ros2_ws/src/block2_matuska/src/zadanie2_node.cpp:37:5:[m[K [01;31m[Kerror: [m[Kexpected unqualified-id before â€˜[01m[Kwhile[m[Kâ€™
   37 |     [01;31m[KRCLCPP_INFO_STREAM[m[K(node->get_logger(), "v1 = \n" << v1);
      |     [01;31m[K^~~~~~~~~~~~~~~~~~[m[K
gmake[2]: *** [CMakeFiles/zadanie2_node.dir/build.make:76: CMakeFiles/zadanie2_node.dir/src/zadanie2_node.cpp.o] Error 1
gmake[1]: *** [CMakeFiles/Makefile2:137: CMakeFiles/zadanie2_node.dir/all] Error 2
gmake: *** [Makefile:146: all] Error 2
