[0.011s] Invoking command in '/home/matus/ros2_ws/build/block2_matuska': CMAKE_PREFIX_PATH=/home/matus/ros2_ws/install/rrm_msgs:/home/matus/ros2_ws/install/trajectory_visualization:/home/matus/ros2_ws/install/rrm_simple_robot_model:/home/matus/ros2_ws/install/rrm_sim:/home/matus/ros2_ws/install/block2_matuska:/home/matus/ros2_ws/install/block1_matuska:/home/matus/ros2_ws/install/matuska_interface:/home/matus/ros2_ws/install/eigen_example:/home/matus/ros2_ws/install/cviko1:/home/matus/ros2_ws/install/cv1:/home/matus/ros2_ws/install/abb_model:/home/matus/ros2_ws/src/install/rrm_simple_robot_model:/home/matus/ros2_ws/src/install/rrm_sim:/home/matus/ros2_ws/src/install/block1_matuska:/home/matus/ros2_ws/src/install/rrm_msgs:/home/matus/ros2_ws/src/install/matuska_interface:/opt/ros/jazzy/opt/gz_math_vendor:/opt/ros/jazzy/opt/gz_utils_vendor:/opt/ros/jazzy/opt/gz_cmake_vendor:/opt/ros/jazzy DEBUGINFOD_URLS=https://debuginfod.ubuntu.com /usr/bin/cmake --build /home/matus/ros2_ws/build/block2_matuska -- -j12 -l12
[0.077s] [ 50%] [32mBuilding CXX object CMakeFiles/zadanie2_node.dir/src/zadanie2_node.cpp.o[0m
[2.654s] [01m[K/home/matus/ros2_ws/src/block2_matuska/src/zadanie2_node.cpp:[m[K In function â€˜[01m[KEigen::VectorXd[01;32m[K Koeficienty[m[K(double, double, double, double, double, double)[m[Kâ€™:
[2.654s] [01m[K/home/matus/ros2_ws/src/block2_matuska/src/zadanie2_node.cpp:21:5:[m[K [01;31m[Kerror: [m[Kâ€˜[01m[KvKoef[m[Kâ€™ was not declared in this scope
[2.654s]    21 |     [01;31m[KvKoef[m[K << poloha0, rychlost0, zrychlenie0, polohaf, rychlostf, zrychlenief;
[2.654s]       |     [01;31m[K^~~~~[m[K
[2.657s] In file included from [01m[K/opt/ros/jazzy/include/rclcpp/rclcpp/copy_all_parameter_values.hpp:27[m[K,
[2.657s]                  from [01m[K/opt/ros/jazzy/include/rclcpp/rclcpp/rclcpp.hpp:171[m[K,
[2.657s]                  from [01m[K/home/matus/ros2_ws/src/block2_matuska/src/zadanie2_node.cpp:1[m[K:
[2.657s] [01m[K/home/matus/ros2_ws/src/block2_matuska/src/zadanie2_node.cpp:22:24:[m[K [01;31m[Kerror: [m[Kâ€˜[01m[Knode[m[Kâ€™ was not declared in this scope
[2.657s]    22 |     RCLCPP_INFO_STREAM([01;31m[Knode[m[K->get_logger(), "vKoef = \n" << vKoef);
[2.658s]       |                        [01;31m[K^~~~[m[K
[2.658s] [01m[K/home/matus/ros2_ws/src/block2_matuska/src/zadanie2_node.cpp:22:5:[m[K [01;31m[Kerror: [m[Ktemplate argument 1 is invalid
[2.658s]    22 |     [01;31m[KRCLCPP_INFO_STREAM[m[K(node->get_logger(), "vKoef = \n" << vKoef);
[2.658s]       |     [01;31m[K^~~~~~~~~~~~~~~~~~[m[K
[2.658s] [01m[K/home/matus/ros2_ws/src/block2_matuska/src/zadanie2_node.cpp:22:5:[m[K [01;31m[Kerror: [m[Ktemplate argument 1 is invalid
[2.658s]    22 |     [01;31m[KRCLCPP_INFO_STREAM[m[K(node->get_logger(), "vKoef = \n" << vKoef);
[2.658s]       |     [01;31m[K^~~~~~~~~~~~~~~~~~[m[K
[2.658s] [01m[K/home/matus/ros2_ws/src/block2_matuska/src/zadanie2_node.cpp:22:5:[m[K [01;31m[Kerror: [m[Ktemplate argument 1 is invalid
[2.658s]    22 |     [01;31m[KRCLCPP_INFO_STREAM[m[K(node->get_logger(), "vKoef = \n" << vKoef);
[2.658s]       |     [01;31m[K^~~~~~~~~~~~~~~~~~[m[K
[2.673s] [01m[K/home/matus/ros2_ws/src/block2_matuska/src/zadanie2_node.cpp:[m[K At global scope:
[2.673s] [01m[K/home/matus/ros2_ws/src/block2_matuska/src/zadanie2_node.cpp:36:5:[m[K [01;31m[Kerror: [m[Kâ€˜[01m[Kv1[m[Kâ€™ does not name a type
[2.673s]    36 |     [01;31m[Kv1[m[K << 1, 2, 3;
[2.673s]       |     [01;31m[K^~[m[K
[2.673s] [01m[K/home/matus/ros2_ws/src/block2_matuska/src/zadanie2_node.cpp:37:5:[m[K [01;31m[Kerror: [m[Kexpected unqualified-id before â€˜[01m[Kdo[m[Kâ€™
[2.673s]    37 |     [01;31m[KRCLCPP_INFO_STREAM[m[K(node->get_logger(), "v1 = \n" << v1);
[2.673s]       |     [01;31m[K^~~~~~~~~~~~~~~~~~[m[K
[2.673s] [01m[K/home/matus/ros2_ws/src/block2_matuska/src/zadanie2_node.cpp:37:5:[m[K [01;31m[Kerror: [m[Kexpected unqualified-id before â€˜[01m[Kwhile[m[Kâ€™
[2.673s]    37 |     [01;31m[KRCLCPP_INFO_STREAM[m[K(node->get_logger(), "v1 = \n" << v1);
[2.673s]       |     [01;31m[K^~~~~~~~~~~~~~~~~~[m[K
[4.688s] gmake[2]: *** [CMakeFiles/zadanie2_node.dir/build.make:76: CMakeFiles/zadanie2_node.dir/src/zadanie2_node.cpp.o] Error 1
[4.688s] gmake[1]: *** [CMakeFiles/Makefile2:137: CMakeFiles/zadanie2_node.dir/all] Error 2
[4.688s] gmake: *** [Makefile:146: all] Error 2
[4.691s] Invoked command in '/home/matus/ros2_ws/build/block2_matuska' returned '2': CMAKE_PREFIX_PATH=/home/matus/ros2_ws/install/rrm_msgs:/home/matus/ros2_ws/install/trajectory_visualization:/home/matus/ros2_ws/install/rrm_simple_robot_model:/home/matus/ros2_ws/install/rrm_sim:/home/matus/ros2_ws/install/block2_matuska:/home/matus/ros2_ws/install/block1_matuska:/home/matus/ros2_ws/install/matuska_interface:/home/matus/ros2_ws/install/eigen_example:/home/matus/ros2_ws/install/cviko1:/home/matus/ros2_ws/install/cv1:/home/matus/ros2_ws/install/abb_model:/home/matus/ros2_ws/src/install/rrm_simple_robot_model:/home/matus/ros2_ws/src/install/rrm_sim:/home/matus/ros2_ws/src/install/block1_matuska:/home/matus/ros2_ws/src/install/rrm_msgs:/home/matus/ros2_ws/src/install/matuska_interface:/opt/ros/jazzy/opt/gz_math_vendor:/opt/ros/jazzy/opt/gz_utils_vendor:/opt/ros/jazzy/opt/gz_cmake_vendor:/opt/ros/jazzy DEBUGINFOD_URLS=https://debuginfod.ubuntu.com /usr/bin/cmake --build /home/matus/ros2_ws/build/block2_matuska -- -j12 -l12
