[ 50%] [32mBuilding CXX object CMakeFiles/teleop_node.dir/src/teleop_node.cpp.o[0m
[01m[K/home/matus/ros2_ws/src/block1_matuska/src/teleop_node.cpp:[m[K In function â€˜[01m[Kint[01;32m[K main[m[K(int, char**)[m[Kâ€™:
[01m[K/home/matus/ros2_ws/src/block1_matuska/src/teleop_node.cpp:34:7:[m[K [01;31m[Kerror: [m[Kexpected â€˜[01m[K([m[Kâ€™ before â€˜[01m[KTrue[m[Kâ€™
   34 | while [01;31m[KT[m[K[32m[Krue[m[K:
      |       [01;31m[K^[m[K[32m[K~~~[m[K
      |       [32m[K([m[K
[01m[K/home/matus/ros2_ws/src/block1_matuska/src/teleop_node.cpp:34:11:[m[K [01;31m[Kerror: [m[Kfound â€˜[01m[K:[m[Kâ€™ in nested-name-specifier, expected â€˜[01m[K::[m[Kâ€™
   34 | while True[01;31m[K:[m[K
      |           [01;31m[K^[m[K
      |           [32m[K::[m[K
[01m[K/home/matus/ros2_ws/src/block1_matuska/src/teleop_node.cpp:34:7:[m[K [01;31m[Kerror: [m[Kâ€˜[01m[KTrue[m[Kâ€™ has not been declared
   34 | while [01;31m[KTrue[m[K:
      |       [01;31m[K^~~~[m[K
[01m[K/home/matus/ros2_ws/src/block1_matuska/src/teleop_node.cpp:36:11:[m[K [01;31m[Kerror: [m[Kâ€˜[01m[Kinput[m[Kâ€™ was not declared in this scope; did you mean â€˜[01m[Kint[m[Kâ€™?
   36 |     klb = [01;31m[Kinput[m[K("Zadaj hodnotu pre klb: ")
      |           [01;31m[K^~~~~[m[K
      |           [32m[Kint[m[K
[01m[K/home/matus/ros2_ws/src/block1_matuska/src/teleop_node.cpp:36:43:[m[K [01;31m[Kerror: [m[Kexpected â€˜[01m[K)[m[Kâ€™ before â€˜[01m[Kposun[m[Kâ€™
   36 |     klb = input("Zadaj hodnotu pre klb: ")
      |                                           [01;31m[K^[m[K
      |                                           [32m[K)[m[K
   37 |     [32m[Kposun[m[K = input("Zadaj hodnotu pre posun: ")
      |     [32m[K~~~~~[m[K                                  
[01m[K/home/matus/ros2_ws/src/block1_matuska/src/teleop_node.cpp:34:7:[m[K [01;36m[Knote: [m[Kto match this â€˜[01m[K([m[Kâ€™
   34 | while [01;36m[KTrue[m[K:
      |       [01;36m[K^~~~[m[K
[01m[K/home/matus/ros2_ws/src/block1_matuska/src/teleop_node.cpp:37:5:[m[K [01;31m[Kerror: [m[Kâ€˜[01m[Kposun[m[Kâ€™ was not declared in this scope
   37 |     [01;31m[Kposun[m[K = input("Zadaj hodnotu pre posun: ")
      |     [01;31m[K^~~~~[m[K
gmake[2]: *** [CMakeFiles/teleop_node.dir/build.make:76: CMakeFiles/teleop_node.dir/src/teleop_node.cpp.o] Error 1
gmake[1]: *** [CMakeFiles/Makefile2:137: CMakeFiles/teleop_node.dir/all] Error 2
gmake: *** [Makefile:146: all] Error 2
