[0.017s] Invoking command in '/home/matus/ros2_ws/build/block1_matuska': CMAKE_PREFIX_PATH=/home/matus/ros2_ws/install/rrm_msgs:/home/matus/ros2_ws/install/rrm_simple_robot_model:/home/matus/ros2_ws/install/rrm_sim:/home/matus/ros2_ws/install/block1_matuska:/home/matus/ros2_ws/install/cviko1:/home/matus/ros2_ws/install/cv1:/opt/ros/jazzy/opt/gz_math_vendor:/opt/ros/jazzy/opt/gz_utils_vendor:/opt/ros/jazzy/opt/gz_cmake_vendor:/opt/ros/jazzy DEBUGINFOD_URLS=https://debuginfod.ubuntu.com /usr/bin/cmake --build /home/matus/ros2_ws/build/block1_matuska -- -j12 -l12
[0.113s] [ 50%] Built target logger_node
[0.119s] [ 75%] [32mBuilding CXX object CMakeFiles/teleop_node.dir/src/teleop_node.cpp.o[0m
[2.370s] [01m[K/home/matus/ros2_ws/src/block1_matuska/src/teleop_node.cpp:[m[K In function â€˜[01m[Kint[01;32m[K main[m[K()[m[Kâ€™:
[2.371s] [01m[K/home/matus/ros2_ws/src/block1_matuska/src/teleop_node.cpp:95:9:[m[K [01;31m[Kerror: [m[Kâ€˜[01m[Kclcpp[m[Kâ€™ has not been declared
[2.371s]    95 |         [01;31m[Kclcpp[m[K::init(argc, argv);
[2.371s]       |         [01;31m[K^~~~~[m[K
[2.374s] [01m[K/home/matus/ros2_ws/src/block1_matuska/src/teleop_node.cpp:95:21:[m[K [01;31m[Kerror: [m[Kâ€˜[01m[Kargc[m[Kâ€™ was not declared in this scope
[2.374s]    95 |         clcpp::init([01;31m[Kargc[m[K, argv);
[2.374s]       |                     [01;31m[K^~~~[m[K
[2.377s] [01m[K/home/matus/ros2_ws/src/block1_matuska/src/teleop_node.cpp:95:27:[m[K [01;31m[Kerror: [m[Kâ€˜[01m[Kargv[m[Kâ€™ was not declared in this scope
[2.377s]    95 |         clcpp::init(argc, [01;31m[Kargv[m[K);
[2.377s]       |                           [01;31m[K^~~~[m[K
[3.455s] gmake[2]: *** [CMakeFiles/teleop_node.dir/build.make:76: CMakeFiles/teleop_node.dir/src/teleop_node.cpp.o] Error 1
[3.455s] gmake[1]: *** [CMakeFiles/Makefile2:139: CMakeFiles/teleop_node.dir/all] Error 2
[3.455s] gmake: *** [Makefile:146: all] Error 2
[3.458s] Invoked command in '/home/matus/ros2_ws/build/block1_matuska' returned '2': CMAKE_PREFIX_PATH=/home/matus/ros2_ws/install/rrm_msgs:/home/matus/ros2_ws/install/rrm_simple_robot_model:/home/matus/ros2_ws/install/rrm_sim:/home/matus/ros2_ws/install/block1_matuska:/home/matus/ros2_ws/install/cviko1:/home/matus/ros2_ws/install/cv1:/opt/ros/jazzy/opt/gz_math_vendor:/opt/ros/jazzy/opt/gz_utils_vendor:/opt/ros/jazzy/opt/gz_cmake_vendor:/opt/ros/jazzy DEBUGINFOD_URLS=https://debuginfod.ubuntu.com /usr/bin/cmake --build /home/matus/ros2_ws/build/block1_matuska -- -j12 -l12
