[01m[K/home/matus/ros2_ws/src/block2_matuska/src/zadanie2_node.cpp:[m[K In function â€˜[01m[Kint[01;32m[K main[m[K(int, char**)[m[Kâ€™:
[01m[K/home/matus/ros2_ws/src/block2_matuska/src/zadanie2_node.cpp:92:21:[m[K [01;31m[Kerror: [m[Kredeclaration of â€˜[01m[KEigen::MatrixXd klb3m2[m[Kâ€™
   92 |     Eigen::MatrixXd [01;31m[Kklb3m2[m[K(9,9);
      |                     [01;31m[K^~~~~~[m[K
[01m[K/home/matus/ros2_ws/src/block2_matuska/src/zadanie2_node.cpp:87:21:[m[K [01;36m[Knote: [m[Kâ€˜[01m[KEigen::MatrixXd klb3m2[m[Kâ€™ previously declared here
   87 |     Eigen::MatrixXd [01;36m[Kklb3m2[m[K(6,6);
      |                     [01;36m[K^~~~~~[m[K
[01m[K/home/matus/ros2_ws/src/block2_matuska/src/zadanie2_node.cpp:93:5:[m[K [01;31m[Kerror: [m[Kâ€˜[01m[Kklb3m[m[Kâ€™ was not declared in this scope; did you mean â€˜[01m[Kklb3m2[m[Kâ€™?
   93 |     [01;31m[Kklb3m[m[K = Matica2(0,1,4);
      |     [01;31m[K^~~~~[m[K
      |     [32m[Kklb3m2[m[K
[01m[K/home/matus/ros2_ws/src/block2_matuska/src/zadanie2_node.cpp:49:12:[m[K [01;35m[Kwarning: [m[Kunused variable â€˜[01m[Kt0[m[Kâ€™ [[01;35m[K]8;;https://gcc.gnu.org/onlinedocs/gcc/Warning-Options.html#index-Wunused-variable-Wunused-variable]8;;[m[K]
   49 |     double [01;35m[Kt0[m[K = 0;
      |            [01;35m[K^~[m[K
[01m[K/home/matus/ros2_ws/src/block2_matuska/src/zadanie2_node.cpp:50:12:[m[K [01;35m[Kwarning: [m[Kunused variable â€˜[01m[Ktf[m[Kâ€™ [[01;35m[K]8;;https://gcc.gnu.org/onlinedocs/gcc/Warning-Options.html#index-Wunused-variable-Wunused-variable]8;;[m[K]
   50 |     double [01;35m[Ktf[m[K = 4;
      |            [01;35m[K^~[m[K
[01m[K/home/matus/ros2_ws/src/block2_matuska/src/zadanie2_node.cpp:71:12:[m[K [01;35m[Kwarning: [m[Kunused variable â€˜[01m[Kfactor[m[Kâ€™ [[01;35m[K]8;;https://gcc.gnu.org/onlinedocs/gcc/Warning-Options.html#index-Wunused-variable-Wunused-variable]8;;[m[K]
   71 |     double [01;35m[Kfactor[m[K = 0.5; // rad/s
      |            [01;35m[K^~~~~~[m[K
gmake[2]: *** [CMakeFiles/zadanie2_node.dir/build.make:76: CMakeFiles/zadanie2_node.dir/src/zadanie2_node.cpp.o] Error 1
gmake[1]: *** [CMakeFiles/Makefile2:137: CMakeFiles/zadanie2_node.dir/all] Error 2
gmake: *** [Makefile:146: all] Error 2
