[0.012s] Invoking command in '/home/matus/ros2_ws/build/block2_matuska': CMAKE_PREFIX_PATH=/home/matus/ros2_ws/install/rrm_msgs:/home/matus/ros2_ws/install/trajectory_visualization:/home/matus/ros2_ws/install/rrm_simple_robot_model:/home/matus/ros2_ws/install/rrm_sim:/home/matus/ros2_ws/install/block2_matuska:/home/matus/ros2_ws/install/block1_matuska:/home/matus/ros2_ws/install/matuska_interface:/home/matus/ros2_ws/install/eigen_example:/home/matus/ros2_ws/install/cviko1:/home/matus/ros2_ws/install/cv1:/home/matus/ros2_ws/install/abb_model:/home/matus/ros2_ws/src/install/rrm_simple_robot_model:/home/matus/ros2_ws/src/install/rrm_sim:/home/matus/ros2_ws/src/install/block1_matuska:/home/matus/ros2_ws/src/install/rrm_msgs:/home/matus/ros2_ws/src/install/matuska_interface:/opt/ros/jazzy/opt/gz_math_vendor:/opt/ros/jazzy/opt/gz_utils_vendor:/opt/ros/jazzy/opt/gz_cmake_vendor:/opt/ros/jazzy DEBUGINFOD_URLS=https://debuginfod.ubuntu.com /usr/bin/cmake --build /home/matus/ros2_ws/build/block2_matuska -- -j12 -l12
[0.075s] [ 50%] [32mBuilding CXX object CMakeFiles/zadanie2_node.dir/src/zadanie2_node.cpp.o[0m
[2.656s] [01m[K/home/matus/ros2_ws/src/block2_matuska/src/zadanie2_node.cpp:[m[K In function â€˜[01m[Kint[01;32m[K main[m[K(int, char**)[m[Kâ€™:
[2.656s] [01m[K/home/matus/ros2_ws/src/block2_matuska/src/zadanie2_node.cpp:92:21:[m[K [01;31m[Kerror: [m[Kredeclaration of â€˜[01m[KEigen::MatrixXd klb3m2[m[Kâ€™
[2.656s]    92 |     Eigen::MatrixXd [01;31m[Kklb3m2[m[K(9,9);
[2.657s]       |                     [01;31m[K^~~~~~[m[K
[2.657s] [01m[K/home/matus/ros2_ws/src/block2_matuska/src/zadanie2_node.cpp:87:21:[m[K [01;36m[Knote: [m[Kâ€˜[01m[KEigen::MatrixXd klb3m2[m[Kâ€™ previously declared here
[2.657s]    87 |     Eigen::MatrixXd [01;36m[Kklb3m2[m[K(6,6);
[2.657s]       |                     [01;36m[K^~~~~~[m[K
[2.660s] [01m[K/home/matus/ros2_ws/src/block2_matuska/src/zadanie2_node.cpp:93:5:[m[K [01;31m[Kerror: [m[Kâ€˜[01m[Kklb3m[m[Kâ€™ was not declared in this scope; did you mean â€˜[01m[Kklb3m2[m[Kâ€™?
[2.660s]    93 |     [01;31m[Kklb3m[m[K = Matica2(0,1,4);
[2.660s]       |     [01;31m[K^~~~~[m[K
[2.660s]       |     [32m[Kklb3m2[m[K
[2.666s] [01m[K/home/matus/ros2_ws/src/block2_matuska/src/zadanie2_node.cpp:49:12:[m[K [01;35m[Kwarning: [m[Kunused variable â€˜[01m[Kt0[m[Kâ€™ [[01;35m[K]8;;https://gcc.gnu.org/onlinedocs/gcc/Warning-Options.html#index-Wunused-variable-Wunused-variable]8;;[m[K]
[2.666s]    49 |     double [01;35m[Kt0[m[K = 0;
[2.666s]       |            [01;35m[K^~[m[K
[2.666s] [01m[K/home/matus/ros2_ws/src/block2_matuska/src/zadanie2_node.cpp:50:12:[m[K [01;35m[Kwarning: [m[Kunused variable â€˜[01m[Ktf[m[Kâ€™ [[01;35m[K]8;;https://gcc.gnu.org/onlinedocs/gcc/Warning-Options.html#index-Wunused-variable-Wunused-variable]8;;[m[K]
[2.667s]    50 |     double [01;35m[Ktf[m[K = 4;
[2.667s]       |            [01;35m[K^~[m[K
[2.667s] [01m[K/home/matus/ros2_ws/src/block2_matuska/src/zadanie2_node.cpp:71:12:[m[K [01;35m[Kwarning: [m[Kunused variable â€˜[01m[Kfactor[m[Kâ€™ [[01;35m[K]8;;https://gcc.gnu.org/onlinedocs/gcc/Warning-Options.html#index-Wunused-variable-Wunused-variable]8;;[m[K]
[2.667s]    71 |     double [01;35m[Kfactor[m[K = 0.5; // rad/s
[2.667s]       |            [01;35m[K^~~~~~[m[K
[3.578s] gmake[2]: *** [CMakeFiles/zadanie2_node.dir/build.make:76: CMakeFiles/zadanie2_node.dir/src/zadanie2_node.cpp.o] Error 1
[3.578s] gmake[1]: *** [CMakeFiles/Makefile2:137: CMakeFiles/zadanie2_node.dir/all] Error 2
[3.579s] gmake: *** [Makefile:146: all] Error 2
[3.581s] Invoked command in '/home/matus/ros2_ws/build/block2_matuska' returned '2': CMAKE_PREFIX_PATH=/home/matus/ros2_ws/install/rrm_msgs:/home/matus/ros2_ws/install/trajectory_visualization:/home/matus/ros2_ws/install/rrm_simple_robot_model:/home/matus/ros2_ws/install/rrm_sim:/home/matus/ros2_ws/install/block2_matuska:/home/matus/ros2_ws/install/block1_matuska:/home/matus/ros2_ws/install/matuska_interface:/home/matus/ros2_ws/install/eigen_example:/home/matus/ros2_ws/install/cviko1:/home/matus/ros2_ws/install/cv1:/home/matus/ros2_ws/install/abb_model:/home/matus/ros2_ws/src/install/rrm_simple_robot_model:/home/matus/ros2_ws/src/install/rrm_sim:/home/matus/ros2_ws/src/install/block1_matuska:/home/matus/ros2_ws/src/install/rrm_msgs:/home/matus/ros2_ws/src/install/matuska_interface:/opt/ros/jazzy/opt/gz_math_vendor:/opt/ros/jazzy/opt/gz_utils_vendor:/opt/ros/jazzy/opt/gz_cmake_vendor:/opt/ros/jazzy DEBUGINFOD_URLS=https://debuginfod.ubuntu.com /usr/bin/cmake --build /home/matus/ros2_ws/build/block2_matuska -- -j12 -l12
