[01m[K/home/matus/ros2_ws/src/block2_matuska/src/zadanie2_node.cpp:37:5:[m[K [01;31m[Kerror: [m[Kâ€˜[01m[Kv1[m[Kâ€™ does not name a type
   37 |     [01;31m[Kv1[m[K << 1, 2, 3;
      |     [01;31m[K^~[m[K
In file included from [01m[K/opt/ros/jazzy/include/rclcpp/rclcpp/copy_all_parameter_values.hpp:27[m[K,
                 from [01m[K/opt/ros/jazzy/include/rclcpp/rclcpp/rclcpp.hpp:171[m[K,
                 from [01m[K/home/matus/ros2_ws/src/block2_matuska/src/zadanie2_node.cpp:1[m[K:
[01m[K/home/matus/ros2_ws/src/block2_matuska/src/zadanie2_node.cpp:38:5:[m[K [01;31m[Kerror: [m[Kexpected unqualified-id before â€˜[01m[Kdo[m[Kâ€™
   38 |     [01;31m[KRCLCPP_INFO_STREAM[m[K(node->get_logger(), "v1 = \n" << v1);
      |     [01;31m[K^~~~~~~~~~~~~~~~~~[m[K
[01m[K/home/matus/ros2_ws/src/block2_matuska/src/zadanie2_node.cpp:38:5:[m[K [01;31m[Kerror: [m[Kexpected unqualified-id before â€˜[01m[Kwhile[m[Kâ€™
   38 |     [01;31m[KRCLCPP_INFO_STREAM[m[K(node->get_logger(), "v1 = \n" << v1);
      |     [01;31m[K^~~~~~~~~~~~~~~~~~[m[K
gmake[2]: *** [CMakeFiles/zadanie2_node.dir/build.make:76: CMakeFiles/zadanie2_node.dir/src/zadanie2_node.cpp.o] Error 1
gmake[1]: *** [CMakeFiles/Makefile2:137: CMakeFiles/zadanie2_node.dir/all] Error 2
gmake: *** [Makefile:146: all] Error 2
