[0.013s] Invoking command in '/home/matus/ros2_ws/build/block2_matuska': CMAKE_PREFIX_PATH=/home/matus/ros2_ws/install/rrm_msgs:/home/matus/ros2_ws/install/trajectory_visualization:/home/matus/ros2_ws/install/rrm_simple_robot_model:/home/matus/ros2_ws/install/rrm_sim:/home/matus/ros2_ws/install/block2_matuska:/home/matus/ros2_ws/install/block1_matuska:/home/matus/ros2_ws/install/matuska_interface:/home/matus/ros2_ws/install/ik_solver_example:/home/matus/ros2_ws/install/eigen_example:/home/matus/ros2_ws/install/cviko1:/home/matus/ros2_ws/install/cv1:/home/matus/ros2_ws/install/abb_model:/home/matus/ros2_ws/install/abb_irb4600_ikfast:/home/matus/ros2_ws/src/install/rrm_simple_robot_model:/home/matus/ros2_ws/src/install/rrm_sim:/home/matus/ros2_ws/src/install/block1_matuska:/home/matus/ros2_ws/src/install/rrm_msgs:/home/matus/ros2_ws/src/install/matuska_interface:/opt/ros/jazzy/opt/gz_math_vendor:/opt/ros/jazzy/opt/gz_utils_vendor:/opt/ros/jazzy/opt/gz_cmake_vendor:/opt/ros/jazzy DEBUGINFOD_URLS=https://debuginfod.ubuntu.com /usr/bin/cmake --build /home/matus/ros2_ws/build/block2_matuska -- -j12 -l12
[0.079s] [ 50%] Built target zadanie2_node
[0.081s] [ 75%] [32mBuilding CXX object CMakeFiles/zadanie22_node.dir/src/zadanie22_node.cpp.o[0m
[2.765s] [01m[K/home/matus/ros2_ws/src/block2_matuska/src/zadanie22_node.cpp:[m[K In function â€˜[01m[Kint[01;32m[K main[m[K(int, char**)[m[Kâ€™:
[2.765s] [01m[K/home/matus/ros2_ws/src/block2_matuska/src/zadanie22_node.cpp:335:27:[m[K [01;31m[Kerror: [m[Kvariable â€˜[01m[Kstd::ofstream csvFile1[m[Kâ€™ has initializer but incomplete type
[2.765s]   335 |     std::ofstream csvFile1[01;31m[K([m[K"y_params.csv");
[2.765s]       |                           [01;31m[K^[m[K
[2.765s] [01m[K/home/matus/ros2_ws/src/block2_matuska/src/zadanie22_node.cpp:336:27:[m[K [01;31m[Kerror: [m[Kvariable â€˜[01m[Kstd::ofstream csvFile2[m[Kâ€™ has initializer but incomplete type
[2.765s]   336 |     std::ofstream csvFile2[01;31m[K([m[K"z_params.csv");
[2.765s]       |                           [01;31m[K^[m[K
[2.765s] [01m[K/home/matus/ros2_ws/src/block2_matuska/src/zadanie22_node.cpp:337:27:[m[K [01;31m[Kerror: [m[Kvariable â€˜[01m[Kstd::ofstream csvFile3[m[Kâ€™ has initializer but incomplete type
[2.765s]   337 |     std::ofstream csvFile3[01;31m[K([m[K"z_params.csv");
[2.765s]       |                           [01;31m[K^[m[K
[2.771s] [01m[K/home/matus/ros2_ws/src/block2_matuska/src/zadanie22_node.cpp:415:17:[m[K [01;31m[Kerror: [m[Kâ€˜[01m[Kcsv_file_[m[Kâ€™ was not declared in this scope
[2.771s]   415 |                 [01;31m[Kcsv_file_[m[K << t << ","
[2.771s]       |                 [01;31m[K^~~~~~~~~[m[K
[2.775s] [01m[K/home/matus/ros2_ws/src/block2_matuska/src/zadanie22_node.cpp:416:30:[m[K [01;31m[Kerror: [m[Kâ€˜[01m[Kjoint_state_[m[Kâ€™ was not declared in this scope; did you mean â€˜[01m[Kjoint_state[m[Kâ€™?
[2.775s]   416 |                           << [01;31m[Kjoint_state_[m[K.position[0] << "," << joint_state_.velocity[0] << "," << joint_state_.effort[0] << "\n";
[2.775s]       |                              [01;31m[K^~~~~~~~~~~~[m[K
[2.775s]       |                              [32m[Kjoint_state[m[K
[2.783s] [01m[K/home/matus/ros2_ws/src/block2_matuska/src/zadanie22_node.cpp:427:5:[m[K [01;31m[Kerror: [m[Kâ€˜[01m[KcsvFile[m[Kâ€™ was not declared in this scope
[2.783s]   427 |     [01;31m[KcsvFile[m[K.close();
[2.783s]       |     [01;31m[K^~~~~~~[m[K
[5.254s] gmake[2]: *** [CMakeFiles/zadanie22_node.dir/build.make:76: CMakeFiles/zadanie22_node.dir/src/zadanie22_node.cpp.o] Error 1
[5.254s] gmake[1]: *** [CMakeFiles/Makefile2:165: CMakeFiles/zadanie22_node.dir/all] Error 2
[5.254s] gmake: *** [Makefile:146: all] Error 2
[5.257s] Invoked command in '/home/matus/ros2_ws/build/block2_matuska' returned '2': CMAKE_PREFIX_PATH=/home/matus/ros2_ws/install/rrm_msgs:/home/matus/ros2_ws/install/trajectory_visualization:/home/matus/ros2_ws/install/rrm_simple_robot_model:/home/matus/ros2_ws/install/rrm_sim:/home/matus/ros2_ws/install/block2_matuska:/home/matus/ros2_ws/install/block1_matuska:/home/matus/ros2_ws/install/matuska_interface:/home/matus/ros2_ws/install/ik_solver_example:/home/matus/ros2_ws/install/eigen_example:/home/matus/ros2_ws/install/cviko1:/home/matus/ros2_ws/install/cv1:/home/matus/ros2_ws/install/abb_model:/home/matus/ros2_ws/install/abb_irb4600_ikfast:/home/matus/ros2_ws/src/install/rrm_simple_robot_model:/home/matus/ros2_ws/src/install/rrm_sim:/home/matus/ros2_ws/src/install/block1_matuska:/home/matus/ros2_ws/src/install/rrm_msgs:/home/matus/ros2_ws/src/install/matuska_interface:/opt/ros/jazzy/opt/gz_math_vendor:/opt/ros/jazzy/opt/gz_utils_vendor:/opt/ros/jazzy/opt/gz_cmake_vendor:/opt/ros/jazzy DEBUGINFOD_URLS=https://debuginfod.ubuntu.com /usr/bin/cmake --build /home/matus/ros2_ws/build/block2_matuska -- -j12 -l12
