[0.011s] Invoking command in '/home/matus/ros2_ws/build/block1_matuska': CMAKE_PREFIX_PATH=/home/matus/ros2_ws/install/rrm_msgs:/home/matus/ros2_ws/install/rrm_simple_robot_model:/home/matus/ros2_ws/install/rrm_sim:/home/matus/ros2_ws/install/block1_matuska:/home/matus/ros2_ws/install/cviko1:/home/matus/ros2_ws/install/cv1:/opt/ros/jazzy/opt/gz_math_vendor:/opt/ros/jazzy/opt/gz_utils_vendor:/opt/ros/jazzy/opt/gz_cmake_vendor:/opt/ros/jazzy DEBUGINFOD_URLS=https://debuginfod.ubuntu.com /usr/bin/cmake --build /home/matus/ros2_ws/build/block1_matuska -- -j12 -l12
[0.071s] [ 50%] [32mBuilding CXX object CMakeFiles/logger_node.dir/src/logger_node.cpp.o[0m
[0.072s] [ 50%] [32mBuilding CXX object CMakeFiles/teleop_node.dir/src/teleop_node.cpp.o[0m
[2.250s] [01m[K/home/matus/ros2_ws/src/block1_matuska/src/teleop_node.cpp:25:1:[m[K [01;31m[Kerror: [m[Kexpected unqualified-id before â€˜[01m[Kwhile[m[Kâ€™
[2.250s]    25 | [01;31m[Kwhile[m[K (!client_ ->wait_for_service (std::chrono::seconds (1))) {
[2.250s]       | [01;31m[K^~~~~[m[K
[2.253s] [01m[K/home/matus/ros2_ws/src/block1_matuska/src/teleop_node.cpp:[m[K In function â€˜[01m[Kint[01;32m[K main[m[K(int, char**)[m[Kâ€™:
[2.253s] [01m[K/home/matus/ros2_ws/src/block1_matuska/src/teleop_node.cpp:42:14:[m[K [01;35m[Kwarning: [m[Kunused parameter â€˜[01m[Kargc[m[Kâ€™ [[01;35m[K]8;;https://gcc.gnu.org/onlinedocs/gcc/Warning-Options.html#index-Wunused-parameter-Wunused-parameter]8;;[m[K]
[2.253s]    42 | int main([01;35m[Kint argc[m[K, char ** argv)
[2.253s]       |          [01;35m[K~~~~^~~~[m[K
[2.253s] [01m[K/home/matus/ros2_ws/src/block1_matuska/src/teleop_node.cpp:42:28:[m[K [01;35m[Kwarning: [m[Kunused parameter â€˜[01m[Kargv[m[Kâ€™ [[01;35m[K]8;;https://gcc.gnu.org/onlinedocs/gcc/Warning-Options.html#index-Wunused-parameter-Wunused-parameter]8;;[m[K]
[2.253s]    42 | int main(int argc, [01;35m[Kchar ** argv[m[K)
[2.253s]       |                    [01;35m[K~~~~~~~~^~~~[m[K
[2.253s] [01m[K/home/matus/ros2_ws/src/block1_matuska/src/teleop_node.cpp:[m[K At global scope:
[2.253s] [01m[K/home/matus/ros2_ws/src/block1_matuska/src/teleop_node.cpp:75:1:[m[K [01;31m[Kerror: [m[Kexpected unqualified-id before â€˜[01m[Kif[m[Kâ€™
[2.253s]    75 | [01;31m[Kif[m[K (rclcpp::spin_until_future_complete(this->get_node_base_interface(), result) !=
[2.253s]       | [01;31m[K^~[m[K
[2.257s] [01m[K/home/matus/ros2_ws/src/block1_matuska/src/teleop_node.cpp:81:17:[m[K [01;31m[Kerror: [m[Kâ€˜[01m[Kresult[m[Kâ€™ was not declared in this scope
[2.257s]    81 | auto response = [01;31m[Kresult[m[K.get();
[2.257s]       |                 [01;31m[K^~~~~~[m[K
[2.257s] In file included from [01m[K/opt/ros/jazzy/include/rclcpp/rclcpp/copy_all_parameter_values.hpp:27[m[K,
[2.257s]                  from [01m[K/opt/ros/jazzy/include/rclcpp/rclcpp/rclcpp.hpp:171[m[K,
[2.257s]                  from [01m[K/home/matus/ros2_ws/src/block1_matuska/src/teleop_node.cpp:1[m[K:
[2.257s] [01m[K/home/matus/ros2_ws/src/block1_matuska/src/teleop_node.cpp:82:1:[m[K [01;31m[Kerror: [m[Kexpected unqualified-id before â€˜[01m[Kdo[m[Kâ€™
[2.257s]    82 | [01;31m[KRCLCPP_INFO[m[K(this->get_logger(), "Service call succeeded: result_code = %d, message = %s",
[2.258s]       | [01;31m[K^~~~~~~~~~~[m[K
[2.258s] [01m[K/home/matus/ros2_ws/src/block1_matuska/src/teleop_node.cpp:82:1:[m[K [01;31m[Kerror: [m[Kexpected unqualified-id before â€˜[01m[Kwhile[m[Kâ€™
[2.258s]    82 | [01;31m[KRCLCPP_INFO[m[K(this->get_logger(), "Service call succeeded: result_code = %d, message = %s",
[2.258s]       | [01;31m[K^~~~~~~~~~~[m[K
[2.258s] [01m[K/home/matus/ros2_ws/src/block1_matuska/src/teleop_node.cpp:84:1:[m[K [01;31m[Kerror: [m[Kexpected unqualified-id before â€˜[01m[Kreturn[m[Kâ€™
[2.258s]    84 | [01;31m[Kreturn[m[K true;
[2.258s]       | [01;31m[K^~~~~~[m[K
[3.064s] gmake[2]: *** [CMakeFiles/teleop_node.dir/build.make:76: CMakeFiles/teleop_node.dir/src/teleop_node.cpp.o] Error 1
[3.064s] gmake[1]: *** [CMakeFiles/Makefile2:139: CMakeFiles/teleop_node.dir/all] Error 2
[3.064s] gmake[1]: *** Waiting for unfinished jobs....
[7.022s] [ 75%] [32m[1mLinking CXX executable logger_node[0m
[7.242s] [ 75%] Built target logger_node
[7.244s] gmake: *** [Makefile:146: all] Error 2
[7.247s] Invoked command in '/home/matus/ros2_ws/build/block1_matuska' returned '2': CMAKE_PREFIX_PATH=/home/matus/ros2_ws/install/rrm_msgs:/home/matus/ros2_ws/install/rrm_simple_robot_model:/home/matus/ros2_ws/install/rrm_sim:/home/matus/ros2_ws/install/block1_matuska:/home/matus/ros2_ws/install/cviko1:/home/matus/ros2_ws/install/cv1:/opt/ros/jazzy/opt/gz_math_vendor:/opt/ros/jazzy/opt/gz_utils_vendor:/opt/ros/jazzy/opt/gz_cmake_vendor:/opt/ros/jazzy DEBUGINFOD_URLS=https://debuginfod.ubuntu.com /usr/bin/cmake --build /home/matus/ros2_ws/build/block1_matuska -- -j12 -l12
