[ 50%] Built target zadanie2_node
[ 75%] [32mBuilding CXX object CMakeFiles/zadanie22_node.dir/src/zadanie22_node.cpp.o[0m
[01m[K/home/matus/ros2_ws/src/block2_matuska/src/zadanie22_node.cpp:8:36:[m[K [01;31m[Kerror: [m[Kâ€˜[01m[KVector6d[m[Kâ€™ in namespace â€˜[01m[KEigen[m[Kâ€™ does not name a type; did you mean â€˜[01m[KVectorXd[m[Kâ€™?
    8 | void computeIKForPose(const Eigen::[01;31m[KVector6d[m[K& pose_vector)
      |                                    [01;31m[K^~~~~~~~[m[K
      |                                    [32m[KVectorXd[m[K
[01m[K/home/matus/ros2_ws/src/block2_matuska/src/zadanie22_node.cpp:[m[K In function â€˜[01m[Kvoid[01;32m[K computeIKForPose[m[K(const int&)[m[Kâ€™:
[01m[K/home/matus/ros2_ws/src/block2_matuska/src/zadanie22_node.cpp:14:27:[m[K [01;31m[Kerror: [m[Kinvalid types â€˜[01m[Kconst int[int][m[Kâ€™ for array subscript
   14 |     double x = pose_vector[01;31m[K[[m[K0];
      |                           [01;31m[K^[m[K
[01m[K/home/matus/ros2_ws/src/block2_matuska/src/zadanie22_node.cpp:15:27:[m[K [01;31m[Kerror: [m[Kinvalid types â€˜[01m[Kconst int[int][m[Kâ€™ for array subscript
   15 |     double y = pose_vector[01;31m[K[[m[K1];
      |                           [01;31m[K^[m[K
[01m[K/home/matus/ros2_ws/src/block2_matuska/src/zadanie22_node.cpp:16:27:[m[K [01;31m[Kerror: [m[Kinvalid types â€˜[01m[Kconst int[int][m[Kâ€™ for array subscript
   16 |     double z = pose_vector[01;31m[K[[m[K2];
      |                           [01;31m[K^[m[K
[01m[K/home/matus/ros2_ws/src/block2_matuska/src/zadanie22_node.cpp:17:28:[m[K [01;31m[Kerror: [m[Kinvalid types â€˜[01m[Kconst int[int][m[Kâ€™ for array subscript
   17 |     double rx = pose_vector[01;31m[K[[m[K3];
      |                            [01;31m[K^[m[K
[01m[K/home/matus/ros2_ws/src/block2_matuska/src/zadanie22_node.cpp:18:28:[m[K [01;31m[Kerror: [m[Kinvalid types â€˜[01m[Kconst int[int][m[Kâ€™ for array subscript
   18 |     double ry = pose_vector[01;31m[K[[m[K4];
      |                            [01;31m[K^[m[K
[01m[K/home/matus/ros2_ws/src/block2_matuska/src/zadanie22_node.cpp:19:28:[m[K [01;31m[Kerror: [m[Kinvalid types â€˜[01m[Kconst int[int][m[Kâ€™ for array subscript
   19 |     double rz = pose_vector[01;31m[K[[m[K5];
      |                            [01;31m[K^[m[K
[01m[K/home/matus/ros2_ws/src/block2_matuska/src/zadanie22_node.cpp:[m[K In function â€˜[01m[Kint[01;32m[K main[m[K(int, char**)[m[Kâ€™:
[01m[K/home/matus/ros2_ws/src/block2_matuska/src/zadanie22_node.cpp:50:12:[m[K [01;31m[Kerror: [m[Kâ€˜[01m[KVector6d[m[Kâ€™ is not a member of â€˜[01m[KEigen[m[Kâ€™; did you mean â€˜[01m[KVectorXd[m[Kâ€™?
   50 |     Eigen::[01;31m[KVector6d[m[K pose_vector;
      |            [01;31m[K^~~~~~~~[m[K
      |            [32m[KVectorXd[m[K
[01m[K/home/matus/ros2_ws/src/block2_matuska/src/zadanie22_node.cpp:51:5:[m[K [01;31m[Kerror: [m[Kâ€˜[01m[Kpose_vector[m[Kâ€™ was not declared in this scope
   51 |     [01;31m[Kpose_vector[m[K << 0.000872, 0.0, 2.490139, 0, 0, 0; // Example values for position and orientation
      |     [01;31m[K^~~~~~~~~~~[m[K
gmake[2]: *** [CMakeFiles/zadanie22_node.dir/build.make:76: CMakeFiles/zadanie22_node.dir/src/zadanie22_node.cpp.o] Error 1
gmake[1]: *** [CMakeFiles/Makefile2:165: CMakeFiles/zadanie22_node.dir/all] Error 2
gmake: *** [Makefile:146: all] Error 2
