[0.013s] Invoking command in '/home/matus/ros2_ws/build/block2_matuska': CMAKE_PREFIX_PATH=/home/matus/ros2_ws/install/rrm_msgs:/home/matus/ros2_ws/install/trajectory_visualization:/home/matus/ros2_ws/install/rrm_simple_robot_model:/home/matus/ros2_ws/install/rrm_sim:/home/matus/ros2_ws/install/block2_matuska:/home/matus/ros2_ws/install/block1_matuska:/home/matus/ros2_ws/install/matuska_interface:/home/matus/ros2_ws/install/ik_solver_example:/home/matus/ros2_ws/install/eigen_example:/home/matus/ros2_ws/install/cviko1:/home/matus/ros2_ws/install/cv1:/home/matus/ros2_ws/install/abb_model:/home/matus/ros2_ws/install/abb_irb4600_ikfast:/home/matus/ros2_ws/src/install/rrm_simple_robot_model:/home/matus/ros2_ws/src/install/rrm_sim:/home/matus/ros2_ws/src/install/block1_matuska:/home/matus/ros2_ws/src/install/rrm_msgs:/home/matus/ros2_ws/src/install/matuska_interface:/opt/ros/jazzy/opt/gz_math_vendor:/opt/ros/jazzy/opt/gz_utils_vendor:/opt/ros/jazzy/opt/gz_cmake_vendor:/opt/ros/jazzy DEBUGINFOD_URLS=https://debuginfod.ubuntu.com /usr/bin/cmake --build /home/matus/ros2_ws/build/block2_matuska -- -j12 -l12
[0.067s] [ 50%] Built target zadanie2_node
[0.071s] [ 75%] [32mBuilding CXX object CMakeFiles/zadanie22_node.dir/src/zadanie22_node.cpp.o[0m
[2.411s] [01m[K/home/matus/ros2_ws/src/block2_matuska/src/zadanie22_node.cpp:8:36:[m[K [01;31m[Kerror: [m[Kâ€˜[01m[KVector6d[m[Kâ€™ in namespace â€˜[01m[KEigen[m[Kâ€™ does not name a type; did you mean â€˜[01m[KVectorXd[m[Kâ€™?
[2.411s]     8 | void computeIKForPose(const Eigen::[01;31m[KVector6d[m[K& pose_vector)
[2.411s]       |                                    [01;31m[K^~~~~~~~[m[K
[2.412s]       |                                    [32m[KVectorXd[m[K
[2.412s] [01m[K/home/matus/ros2_ws/src/block2_matuska/src/zadanie22_node.cpp:[m[K In function â€˜[01m[Kvoid[01;32m[K computeIKForPose[m[K(const int&)[m[Kâ€™:
[2.412s] [01m[K/home/matus/ros2_ws/src/block2_matuska/src/zadanie22_node.cpp:14:27:[m[K [01;31m[Kerror: [m[Kinvalid types â€˜[01m[Kconst int[int][m[Kâ€™ for array subscript
[2.412s]    14 |     double x = pose_vector[01;31m[K[[m[K0];
[2.412s]       |                           [01;31m[K^[m[K
[2.412s] [01m[K/home/matus/ros2_ws/src/block2_matuska/src/zadanie22_node.cpp:15:27:[m[K [01;31m[Kerror: [m[Kinvalid types â€˜[01m[Kconst int[int][m[Kâ€™ for array subscript
[2.412s]    15 |     double y = pose_vector[01;31m[K[[m[K1];
[2.412s]       |                           [01;31m[K^[m[K
[2.412s] [01m[K/home/matus/ros2_ws/src/block2_matuska/src/zadanie22_node.cpp:16:27:[m[K [01;31m[Kerror: [m[Kinvalid types â€˜[01m[Kconst int[int][m[Kâ€™ for array subscript
[2.412s]    16 |     double z = pose_vector[01;31m[K[[m[K2];
[2.413s]       |                           [01;31m[K^[m[K
[2.413s] [01m[K/home/matus/ros2_ws/src/block2_matuska/src/zadanie22_node.cpp:17:28:[m[K [01;31m[Kerror: [m[Kinvalid types â€˜[01m[Kconst int[int][m[Kâ€™ for array subscript
[2.413s]    17 |     double rx = pose_vector[01;31m[K[[m[K3];
[2.413s]       |                            [01;31m[K^[m[K
[2.413s] [01m[K/home/matus/ros2_ws/src/block2_matuska/src/zadanie22_node.cpp:18:28:[m[K [01;31m[Kerror: [m[Kinvalid types â€˜[01m[Kconst int[int][m[Kâ€™ for array subscript
[2.413s]    18 |     double ry = pose_vector[01;31m[K[[m[K4];
[2.413s]       |                            [01;31m[K^[m[K
[2.413s] [01m[K/home/matus/ros2_ws/src/block2_matuska/src/zadanie22_node.cpp:19:28:[m[K [01;31m[Kerror: [m[Kinvalid types â€˜[01m[Kconst int[int][m[Kâ€™ for array subscript
[2.413s]    19 |     double rz = pose_vector[01;31m[K[[m[K5];
[2.413s]       |                            [01;31m[K^[m[K
[2.453s] [01m[K/home/matus/ros2_ws/src/block2_matuska/src/zadanie22_node.cpp:[m[K In function â€˜[01m[Kint[01;32m[K main[m[K(int, char**)[m[Kâ€™:
[2.453s] [01m[K/home/matus/ros2_ws/src/block2_matuska/src/zadanie22_node.cpp:50:12:[m[K [01;31m[Kerror: [m[Kâ€˜[01m[KVector6d[m[Kâ€™ is not a member of â€˜[01m[KEigen[m[Kâ€™; did you mean â€˜[01m[KVectorXd[m[Kâ€™?
[2.453s]    50 |     Eigen::[01;31m[KVector6d[m[K pose_vector;
[2.453s]       |            [01;31m[K^~~~~~~~[m[K
[2.454s]       |            [32m[KVectorXd[m[K
[2.458s] [01m[K/home/matus/ros2_ws/src/block2_matuska/src/zadanie22_node.cpp:51:5:[m[K [01;31m[Kerror: [m[Kâ€˜[01m[Kpose_vector[m[Kâ€™ was not declared in this scope
[2.458s]    51 |     [01;31m[Kpose_vector[m[K << 0.000872, 0.0, 2.490139, 0, 0, 0; // Example values for position and orientation
[2.458s]       |     [01;31m[K^~~~~~~~~~~[m[K
[3.851s] gmake[2]: *** [CMakeFiles/zadanie22_node.dir/build.make:76: CMakeFiles/zadanie22_node.dir/src/zadanie22_node.cpp.o] Error 1
[3.851s] gmake[1]: *** [CMakeFiles/Makefile2:165: CMakeFiles/zadanie22_node.dir/all] Error 2
[3.851s] gmake: *** [Makefile:146: all] Error 2
[3.854s] Invoked command in '/home/matus/ros2_ws/build/block2_matuska' returned '2': CMAKE_PREFIX_PATH=/home/matus/ros2_ws/install/rrm_msgs:/home/matus/ros2_ws/install/trajectory_visualization:/home/matus/ros2_ws/install/rrm_simple_robot_model:/home/matus/ros2_ws/install/rrm_sim:/home/matus/ros2_ws/install/block2_matuska:/home/matus/ros2_ws/install/block1_matuska:/home/matus/ros2_ws/install/matuska_interface:/home/matus/ros2_ws/install/ik_solver_example:/home/matus/ros2_ws/install/eigen_example:/home/matus/ros2_ws/install/cviko1:/home/matus/ros2_ws/install/cv1:/home/matus/ros2_ws/install/abb_model:/home/matus/ros2_ws/install/abb_irb4600_ikfast:/home/matus/ros2_ws/src/install/rrm_simple_robot_model:/home/matus/ros2_ws/src/install/rrm_sim:/home/matus/ros2_ws/src/install/block1_matuska:/home/matus/ros2_ws/src/install/rrm_msgs:/home/matus/ros2_ws/src/install/matuska_interface:/opt/ros/jazzy/opt/gz_math_vendor:/opt/ros/jazzy/opt/gz_utils_vendor:/opt/ros/jazzy/opt/gz_cmake_vendor:/opt/ros/jazzy DEBUGINFOD_URLS=https://debuginfod.ubuntu.com /usr/bin/cmake --build /home/matus/ros2_ws/build/block2_matuska -- -j12 -l12
