[01m[K/home/matus/ros2_ws/src/block2_matuska/src/zadanie22_node.cpp:[m[K In function â€˜[01m[Kint[01;32m[K main[m[K(int, char**)[m[Kâ€™:
[01m[K/home/matus/ros2_ws/src/block2_matuska/src/zadanie22_node.cpp:335:27:[m[K [01;31m[Kerror: [m[Kvariable â€˜[01m[Kstd::ofstream csvFile1[m[Kâ€™ has initializer but incomplete type
  335 |     std::ofstream csvFile1[01;31m[K([m[K"y_params.csv");
      |                           [01;31m[K^[m[K
[01m[K/home/matus/ros2_ws/src/block2_matuska/src/zadanie22_node.cpp:336:27:[m[K [01;31m[Kerror: [m[Kvariable â€˜[01m[Kstd::ofstream csvFile2[m[Kâ€™ has initializer but incomplete type
  336 |     std::ofstream csvFile2[01;31m[K([m[K"z_params.csv");
      |                           [01;31m[K^[m[K
[01m[K/home/matus/ros2_ws/src/block2_matuska/src/zadanie22_node.cpp:337:27:[m[K [01;31m[Kerror: [m[Kvariable â€˜[01m[Kstd::ofstream csvFile3[m[Kâ€™ has initializer but incomplete type
  337 |     std::ofstream csvFile3[01;31m[K([m[K"z_params.csv");
      |                           [01;31m[K^[m[K
[01m[K/home/matus/ros2_ws/src/block2_matuska/src/zadanie22_node.cpp:415:17:[m[K [01;31m[Kerror: [m[Kâ€˜[01m[Kcsv_file1[m[Kâ€™ was not declared in this scope
  415 |                 [01;31m[Kcsv_file1[m[K << t << ","
      |                 [01;31m[K^~~~~~~~~[m[K
gmake[2]: *** [CMakeFiles/zadanie22_node.dir/build.make:76: CMakeFiles/zadanie22_node.dir/src/zadanie22_node.cpp.o] Error 1
gmake[1]: *** [CMakeFiles/Makefile2:165: CMakeFiles/zadanie22_node.dir/all] Error 2
gmake: *** [Makefile:146: all] Error 2
