[ 25%] [32mBuilding CXX object CMakeFiles/zadanie2_node.dir/src/zadanie2_node.cpp.o[0m
[ 50%] [32mBuilding CXX object CMakeFiles/zadanie22_node.dir/src/zadanie22_node.cpp.o[0m
[01m[K/home/matus/ros2_ws/src/block2_matuska/src/zadanie22_node.cpp:[m[K In function â€˜[01m[Kint[01;32m[K main[m[K(int, char**)[m[Kâ€™:
[01m[K/home/matus/ros2_ws/src/block2_matuska/src/zadanie22_node.cpp:185:17:[m[K [01;31m[Kerror: [m[Kâ€˜[01m[Kjoint_state_[m[Kâ€™ was not declared in this scope; did you mean â€˜[01m[Kjoint_state[m[Kâ€™?
  185 |                 [01;31m[Kjoint_state_[m[K.position[0] = hodnoty1[0];
      |                 [01;31m[K^~~~~~~~~~~~[m[K
      |                 [32m[Kjoint_state[m[K
[01m[K/home/matus/ros2_ws/src/block2_matuska/src/zadanie22_node.cpp:190:13:[m[K [01;31m[Kerror: [m[Kâ€˜[01m[Kjoint_state_[m[Kâ€™ was not declared in this scope; did you mean â€˜[01m[Kjoint_state[m[Kâ€™?
  190 |             [01;31m[Kjoint_state_[m[K.header.stamp = this->get_clock()->now();
      |             [01;31m[K^~~~~~~~~~~~[m[K
      |             [32m[Kjoint_state[m[K
[01m[K/home/matus/ros2_ws/src/block2_matuska/src/zadanie22_node.cpp:190:41:[m[K [01;31m[Kerror: [m[Kinvalid use of â€˜[01m[Kthis[m[Kâ€™ in non-member function
  190 |             joint_state_.header.stamp = [01;31m[Kthis[m[K->get_clock()->now();
      |                                         [01;31m[K^~~~[m[K
[01m[K/home/matus/ros2_ws/src/block2_matuska/src/zadanie22_node.cpp:191:13:[m[K [01;31m[Kerror: [m[Kâ€˜[01m[Kpublisher_[m[Kâ€™ was not declared in this scope; did you mean â€˜[01m[Kpublisher[m[Kâ€™?
  191 |             [01;31m[Kpublisher_[m[K->publish(joint_state_);
      |             [01;31m[K^~~~~~~~~~[m[K
      |             [32m[Kpublisher[m[K
gmake[2]: *** [CMakeFiles/zadanie22_node.dir/build.make:76: CMakeFiles/zadanie22_node.dir/src/zadanie22_node.cpp.o] Error 1
gmake[1]: *** [CMakeFiles/Makefile2:165: CMakeFiles/zadanie22_node.dir/all] Error 2
gmake[1]: *** Waiting for unfinished jobs....
[ 75%] [32m[1mLinking CXX executable zadanie2_node[0m
[ 75%] Built target zadanie2_node
gmake: *** [Makefile:146: all] Error 2
