[0.012s] Invoking command in '/home/matus/ros2_ws/build/block2_matuska': CMAKE_PREFIX_PATH=/home/matus/ros2_ws/install/rrm_msgs:/home/matus/ros2_ws/install/trajectory_visualization:/home/matus/ros2_ws/install/rrm_simple_robot_model:/home/matus/ros2_ws/install/rrm_sim:/home/matus/ros2_ws/install/block2_matuska:/home/matus/ros2_ws/install/block1_matuska:/home/matus/ros2_ws/install/matuska_interface:/home/matus/ros2_ws/install/ik_solver_example:/home/matus/ros2_ws/install/eigen_example:/home/matus/ros2_ws/install/cviko1:/home/matus/ros2_ws/install/cv1:/home/matus/ros2_ws/install/abb_model:/home/matus/ros2_ws/install/abb_irb4600_ikfast:/home/matus/ros2_ws/src/install/rrm_simple_robot_model:/home/matus/ros2_ws/src/install/rrm_sim:/home/matus/ros2_ws/src/install/block1_matuska:/home/matus/ros2_ws/src/install/rrm_msgs:/home/matus/ros2_ws/src/install/matuska_interface:/opt/ros/jazzy/opt/gz_math_vendor:/opt/ros/jazzy/opt/gz_utils_vendor:/opt/ros/jazzy/opt/gz_cmake_vendor:/opt/ros/jazzy DEBUGINFOD_URLS=https://debuginfod.ubuntu.com /usr/bin/cmake --build /home/matus/ros2_ws/build/block2_matuska -- -j12 -l12
[0.065s] [ 50%] Built target zadanie2_node
[0.069s] [ 75%] [32mBuilding CXX object CMakeFiles/zadanie22_node.dir/src/zadanie22_node.cpp.o[0m
[2.472s] [01m[K/home/matus/ros2_ws/src/block2_matuska/src/zadanie22_node.cpp:[m[K In function â€˜[01m[Kstd::vector<std::vector<double, std::allocator<double> > >[01;32m[K calculateIK[m[K(const Eigen::Vector3d&, const Eigen::Vector3d&)[m[Kâ€™:
[2.472s] [01m[K/home/matus/ros2_ws/src/block2_matuska/src/zadanie22_node.cpp:53:34:[m[K [01;31m[Kerror: [m[Kno matching function for call to â€˜[01m[Kstd::vector<std::vector<double, std::allocator<double> > >::push_back(const std::array<double, 6>&)[m[Kâ€™
[2.472s]    53 |         [01;31m[Kjoint_solutions.push_back(solution)[m[K;
[2.472s]       |         [01;31m[K~~~~~~~~~~~~~~~~~~~~~~~~~^~~~~~~~~~[m[K
[2.472s] In file included from [01m[K/usr/include/c++/13/vector:66[m[K,
[2.472s]                  from [01m[K/opt/ros/jazzy/include/rclcpp/rclcpp/copy_all_parameter_values.hpp:19[m[K,
[2.472s]                  from [01m[K/opt/ros/jazzy/include/rclcpp/rclcpp/rclcpp.hpp:171[m[K,
[2.472s]                  from [01m[K/home/matus/ros2_ws/src/block2_matuska/src/zadanie22_node.cpp:1[m[K:
[2.472s] [01m[K/usr/include/c++/13/bits/stl_vector.h:1281:7:[m[K [01;36m[Knote: [m[Kcandidate: â€˜[01m[Kvoid std::vector<_Tp, _Alloc>::[01;32m[Kpush_back[m[K(const value_type&) [35m[K[with _Tp = std::vector<double, std::allocator<double> >; _Alloc = std::allocator<std::vector<double, std::allocator<double> > >; value_type = std::vector<double, std::allocator<double> >][m[K[m[Kâ€™
[2.472s]  1281 |       [01;36m[Kpush_back[m[K(const value_type& __x)
[2.472s]       |       [01;36m[K^~~~~~~~~[m[K
[2.473s] [01m[K/usr/include/c++/13/bits/stl_vector.h:1281:35:[m[K [01;36m[Knote: [m[K  no known conversion for argument 1 from â€˜[01m[Kconst std::array<double, 6>[m[Kâ€™ to â€˜[01m[Kconst std::vector<std::vector<double, std::allocator<double> > >::value_type&[m[Kâ€™ {aka â€˜[01m[Kconst std::vector<double, std::allocator<double> >&[m[Kâ€™}
[2.473s]  1281 |       push_back([01;36m[Kconst value_type& __x[m[K)
[2.473s]       |                 [01;36m[K~~~~~~~~~~~~~~~~~~^~~[m[K
[2.473s] [01m[K/usr/include/c++/13/bits/stl_vector.h:1298:7:[m[K [01;36m[Knote: [m[Kcandidate: â€˜[01m[Kvoid std::vector<_Tp, _Alloc>::[01;32m[Kpush_back[m[K(value_type&&) [35m[K[with _Tp = std::vector<double, std::allocator<double> >; _Alloc = std::allocator<std::vector<double, std::allocator<double> > >; value_type = std::vector<double, std::allocator<double> >][m[K[m[Kâ€™
[2.473s]  1298 |       [01;36m[Kpush_back[m[K(value_type&& __x)
[2.473s]       |       [01;36m[K^~~~~~~~~[m[K
[2.473s] [01m[K/usr/include/c++/13/bits/stl_vector.h:1298:30:[m[K [01;36m[Knote: [m[K  no known conversion for argument 1 from â€˜[01m[Kconst std::array<double, 6>[m[Kâ€™ to â€˜[01m[Kstd::vector<std::vector<double, std::allocator<double> > >::value_type&&[m[Kâ€™ {aka â€˜[01m[Kstd::vector<double, std::allocator<double> >&&[m[Kâ€™}
[2.473s]  1298 |       push_back([01;36m[Kvalue_type&& __x[m[K)
[2.473s]       |                 [01;36m[K~~~~~~~~~~~~~^~~[m[K
[3.896s] gmake[2]: *** [CMakeFiles/zadanie22_node.dir/build.make:76: CMakeFiles/zadanie22_node.dir/src/zadanie22_node.cpp.o] Error 1
[3.896s] gmake[1]: *** [CMakeFiles/Makefile2:165: CMakeFiles/zadanie22_node.dir/all] Error 2
[3.897s] gmake: *** [Makefile:146: all] Error 2
[3.899s] Invoked command in '/home/matus/ros2_ws/build/block2_matuska' returned '2': CMAKE_PREFIX_PATH=/home/matus/ros2_ws/install/rrm_msgs:/home/matus/ros2_ws/install/trajectory_visualization:/home/matus/ros2_ws/install/rrm_simple_robot_model:/home/matus/ros2_ws/install/rrm_sim:/home/matus/ros2_ws/install/block2_matuska:/home/matus/ros2_ws/install/block1_matuska:/home/matus/ros2_ws/install/matuska_interface:/home/matus/ros2_ws/install/ik_solver_example:/home/matus/ros2_ws/install/eigen_example:/home/matus/ros2_ws/install/cviko1:/home/matus/ros2_ws/install/cv1:/home/matus/ros2_ws/install/abb_model:/home/matus/ros2_ws/install/abb_irb4600_ikfast:/home/matus/ros2_ws/src/install/rrm_simple_robot_model:/home/matus/ros2_ws/src/install/rrm_sim:/home/matus/ros2_ws/src/install/block1_matuska:/home/matus/ros2_ws/src/install/rrm_msgs:/home/matus/ros2_ws/src/install/matuska_interface:/opt/ros/jazzy/opt/gz_math_vendor:/opt/ros/jazzy/opt/gz_utils_vendor:/opt/ros/jazzy/opt/gz_cmake_vendor:/opt/ros/jazzy DEBUGINFOD_URLS=https://debuginfod.ubuntu.com /usr/bin/cmake --build /home/matus/ros2_ws/build/block2_matuska -- -j12 -l12
