[0.010s] Invoking command in '/home/matus/ros2_ws/build/block1_matuska': CMAKE_PREFIX_PATH=/home/matus/ros2_ws/install/rrm_msgs:/home/matus/ros2_ws/install/rrm_simple_robot_model:/home/matus/ros2_ws/install/rrm_sim:/home/matus/ros2_ws/install/block1_matuska:/home/matus/ros2_ws/install/cviko1:/home/matus/ros2_ws/install/cv1:/opt/ros/jazzy/opt/gz_math_vendor:/opt/ros/jazzy/opt/gz_utils_vendor:/opt/ros/jazzy/opt/gz_cmake_vendor:/opt/ros/jazzy DEBUGINFOD_URLS=https://debuginfod.ubuntu.com /usr/bin/cmake --build /home/matus/ros2_ws/build/block1_matuska -- -j12 -l12
[0.058s] [ 50%] Built target logger_node
[0.061s] [ 75%] [32mBuilding CXX object CMakeFiles/teleop_node.dir/src/teleop_node.cpp.o[0m
[2.016s] [01m[K/home/matus/ros2_ws/src/block1_matuska/src/teleop_node.cpp:[m[K In function â€˜[01m[Kint[01;32m[K main[m[K(int, char**)[m[Kâ€™:
[2.017s] [01m[K/home/matus/ros2_ws/src/block1_matuska/src/teleop_node.cpp:72:40:[m[K [01;31m[Kerror: [m[Kinvalid use of â€˜[01m[Kthis[m[Kâ€™ in non-member function
[2.017s]    72 | if (rclcpp::spin_until_future_complete([01;31m[Kthis[m[K->get_node_base_interface(), result) !=
[2.017s]       |                                        [01;31m[K^~~~[m[K
[2.020s] [01m[K/home/matus/ros2_ws/src/block1_matuska/src/teleop_node.cpp:72:73:[m[K [01;31m[Kerror: [m[Kâ€˜[01m[Kresult[m[Kâ€™ was not declared in this scope
[2.020s]    72 | :spin_until_future_complete(this->get_node_base_interface(), [01;31m[Kresult[m[K) !=
[2.020s]       |                                                              [01;31m[K^~~~~~[m[K
[2.020s] 
[2.021s] In file included from [01m[K/opt/ros/jazzy/include/rclcpp/rclcpp/copy_all_parameter_values.hpp:27[m[K,
[2.021s]                  from [01m[K/opt/ros/jazzy/include/rclcpp/rclcpp/rclcpp.hpp:171[m[K,
[2.021s]                  from [01m[K/home/matus/ros2_ws/src/block1_matuska/src/teleop_node.cpp:1[m[K:
[2.021s] [01m[K/home/matus/ros2_ws/src/block1_matuska/src/teleop_node.cpp:74:14:[m[K [01;31m[Kerror: [m[Kinvalid use of â€˜[01m[Kthis[m[Kâ€™ in non-member function
[2.021s]    74 | RCLCPP_ERROR([01;31m[Kthis[m[K->get_logger(), "Service call failed"); // Log an error if the service call failed
[2.021s]       |              [01;31m[K^~~~[m[K
[2.021s] [01m[K/home/matus/ros2_ws/src/block1_matuska/src/teleop_node.cpp:74:14:[m[K [01;31m[Kerror: [m[Kinvalid use of â€˜[01m[Kthis[m[Kâ€™ in non-member function
[2.021s] [01m[K/home/matus/ros2_ws/src/block1_matuska/src/teleop_node.cpp:74:1:[m[K [01;31m[Kerror: [m[Ktemplate argument 1 is invalid
[2.021s]    74 | [01;31m[KRCLCPP_ERROR[m[K(this->get_logger(), "Service call failed"); // Log an error if the service call failed
[2.021s]       | [01;31m[K^~~~~~~~~~~~[m[K
[2.021s] [01m[K/home/matus/ros2_ws/src/block1_matuska/src/teleop_node.cpp:74:1:[m[K [01;31m[Kerror: [m[Ktemplate argument 1 is invalid
[2.021s]    74 | [01;31m[KRCLCPP_ERROR[m[K(this->get_logger(), "Service call failed"); // Log an error if the service call failed
[2.021s]       | [01;31m[K^~~~~~~~~~~~[m[K
[2.021s] [01m[K/home/matus/ros2_ws/src/block1_matuska/src/teleop_node.cpp:74:1:[m[K [01;31m[Kerror: [m[Ktemplate argument 1 is invalid
[2.021s]    74 | [01;31m[KRCLCPP_ERROR[m[K(this->get_logger(), "Service call failed"); // Log an error if the service call failed
[2.021s]       | [01;31m[K^~~~~~~~~~~~[m[K
[2.021s] In file included from [01m[K/opt/ros/jazzy/include/rclcpp/rclcpp/logging.hpp:24[m[K:
[2.021s] [01m[K/home/matus/ros2_ws/src/block1_matuska/src/teleop_node.cpp:74:14:[m[K [01;31m[Kerror: [m[Kinvalid use of â€˜[01m[Kthis[m[Kâ€™ in non-member function
[2.021s]    74 | RCLCPP_ERROR([01;31m[Kthis[m[K->get_logger(), "Service call failed"); // Log an error if the service call failed
[2.021s]       |              [01;31m[K^~~~[m[K
[2.021s] [01m[K/home/matus/ros2_ws/src/block1_matuska/src/teleop_node.cpp:74:14:[m[K [01;31m[Kerror: [m[Kinvalid use of â€˜[01m[Kthis[m[Kâ€™ in non-member function
[2.021s]    74 | RCLCPP_ERROR([01;31m[Kthis[m[K->get_logger(), "Service call failed"); // Log an error if the service call failed
[2.022s]       |              [01;31m[K^~~~[m[K
[2.024s] [01m[K/home/matus/ros2_ws/src/block1_matuska/src/teleop_node.cpp:78:17:[m[K [01;31m[Kerror: [m[Kâ€˜[01m[Kresult[m[Kâ€™ was not declared in this scope
[2.024s]    78 | auto response = [01;31m[Kresult[m[K.get();
[2.024s]       |                 [01;31m[K^~~~~~[m[K
[2.024s] [01m[K/home/matus/ros2_ws/src/block1_matuska/src/teleop_node.cpp:79:13:[m[K [01;31m[Kerror: [m[Kinvalid use of â€˜[01m[Kthis[m[Kâ€™ in non-member function
[2.024s]    79 | RCLCPP_INFO([01;31m[Kthis[m[K->get_logger(), "Service call succeeded: result_code = %d, message = %s",
[2.024s]       |             [01;31m[K^~~~[m[K
[2.024s] [01m[K/home/matus/ros2_ws/src/block1_matuska/src/teleop_node.cpp:79:13:[m[K [01;31m[Kerror: [m[Kinvalid use of â€˜[01m[Kthis[m[Kâ€™ in non-member function
[2.024s] [01m[K/home/matus/ros2_ws/src/block1_matuska/src/teleop_node.cpp:79:1:[m[K [01;31m[Kerror: [m[Ktemplate argument 1 is invalid
[2.024s]    79 | [01;31m[KRCLCPP_INFO[m[K(this->get_logger(), "Service call succeeded: result_code = %d, message = %s",
[2.025s]       | [01;31m[K^~~~~~~~~~~[m[K
[2.025s] [01m[K/home/matus/ros2_ws/src/block1_matuska/src/teleop_node.cpp:79:1:[m[K [01;31m[Kerror: [m[Ktemplate argument 1 is invalid
[2.025s]    79 | [01;31m[KRCLCPP_INFO[m[K(this->get_logger(), "Service call succeeded: result_code = %d, message = %s",
[2.025s]       | [01;31m[K^~~~~~~~~~~[m[K
[2.025s] [01m[K/home/matus/ros2_ws/src/block1_matuska/src/teleop_node.cpp:79:1:[m[K [01;31m[Kerror: [m[Ktemplate argument 1 is invalid
[2.025s]    79 | [01;31m[KRCLCPP_INFO[m[K(this->get_logger(), "Service call succeeded: result_code = %d, message = %s",
[2.025s]       | [01;31m[K^~~~~~~~~~~[m[K
[2.025s] [01m[K/home/matus/ros2_ws/src/block1_matuska/src/teleop_node.cpp:79:13:[m[K [01;31m[Kerror: [m[Kinvalid use of â€˜[01m[Kthis[m[Kâ€™ in non-member function
[2.025s]    79 | RCLCPP_INFO([01;31m[Kthis[m[K->get_logger(), "Service call succeeded: result_code = %d, message = %s",
[2.025s]       |             [01;31m[K^~~~[m[K
[2.025s] [01m[K/home/matus/ros2_ws/src/block1_matuska/src/teleop_node.cpp:79:13:[m[K [01;31m[Kerror: [m[Kinvalid use of â€˜[01m[Kthis[m[Kâ€™ in non-member function
[2.025s]    79 | RCLCPP_INFO([01;31m[Kthis[m[K->get_logger(), "Service call succeeded: result_code = %d, message = %s",
[2.025s]       |             [01;31m[K^~~~[m[K
[2.025s] [01m[K/home/matus/ros2_ws/src/block1_matuska/src/teleop_node.cpp:44:14:[m[K [01;35m[Kwarning: [m[Kunused parameter â€˜[01m[Kargc[m[Kâ€™ [[01;35m[K]8;;https://gcc.gnu.org/onlinedocs/gcc/Warning-Options.html#index-Wunused-parameter-Wunused-parameter]8;;[m[K]
[2.025s]    44 | int main([01;35m[Kint argc[m[K, char ** argv)
[2.025s]       |          [01;35m[K~~~~^~~~[m[K
[2.025s] [01m[K/home/matus/ros2_ws/src/block1_matuska/src/teleop_node.cpp:44:28:[m[K [01;35m[Kwarning: [m[Kunused parameter â€˜[01m[Kargv[m[Kâ€™ [[01;35m[K]8;;https://gcc.gnu.org/onlinedocs/gcc/Warning-Options.html#index-Wunused-parameter-Wunused-parameter]8;;[m[K]
[2.025s]    44 | int main(int argc, [01;35m[Kchar ** argv[m[K)
[2.025s]       |                    [01;35m[K~~~~~~~~^~~~[m[K
[2.754s] gmake[2]: *** [CMakeFiles/teleop_node.dir/build.make:76: CMakeFiles/teleop_node.dir/src/teleop_node.cpp.o] Error 1
[2.754s] gmake[1]: *** [CMakeFiles/Makefile2:139: CMakeFiles/teleop_node.dir/all] Error 2
[2.755s] gmake: *** [Makefile:146: all] Error 2
[2.757s] Invoked command in '/home/matus/ros2_ws/build/block1_matuska' returned '2': CMAKE_PREFIX_PATH=/home/matus/ros2_ws/install/rrm_msgs:/home/matus/ros2_ws/install/rrm_simple_robot_model:/home/matus/ros2_ws/install/rrm_sim:/home/matus/ros2_ws/install/block1_matuska:/home/matus/ros2_ws/install/cviko1:/home/matus/ros2_ws/install/cv1:/opt/ros/jazzy/opt/gz_math_vendor:/opt/ros/jazzy/opt/gz_utils_vendor:/opt/ros/jazzy/opt/gz_cmake_vendor:/opt/ros/jazzy DEBUGINFOD_URLS=https://debuginfod.ubuntu.com /usr/bin/cmake --build /home/matus/ros2_ws/build/block1_matuska -- -j12 -l12
