[01m[K/home/matus/ros2_ws/src/block2_matuska/src/zadanie22_node.cpp:[m[K In function â€˜[01m[Kint[01;32m[K main[m[K(int, char**)[m[Kâ€™:
[01m[K/home/matus/ros2_ws/src/block2_matuska/src/zadanie22_node.cpp:233:39:[m[K [01;31m[Kerror: [m[Kâ€˜[01m[Khodnoty4[m[Kâ€™ was not declared in this scope; did you mean â€˜[01m[Khodnoty5[m[Kâ€™?
  233 |             joint_state.position[4] = [01;31m[Khodnoty4[m[K[0];
      |                                       [01;31m[K^~~~~~~~[m[K
      |                                       [32m[Khodnoty5[m[K
[01m[K/home/matus/ros2_ws/src/block2_matuska/src/zadanie22_node.cpp:241:39:[m[K [01;31m[Kerror: [m[Kâ€˜[01m[Khodnoty4[m[Kâ€™ was not declared in this scope; did you mean â€˜[01m[Khodnoty6[m[Kâ€™?
  241 |             joint_state.position[5] = [01;31m[Khodnoty4[m[K[0];
      |                                       [01;31m[K^~~~~~~~[m[K
      |                                       [32m[Khodnoty6[m[K
gmake[2]: *** [CMakeFiles/zadanie22_node.dir/build.make:76: CMakeFiles/zadanie22_node.dir/src/zadanie22_node.cpp.o] Error 1
gmake[1]: *** [CMakeFiles/Makefile2:165: CMakeFiles/zadanie22_node.dir/all] Error 2
gmake: *** [Makefile:146: all] Error 2
