[ 50%] Built target teleop_node
[ 75%] [32mBuilding CXX object CMakeFiles/logger_node.dir/src/logger_node.cpp.o[0m
In file included from [01m[K/home/matus/ros2_ws/src/block1_matuska/src/logger_node.cpp:2[m[K:
[01m[K/home/matus/ros2_ws/src/block1_matuska/include/logger_node.hpp:20:9:[m[K [01;31m[Kerror: [m[Kâ€˜[01m[Ktf2_ros[m[Kâ€™ does not name a type
   20 |         [01;31m[Ktf2_ros[m[K::TransformBroadcaster tf_broadcaster_;
      |         [01;31m[K^~~~~~~[m[K
[01m[K/home/matus/ros2_ws/src/block1_matuska/src/logger_node.cpp:[m[K In constructor â€˜[01m[KJointLogger::[01;32m[KJointLogger[m[K()[m[Kâ€™:
[01m[K/home/matus/ros2_ws/src/block1_matuska/src/logger_node.cpp:13:52:[m[K [01;31m[Kerror: [m[Kclass â€˜[01m[KJointLogger[m[Kâ€™ does not have any field named â€˜[01m[Ktf_broadcaster_[m[Kâ€™
   13 | JointLogger::JointLogger() : Node("joint_logger"), [01;31m[Ktf_broadcaster_[m[K(this)
      |                                                    [01;31m[K^~~~~~~~~~~~~~~[m[K
[01m[K/home/matus/ros2_ws/src/block1_matuska/src/logger_node.cpp:[m[K In member function â€˜[01m[Kvoid JointLogger::[01;32m[Kjoint_states_callback[m[K(sensor_msgs::msg::JointState_<std::allocator<void> >::SharedPtr)[m[Kâ€™:
[01m[K/home/matus/ros2_ws/src/block1_matuska/src/logger_node.cpp:41:5:[m[K [01;31m[Kerror: [m[Kâ€˜[01m[Ktf_broadcaster_[m[Kâ€™ was not declared in this scope
   41 |     [01;31m[Ktf_broadcaster_[m[K.sendTransform(transform);
      |     [01;31m[K^~~~~~~~~~~~~~~[m[K
gmake[2]: *** [CMakeFiles/logger_node.dir/build.make:76: CMakeFiles/logger_node.dir/src/logger_node.cpp.o] Error 1
gmake[1]: *** [CMakeFiles/Makefile2:165: CMakeFiles/logger_node.dir/all] Error 2
gmake: *** [Makefile:146: all] Error 2
