[0.012s] Invoking command in '/home/matus/ros2_ws/build/block2_matuska': CMAKE_PREFIX_PATH=/home/matus/ros2_ws/install/rrm_msgs:/home/matus/ros2_ws/install/trajectory_visualization:/home/matus/ros2_ws/install/rrm_simple_robot_model:/home/matus/ros2_ws/install/rrm_sim:/home/matus/ros2_ws/install/block2_matuska:/home/matus/ros2_ws/install/block1_matuska:/home/matus/ros2_ws/install/matuska_interface:/home/matus/ros2_ws/install/ik_solver_example:/home/matus/ros2_ws/install/eigen_example:/home/matus/ros2_ws/install/cviko1:/home/matus/ros2_ws/install/cv1:/home/matus/ros2_ws/install/abb_model:/home/matus/ros2_ws/install/abb_irb4600_ikfast:/home/matus/ros2_ws/src/install/rrm_simple_robot_model:/home/matus/ros2_ws/src/install/rrm_sim:/home/matus/ros2_ws/src/install/block1_matuska:/home/matus/ros2_ws/src/install/rrm_msgs:/home/matus/ros2_ws/src/install/matuska_interface:/opt/ros/jazzy/opt/gz_math_vendor:/opt/ros/jazzy/opt/gz_utils_vendor:/opt/ros/jazzy/opt/gz_cmake_vendor:/opt/ros/jazzy DEBUGINFOD_URLS=https://debuginfod.ubuntu.com /usr/bin/cmake --build /home/matus/ros2_ws/build/block2_matuska -- -j12 -l12
[0.067s] [ 50%] Built target zadanie2_node
[0.071s] [ 75%] [32mBuilding CXX object CMakeFiles/zadanie22_node.dir/src/zadanie22_node.cpp.o[0m
[2.629s] [01m[K/home/matus/ros2_ws/src/block2_matuska/src/zadanie22_node.cpp:[m[K In function â€˜[01m[Kint[01;32m[K main[m[K(int, char**)[m[Kâ€™:
[2.629s] [01m[K/home/matus/ros2_ws/src/block2_matuska/src/zadanie22_node.cpp:130:47:[m[K [01;31m[Kerror: [m[Kâ€˜[01m[Kpost0[m[Kâ€™ was not declared in this scope
[2.629s]   130 |     std::vector<Eigen::VectorXd> key_poses = {[01;31m[Kpost0[m[K, post1, post2, post3, post4, post5, post9};
[2.629s]       |                                               [01;31m[K^~~~~[m[K
[2.632s] [01m[K/home/matus/ros2_ws/src/block2_matuska/src/zadanie22_node.cpp:130:54:[m[K [01;31m[Kerror: [m[Kâ€˜[01m[Kpost1[m[Kâ€™ was not declared in this scope
[2.632s]   130 |     std::vector<Eigen::VectorXd> key_poses = {post0, [01;31m[Kpost1[m[K, post2, post3, post4, post5, post9};
[2.632s]       |                                                      [01;31m[K^~~~~[m[K
[2.636s] [01m[K/home/matus/ros2_ws/src/block2_matuska/src/zadanie22_node.cpp:130:61:[m[K [01;31m[Kerror: [m[Kâ€˜[01m[Kpost2[m[Kâ€™ was not declared in this scope
[2.636s]   130 |     std::vector<Eigen::VectorXd> key_poses = {post0, post1, [01;31m[Kpost2[m[K, post3, post4, post5, post9};
[2.636s]       |                                                             [01;31m[K^~~~~[m[K
[2.639s] [01m[K/home/matus/ros2_ws/src/block2_matuska/src/zadanie22_node.cpp:130:68:[m[K [01;31m[Kerror: [m[Kâ€˜[01m[Kpost3[m[Kâ€™ was not declared in this scope
[2.639s]   130 |     std::vector<Eigen::VectorXd> key_poses = {post0, post1, post2, [01;31m[Kpost3[m[K, post4, post5, post9};
[2.639s]       |                                                                    [01;31m[K^~~~~[m[K
[2.642s] [01m[K/home/matus/ros2_ws/src/block2_matuska/src/zadanie22_node.cpp:130:75:[m[K [01;31m[Kerror: [m[Kâ€˜[01m[Kpost4[m[Kâ€™ was not declared in this scope
[2.642s]   130 |     std::vector<Eigen::VectorXd> key_poses = {post0, post1, post2, post3, [01;31m[Kpost4[m[K, post5, post9};
[2.642s]       |                                                                           [01;31m[K^~~~~[m[K
[2.645s] [01m[K/home/matus/ros2_ws/src/block2_matuska/src/zadanie22_node.cpp:130:82:[m[K [01;31m[Kerror: [m[Kâ€˜[01m[Kpost5[m[Kâ€™ was not declared in this scope
[2.645s]   130 |     std::vector<Eigen::VectorXd> key_poses = {post0, post1, post2, post3, post4, [01;31m[Kpost5[m[K, post9};
[2.645s]       |                                                                                  [01;31m[K^~~~~[m[K
[2.648s] [01m[K/home/matus/ros2_ws/src/block2_matuska/src/zadanie22_node.cpp:130:89:[m[K [01;31m[Kerror: [m[Kâ€˜[01m[Kpost9[m[Kâ€™ was not declared in this scope
[2.648s]   130 |     std::vector<Eigen::VectorXd> key_poses = {post0, post1, post2, post3, post4, post5, [01;31m[Kpost9[m[K};
[2.648s]       |                                                                                         [01;31m[K^~~~~[m[K
[2.648s] [01m[K/home/matus/ros2_ws/src/block2_matuska/src/zadanie22_node.cpp:130:94:[m[K [01;31m[Kerror: [m[Kcould not convert â€˜[01m[K{<expression error>, <expression error>, <expression error>, <expression error>, <expression error>, <expression error>, <expression error>}[m[Kâ€™ from â€˜[01m[K<brace-enclosed initializer list>[m[Kâ€™ to â€˜[01m[Kstd::vector<Eigen::Matrix<double, -1, 1> >[m[Kâ€™
[2.648s]   130 |     std::vector<Eigen::VectorXd> key_poses = {post0, post1, post2, post3, post4, post5, post9[01;31m[K}[m[K;
[2.648s]       |                                                                                              [01;31m[K^[m[K
[2.648s]       |                                                                                              [01;31m[K|[m[K
[2.648s]       |                                                                                              [01;31m[K<brace-enclosed initializer list>[m[K
[6.428s] gmake[2]: *** [CMakeFiles/zadanie22_node.dir/build.make:76: CMakeFiles/zadanie22_node.dir/src/zadanie22_node.cpp.o] Error 1
[6.429s] gmake[1]: *** [CMakeFiles/Makefile2:165: CMakeFiles/zadanie22_node.dir/all] Error 2
[6.429s] gmake: *** [Makefile:146: all] Error 2
[6.431s] Invoked command in '/home/matus/ros2_ws/build/block2_matuska' returned '2': CMAKE_PREFIX_PATH=/home/matus/ros2_ws/install/rrm_msgs:/home/matus/ros2_ws/install/trajectory_visualization:/home/matus/ros2_ws/install/rrm_simple_robot_model:/home/matus/ros2_ws/install/rrm_sim:/home/matus/ros2_ws/install/block2_matuska:/home/matus/ros2_ws/install/block1_matuska:/home/matus/ros2_ws/install/matuska_interface:/home/matus/ros2_ws/install/ik_solver_example:/home/matus/ros2_ws/install/eigen_example:/home/matus/ros2_ws/install/cviko1:/home/matus/ros2_ws/install/cv1:/home/matus/ros2_ws/install/abb_model:/home/matus/ros2_ws/install/abb_irb4600_ikfast:/home/matus/ros2_ws/src/install/rrm_simple_robot_model:/home/matus/ros2_ws/src/install/rrm_sim:/home/matus/ros2_ws/src/install/block1_matuska:/home/matus/ros2_ws/src/install/rrm_msgs:/home/matus/ros2_ws/src/install/matuska_interface:/opt/ros/jazzy/opt/gz_math_vendor:/opt/ros/jazzy/opt/gz_utils_vendor:/opt/ros/jazzy/opt/gz_cmake_vendor:/opt/ros/jazzy DEBUGINFOD_URLS=https://debuginfod.ubuntu.com /usr/bin/cmake --build /home/matus/ros2_ws/build/block2_matuska -- -j12 -l12
