[0.011s] Invoking command in '/home/matus/ros2_ws/build/block1_matuska': CMAKE_PREFIX_PATH=/home/matus/ros2_ws/install/rrm_msgs:/home/matus/ros2_ws/install/matuska_interface:/home/matus/ros2_ws/install/rrm_simple_robot_model:/home/matus/ros2_ws/install/rrm_sim:/home/matus/ros2_ws/install/block1_matuska:/home/matus/ros2_ws/install/eigen_example:/home/matus/ros2_ws/install/cviko1:/home/matus/ros2_ws/install/cv1:/home/matus/ros2_ws/src/install/rrm_simple_robot_model:/home/matus/ros2_ws/src/install/rrm_sim:/home/matus/ros2_ws/src/install/block1_matuska:/home/matus/ros2_ws/src/install/rrm_msgs:/home/matus/ros2_ws/src/install/matuska_interface:/opt/ros/jazzy/opt/gz_math_vendor:/opt/ros/jazzy/opt/gz_utils_vendor:/opt/ros/jazzy/opt/gz_cmake_vendor:/opt/ros/jazzy DEBUGINFOD_URLS=https://debuginfod.ubuntu.com /usr/bin/cmake --build /home/matus/ros2_ws/build/block1_matuska -- -j12 -l12
[0.034s] -- Found ament_cmake: 2.5.2 (/opt/ros/jazzy/share/ament_cmake/cmake)
[0.199s] -- Found rclcpp: 28.1.5 (/opt/ros/jazzy/share/rclcpp/cmake)
[0.220s] -- Found rosidl_generator_c: 4.6.4 (/opt/ros/jazzy/share/rosidl_generator_c/cmake)
[0.227s] -- Found rosidl_generator_cpp: 4.6.4 (/opt/ros/jazzy/share/rosidl_generator_cpp/cmake)
[0.235s] -- Using all available rosidl_typesupport_c: rosidl_typesupport_fastrtps_c;rosidl_typesupport_introspection_c
[0.246s] -- Using all available rosidl_typesupport_cpp: rosidl_typesupport_fastrtps_cpp;rosidl_typesupport_introspection_cpp
[0.295s] -- Found rmw_implementation_cmake: 7.3.1 (/opt/ros/jazzy/share/rmw_implementation_cmake/cmake)
[0.296s] -- Found rmw_fastrtps_cpp: 8.4.1 (/opt/ros/jazzy/share/rmw_fastrtps_cpp/cmake)
[0.348s] -- Using RMW implementation 'rmw_fastrtps_cpp' as default
[0.398s] -- Found rrm_msgs: 0.0.0 (/home/matus/ros2_ws/install/rrm_msgs/share/rrm_msgs/cmake)
[0.410s] -- Found sensor_msgs: 5.3.5 (/opt/ros/jazzy/share/sensor_msgs/cmake)
[0.455s] -- Found matuska_interface: 0.0.0 (/home/matus/ros2_ws/install/matuska_interface/share/matuska_interface/cmake)
[0.486s] -- Found tf2: 0.36.4 (/opt/ros/jazzy/share/tf2/cmake)
[0.492s] -- Found tf2_ros: 0.36.4 (/opt/ros/jazzy/share/tf2_ros/cmake)
[0.627s] -- Found ament_lint_auto: 0.17.1 (/opt/ros/jazzy/share/ament_lint_auto/cmake)
[0.696s] -- Added test 'cppcheck' to perform static code analysis on C / C++ code
[0.696s] -- Configured cppcheck include dirs: $<BUILD_INTERFACE:/home/matus/ros2_ws/src/block1_matuska/include>
[0.696s] -- Configured cppcheck exclude dirs and/or files: 
[0.696s] -- Added test 'lint_cmake' to check CMake code style
[0.697s] -- Added test 'uncrustify' to check C / C++ code style
[0.697s] -- Configured uncrustify additional arguments: 
[0.697s] -- Added test 'xmllint' to check XML markup files
[0.698s] -- Configuring done (0.7s)
[0.713s] -- Generating done (0.0s)
[0.715s] -- Build files have been written to: /home/matus/ros2_ws/build/block1_matuska
[0.758s] [ 75%] [32mBuilding CXX object CMakeFiles/logger_node.dir/src/logger_node.cpp.o[0m
[0.758s] [ 75%] Built target teleop_node
[2.792s] In file included from [01m[K/home/matus/ros2_ws/src/block1_matuska/src/logger_node.cpp:2[m[K:
[2.792s] [01m[K/home/matus/ros2_ws/src/block1_matuska/include/logger_node.hpp:20:9:[m[K [01;31m[Kerror: [m[Kâ€˜[01m[Ktf2_ros[m[Kâ€™ does not name a type
[2.792s]    20 |         [01;31m[Ktf2_ros[m[K::TransformBroadcaster tf_broadcaster_;
[2.792s]       |         [01;31m[K^~~~~~~[m[K
[3.205s] [01m[K/home/matus/ros2_ws/src/block1_matuska/src/logger_node.cpp:[m[K In constructor â€˜[01m[KJointLogger::[01;32m[KJointLogger[m[K()[m[Kâ€™:
[3.205s] [01m[K/home/matus/ros2_ws/src/block1_matuska/src/logger_node.cpp:13:52:[m[K [01;31m[Kerror: [m[Kclass â€˜[01m[KJointLogger[m[Kâ€™ does not have any field named â€˜[01m[Ktf_broadcaster_[m[Kâ€™
[3.205s]    13 | JointLogger::JointLogger() : Node("joint_logger"), [01;31m[Ktf_broadcaster_[m[K(this)
[3.205s]       |                                                    [01;31m[K^~~~~~~~~~~~~~~[m[K
[3.227s] [01m[K/home/matus/ros2_ws/src/block1_matuska/src/logger_node.cpp:[m[K In member function â€˜[01m[Kvoid JointLogger::[01;32m[Kjoint_states_callback[m[K(sensor_msgs::msg::JointState_<std::allocator<void> >::SharedPtr)[m[Kâ€™:
[3.227s] [01m[K/home/matus/ros2_ws/src/block1_matuska/src/logger_node.cpp:41:5:[m[K [01;31m[Kerror: [m[Kâ€˜[01m[Ktf_broadcaster_[m[Kâ€™ was not declared in this scope
[3.227s]    41 |     [01;31m[Ktf_broadcaster_[m[K.sendTransform(transform);
[3.228s]       |     [01;31m[K^~~~~~~~~~~~~~~[m[K
[5.342s] gmake[2]: *** [CMakeFiles/logger_node.dir/build.make:76: CMakeFiles/logger_node.dir/src/logger_node.cpp.o] Error 1
[5.342s] gmake[1]: *** [CMakeFiles/Makefile2:165: CMakeFiles/logger_node.dir/all] Error 2
[5.343s] gmake: *** [Makefile:146: all] Error 2
[5.345s] Invoked command in '/home/matus/ros2_ws/build/block1_matuska' returned '2': CMAKE_PREFIX_PATH=/home/matus/ros2_ws/install/rrm_msgs:/home/matus/ros2_ws/install/matuska_interface:/home/matus/ros2_ws/install/rrm_simple_robot_model:/home/matus/ros2_ws/install/rrm_sim:/home/matus/ros2_ws/install/block1_matuska:/home/matus/ros2_ws/install/eigen_example:/home/matus/ros2_ws/install/cviko1:/home/matus/ros2_ws/install/cv1:/home/matus/ros2_ws/src/install/rrm_simple_robot_model:/home/matus/ros2_ws/src/install/rrm_sim:/home/matus/ros2_ws/src/install/block1_matuska:/home/matus/ros2_ws/src/install/rrm_msgs:/home/matus/ros2_ws/src/install/matuska_interface:/opt/ros/jazzy/opt/gz_math_vendor:/opt/ros/jazzy/opt/gz_utils_vendor:/opt/ros/jazzy/opt/gz_cmake_vendor:/opt/ros/jazzy DEBUGINFOD_URLS=https://debuginfod.ubuntu.com /usr/bin/cmake --build /home/matus/ros2_ws/build/block1_matuska -- -j12 -l12
