[ 50%] Built target publisher_node
[ 75%] [32mBuilding CXX object CMakeFiles/zadanie3_node.dir/src/zadanie3_node.cpp.o[0m
[01m[K/home/matus/ros2_ws/src/block3_matuska/src/zadanie3_node.cpp:[m[K In function â€˜[01m[Kint[01;32m[K main[m[K(int, char**)[m[Kâ€™:
[01m[K/home/matus/ros2_ws/src/block3_matuska/src/zadanie3_node.cpp:119:23:[m[K [01;31m[Kerror: [m[Kredeclaration of â€˜[01m[Kstd::vector<double> current_joint_values[m[Kâ€™
  119 |   std::vector<double> [01;31m[Kcurrent_joint_values[m[K = move_group.getCurrentJointValues();
      |                       [01;31m[K^~~~~~~~~~~~~~~~~~~~[m[K
[01m[K/home/matus/ros2_ws/src/block3_matuska/src/zadanie3_node.cpp:57:23:[m[K [01;36m[Knote: [m[Kâ€˜[01m[Kstd::vector<double> current_joint_values[m[Kâ€™ previously declared here
   57 |   std::vector<double> [01;36m[Kcurrent_joint_values[m[K = move_group.getCurrentJointValues();
      |                       [01;36m[K^~~~~~~~~~~~~~~~~~~~[m[K
[01m[K/home/matus/ros2_ws/src/block3_matuska/src/zadanie3_node.cpp:128:23:[m[K [01;31m[Kerror: [m[Kredeclaration of â€˜[01m[Kstd::vector<double> joint_group_positions[m[Kâ€™
  128 |   std::vector<double> [01;31m[Kjoint_group_positions[m[K = {-0.83, 0.31, -0.45, 3.54, -0.85, -4.60};
      |                       [01;31m[K^~~~~~~~~~~~~~~~~~~~~[m[K
[01m[K/home/matus/ros2_ws/src/block3_matuska/src/zadanie3_node.cpp:66:23:[m[K [01;36m[Knote: [m[Kâ€˜[01m[Kstd::vector<double> joint_group_positions[m[Kâ€™ previously declared here
   66 |   std::vector<double> [01;36m[Kjoint_group_positions[m[K = {-0.83, 0.31, -0.45, 3.54, -0.85, -4.60};
      |                       [01;36m[K^~~~~~~~~~~~~~~~~~~~~[m[K
[01m[K/home/matus/ros2_ws/src/block3_matuska/src/zadanie3_node.cpp:130:8:[m[K [01;31m[Kerror: [m[Kredeclaration of â€˜[01m[Kbool within_bounds[m[Kâ€™
  130 |   bool [01;31m[Kwithin_bounds[m[K = move_group.setJointValueTarget(joint_group_positions);
      |        [01;31m[K^~~~~~~~~~~~~[m[K
[01m[K/home/matus/ros2_ws/src/block3_matuska/src/zadanie3_node.cpp:68:8:[m[K [01;36m[Knote: [m[Kâ€˜[01m[Kbool within_bounds[m[Kâ€™ previously declared here
   68 |   bool [01;36m[Kwithin_bounds[m[K = move_group.setJointValueTarget(joint_group_positions);
      |        [01;36m[K^~~~~~~~~~~~~[m[K
[01m[K/home/matus/ros2_ws/src/block3_matuska/src/zadanie3_node.cpp:140:56:[m[K [01;31m[Kerror: [m[Kredeclaration of â€˜[01m[Kmoveit::planning_interface::MoveGroupInterface::Plan my_plan[m[Kâ€™
  140 |   moveit::planning_interface::MoveGroupInterface::Plan [01;31m[Kmy_plan[m[K;
      |                                                        [01;31m[K^~~~~~~[m[K
[01m[K/home/matus/ros2_ws/src/block3_matuska/src/zadanie3_node.cpp:78:56:[m[K [01;36m[Knote: [m[Kâ€˜[01m[Kmoveit::planning_interface::MoveGroupInterface::Plan my_plan[m[Kâ€™ previously declared here
   78 |   moveit::planning_interface::MoveGroupInterface::Plan [01;36m[Kmy_plan[m[K;
      |                                                        [01;36m[K^~~~~~~[m[K
[01m[K/home/matus/ros2_ws/src/block3_matuska/src/zadanie3_node.cpp:141:8:[m[K [01;31m[Kerror: [m[Kredeclaration of â€˜[01m[Kbool success[m[Kâ€™
  141 |   bool [01;31m[Ksuccess[m[K = (move_group.plan(my_plan) == moveit::core::MoveItErrorCode::SUCCESS);
      |        [01;31m[K^~~~~~~[m[K
[01m[K/home/matus/ros2_ws/src/block3_matuska/src/zadanie3_node.cpp:79:8:[m[K [01;36m[Knote: [m[Kâ€˜[01m[Kbool success[m[Kâ€™ previously declared here
   79 |   bool [01;36m[Ksuccess[m[K = (move_group.plan(my_plan) == moveit::core::MoveItErrorCode::SUCCESS);
      |        [01;36m[K^~~~~~~[m[K
[01m[K/home/matus/ros2_ws/src/block3_matuska/src/zadanie3_node.cpp:26:40:[m[K [01;35m[Kwarning: [m[Kunused variable â€˜[01m[Kjoint_model_group[m[Kâ€™ [[01;35m[K]8;;https://gcc.gnu.org/onlinedocs/gcc/Warning-Options.html#index-Wunused-variable-Wunused-variable]8;;[m[K]
   26 |   const moveit::core::JointModelGroup* [01;35m[Kjoint_model_group[m[K =
      |                                        [01;35m[K^~~~~~~~~~~~~~~~~[m[K
gmake[2]: *** [CMakeFiles/zadanie3_node.dir/build.make:76: CMakeFiles/zadanie3_node.dir/src/zadanie3_node.cpp.o] Error 1
gmake[1]: *** [CMakeFiles/Makefile2:139: CMakeFiles/zadanie3_node.dir/all] Error 2
gmake: *** [Makefile:146: all] Error 2
