[0.016s] Invoking command in '/home/matus/ros2_ws/build/block3_matuska': CMAKE_PREFIX_PATH=/home/matus/ros2_ws/install/rrm_msgs:/home/matus/ros2_ws/install/trajectory_visualization:/home/matus/ros2_ws/install/rrm_simple_robot_model:/home/matus/ros2_ws/install/rrm_sim:/home/matus/ros2_ws/install/block3_matuska:/home/matus/ros2_ws/install/block2_matuska:/home/matus/ros2_ws/install/block1_matuska:/home/matus/ros2_ws/install/matuska_interface:/home/matus/ros2_ws/install/ik_solver_example:/home/matus/ros2_ws/install/eigen_example:/home/matus/ros2_ws/install/cviko1:/home/matus/ros2_ws/install/cv1:/home/matus/ros2_ws/install/abb_moveit_config:/home/matus/ros2_ws/install/abb_model:/home/matus/ros2_ws/install/abb_irb4600_ikfast:/home/matus/ros2_ws/src/install/rrm_simple_robot_model:/home/matus/ros2_ws/src/install/rrm_sim:/home/matus/ros2_ws/src/install/block1_matuska:/home/matus/ros2_ws/src/install/rrm_msgs:/home/matus/ros2_ws/src/install/matuska_interface:/opt/ros/jazzy/opt/sdformat_vendor:/opt/ros/jazzy/opt/gz_math_vendor:/opt/ros/jazzy/opt/gz_utils_vendor:/opt/ros/jazzy/opt/gz_tools_vendor:/opt/ros/jazzy/opt/gz_cmake_vendor:/opt/ros/jazzy DEBUGINFOD_URLS=https://debuginfod.ubuntu.com /usr/bin/cmake --build /home/matus/ros2_ws/build/block3_matuska -- -j12 -l12
[0.075s] [ 50%] Built target publisher_node
[0.091s] [ 75%] [32mBuilding CXX object CMakeFiles/zadanie3_node.dir/src/zadanie3_node.cpp.o[0m
[4.755s] [01m[K/home/matus/ros2_ws/src/block3_matuska/src/zadanie3_node.cpp:[m[K In function â€˜[01m[Kint[01;32m[K main[m[K(int, char**)[m[Kâ€™:
[4.756s] [01m[K/home/matus/ros2_ws/src/block3_matuska/src/zadanie3_node.cpp:119:23:[m[K [01;31m[Kerror: [m[Kredeclaration of â€˜[01m[Kstd::vector<double> current_joint_values[m[Kâ€™
[4.756s]   119 |   std::vector<double> [01;31m[Kcurrent_joint_values[m[K = move_group.getCurrentJointValues();
[4.756s]       |                       [01;31m[K^~~~~~~~~~~~~~~~~~~~[m[K
[4.756s] [01m[K/home/matus/ros2_ws/src/block3_matuska/src/zadanie3_node.cpp:57:23:[m[K [01;36m[Knote: [m[Kâ€˜[01m[Kstd::vector<double> current_joint_values[m[Kâ€™ previously declared here
[4.756s]    57 |   std::vector<double> [01;36m[Kcurrent_joint_values[m[K = move_group.getCurrentJointValues();
[4.756s]       |                       [01;36m[K^~~~~~~~~~~~~~~~~~~~[m[K
[4.756s] [01m[K/home/matus/ros2_ws/src/block3_matuska/src/zadanie3_node.cpp:128:23:[m[K [01;31m[Kerror: [m[Kredeclaration of â€˜[01m[Kstd::vector<double> joint_group_positions[m[Kâ€™
[4.756s]   128 |   std::vector<double> [01;31m[Kjoint_group_positions[m[K = {-0.83, 0.31, -0.45, 3.54, -0.85, -4.60};
[4.756s]       |                       [01;31m[K^~~~~~~~~~~~~~~~~~~~~[m[K
[4.756s] [01m[K/home/matus/ros2_ws/src/block3_matuska/src/zadanie3_node.cpp:66:23:[m[K [01;36m[Knote: [m[Kâ€˜[01m[Kstd::vector<double> joint_group_positions[m[Kâ€™ previously declared here
[4.756s]    66 |   std::vector<double> [01;36m[Kjoint_group_positions[m[K = {-0.83, 0.31, -0.45, 3.54, -0.85, -4.60};
[4.757s]       |                       [01;36m[K^~~~~~~~~~~~~~~~~~~~~[m[K
[4.757s] [01m[K/home/matus/ros2_ws/src/block3_matuska/src/zadanie3_node.cpp:130:8:[m[K [01;31m[Kerror: [m[Kredeclaration of â€˜[01m[Kbool within_bounds[m[Kâ€™
[4.757s]   130 |   bool [01;31m[Kwithin_bounds[m[K = move_group.setJointValueTarget(joint_group_positions);
[4.757s]       |        [01;31m[K^~~~~~~~~~~~~[m[K
[4.757s] [01m[K/home/matus/ros2_ws/src/block3_matuska/src/zadanie3_node.cpp:68:8:[m[K [01;36m[Knote: [m[Kâ€˜[01m[Kbool within_bounds[m[Kâ€™ previously declared here
[4.757s]    68 |   bool [01;36m[Kwithin_bounds[m[K = move_group.setJointValueTarget(joint_group_positions);
[4.757s]       |        [01;36m[K^~~~~~~~~~~~~[m[K
[4.757s] [01m[K/home/matus/ros2_ws/src/block3_matuska/src/zadanie3_node.cpp:140:56:[m[K [01;31m[Kerror: [m[Kredeclaration of â€˜[01m[Kmoveit::planning_interface::MoveGroupInterface::Plan my_plan[m[Kâ€™
[4.757s]   140 |   moveit::planning_interface::MoveGroupInterface::Plan [01;31m[Kmy_plan[m[K;
[4.757s]       |                                                        [01;31m[K^~~~~~~[m[K
[4.757s] [01m[K/home/matus/ros2_ws/src/block3_matuska/src/zadanie3_node.cpp:78:56:[m[K [01;36m[Knote: [m[Kâ€˜[01m[Kmoveit::planning_interface::MoveGroupInterface::Plan my_plan[m[Kâ€™ previously declared here
[4.757s]    78 |   moveit::planning_interface::MoveGroupInterface::Plan [01;36m[Kmy_plan[m[K;
[4.757s]       |                                                        [01;36m[K^~~~~~~[m[K
[4.757s] [01m[K/home/matus/ros2_ws/src/block3_matuska/src/zadanie3_node.cpp:141:8:[m[K [01;31m[Kerror: [m[Kredeclaration of â€˜[01m[Kbool success[m[Kâ€™
[4.757s]   141 |   bool [01;31m[Ksuccess[m[K = (move_group.plan(my_plan) == moveit::core::MoveItErrorCode::SUCCESS);
[4.757s]       |        [01;31m[K^~~~~~~[m[K
[4.757s] [01m[K/home/matus/ros2_ws/src/block3_matuska/src/zadanie3_node.cpp:79:8:[m[K [01;36m[Knote: [m[Kâ€˜[01m[Kbool success[m[Kâ€™ previously declared here
[4.757s]    79 |   bool [01;36m[Ksuccess[m[K = (move_group.plan(my_plan) == moveit::core::MoveItErrorCode::SUCCESS);
[4.757s]       |        [01;36m[K^~~~~~~[m[K
[4.757s] [01m[K/home/matus/ros2_ws/src/block3_matuska/src/zadanie3_node.cpp:26:40:[m[K [01;35m[Kwarning: [m[Kunused variable â€˜[01m[Kjoint_model_group[m[Kâ€™ [[01;35m[K]8;;https://gcc.gnu.org/onlinedocs/gcc/Warning-Options.html#index-Wunused-variable-Wunused-variable]8;;[m[K]
[4.758s]    26 |   const moveit::core::JointModelGroup* [01;35m[Kjoint_model_group[m[K =
[4.758s]       |                                        [01;35m[K^~~~~~~~~~~~~~~~~[m[K
[6.904s] gmake[2]: *** [CMakeFiles/zadanie3_node.dir/build.make:76: CMakeFiles/zadanie3_node.dir/src/zadanie3_node.cpp.o] Error 1
[6.904s] gmake[1]: *** [CMakeFiles/Makefile2:139: CMakeFiles/zadanie3_node.dir/all] Error 2
[6.905s] gmake: *** [Makefile:146: all] Error 2
[6.907s] Invoked command in '/home/matus/ros2_ws/build/block3_matuska' returned '2': CMAKE_PREFIX_PATH=/home/matus/ros2_ws/install/rrm_msgs:/home/matus/ros2_ws/install/trajectory_visualization:/home/matus/ros2_ws/install/rrm_simple_robot_model:/home/matus/ros2_ws/install/rrm_sim:/home/matus/ros2_ws/install/block3_matuska:/home/matus/ros2_ws/install/block2_matuska:/home/matus/ros2_ws/install/block1_matuska:/home/matus/ros2_ws/install/matuska_interface:/home/matus/ros2_ws/install/ik_solver_example:/home/matus/ros2_ws/install/eigen_example:/home/matus/ros2_ws/install/cviko1:/home/matus/ros2_ws/install/cv1:/home/matus/ros2_ws/install/abb_moveit_config:/home/matus/ros2_ws/install/abb_model:/home/matus/ros2_ws/install/abb_irb4600_ikfast:/home/matus/ros2_ws/src/install/rrm_simple_robot_model:/home/matus/ros2_ws/src/install/rrm_sim:/home/matus/ros2_ws/src/install/block1_matuska:/home/matus/ros2_ws/src/install/rrm_msgs:/home/matus/ros2_ws/src/install/matuska_interface:/opt/ros/jazzy/opt/sdformat_vendor:/opt/ros/jazzy/opt/gz_math_vendor:/opt/ros/jazzy/opt/gz_utils_vendor:/opt/ros/jazzy/opt/gz_tools_vendor:/opt/ros/jazzy/opt/gz_cmake_vendor:/opt/ros/jazzy DEBUGINFOD_URLS=https://debuginfod.ubuntu.com /usr/bin/cmake --build /home/matus/ros2_ws/build/block3_matuska -- -j12 -l12
