[01m[K/home/matus/ros2_ws/src/block2_matuska/src/zadanie2_node.cpp:[m[K In member function â€˜[01m[Kvoid TrajectoryNode::[01;32m[KstartTrajectoryCallback[m[K(std::shared_ptr<std_srvs::srv::Trigger_Request_<std::allocator<void> > >, std::shared_ptr<std_srvs::srv::Trigger_Response_<std::allocator<void> > >)[m[Kâ€™:
[01m[K/home/matus/ros2_ws/src/block2_matuska/src/zadanie2_node.cpp:142:87:[m[K [01;31m[Kerror: [m[Kexpected â€˜[01m[K;[m[Kâ€™ before string constant
  142 |                       << position_2 << "," << velocity_2 << "," << acceleration_2 [01;31m[K","[m[K << jerk_2 << "\n";
      |                                                                                   [01;31m[K^~~[m[K

gmake[2]: *** [CMakeFiles/zadanie2_node.dir/build.make:76: CMakeFiles/zadanie2_node.dir/src/zadanie2_node.cpp.o] Error 1
gmake[1]: *** [CMakeFiles/Makefile2:139: CMakeFiles/zadanie2_node.dir/all] Error 2
gmake: *** [Makefile:146: all] Error 2
