[ 50%] Built target zadanie2_node
[ 75%] [32mBuilding CXX object CMakeFiles/zadanie22_node.dir/src/zadanie22_node.cpp.o[0m
In file included from [01m[K/opt/ros/jazzy/include/rclcpp/rclcpp/logging.hpp:24[m[K,
                 from [01m[K/opt/ros/jazzy/include/rclcpp/rclcpp/copy_all_parameter_values.hpp:27[m[K,
                 from [01m[K/opt/ros/jazzy/include/rclcpp/rclcpp/rclcpp.hpp:171[m[K,
                 from [01m[K/home/matus/ros2_ws/src/block2_matuska/src/zadanie22_node.cpp:1[m[K:
[01m[K/home/matus/ros2_ws/src/block2_matuska/src/zadanie22_node.cpp:[m[K In function â€˜[01m[KEigen::VectorXd[01;32m[K computeBestIK[m[K(const Eigen::VectorXd&, const Eigen::VectorXd&, rclcpp::Logger)[m[Kâ€™:
[01m[K/home/matus/ros2_ws/src/block2_matuska/src/zadanie22_node.cpp:54:75:[m[K [01;31m[Kerror: [m[Kâ€˜[01m[Kclass Eigen::Transpose<Eigen::Matrix<double, -1, 1> >[m[Kâ€™ has no member named â€˜[01m[Kc_str[m[Kâ€™
   54 |     RCLCPP_INFO(logger, "Best IK solution: %s", best_solution.transpose().[01;31m[Kc_str[m[K());
      |                                                                           [01;31m[K^~~~~[m[K
gmake[2]: *** [CMakeFiles/zadanie22_node.dir/build.make:76: CMakeFiles/zadanie22_node.dir/src/zadanie22_node.cpp.o] Error 1
gmake[1]: *** [CMakeFiles/Makefile2:165: CMakeFiles/zadanie22_node.dir/all] Error 2
gmake: *** [Makefile:146: all] Error 2
