[01m[K/home/matus/ros2_ws/src/block3_matuska/src/zadanie3_node.cpp:1:10:[m[K [01;31m[Kfatal error: [m[Kmoveit/move_group_interface/move_group_interface.h: No such file or directory
    1 | #include [01;31m[K<moveit/move_group_interface/move_group_interface.h>[m[K
      |          [01;31m[K^~~~~~~~~~~~~~~~~~~~~~~~~~~~~~~~~~~~~~~~~~~~~~~~~~~~[m[K
compilation terminated.
gmake[2]: *** [CMakeFiles/zadanie3_node.dir/build.make:76: CMakeFiles/zadanie3_node.dir/src/zadanie3_node.cpp.o] Error 1
gmake[1]: *** [CMakeFiles/Makefile2:137: CMakeFiles/zadanie3_node.dir/all] Error 2
gmake: *** [Makefile:146: all] Error 2
