[ 50%] [32mBuilding CXX object CMakeFiles/teleop_node.dir/src/teleop_node.cpp.o[0m
[01m[K/home/matus/ros2_ws/src/block1_matuska/src/teleop_node.cpp:[m[K In function ‚Äò[01m[Kint[01;32m[K main[m[K(int, char**)[m[K‚Äô:
[01m[K/home/matus/ros2_ws/src/block1_matuska/src/teleop_node.cpp:36:7:[m[K [01;31m[Kerror: [m[Kexpected ‚Äò[01m[K([m[K‚Äô before ‚Äò[01m[KTrue[m[K‚Äô
   36 | while [01;31m[KT[m[K[32m[Krue[m[K:
      |       [01;31m[K^[m[K[32m[K~~~[m[K
      |       [32m[K([m[K
[01m[K/home/matus/ros2_ws/src/block1_matuska/src/teleop_node.cpp:36:11:[m[K [01;31m[Kerror: [m[Kfound ‚Äò[01m[K:[m[K‚Äô in nested-name-specifier, expected ‚Äò[01m[K::[m[K‚Äô
   36 | while True[01;31m[K:[m[K
      |           [01;31m[K^[m[K
      |           [32m[K::[m[K
[01m[K/home/matus/ros2_ws/src/block1_matuska/src/teleop_node.cpp:36:7:[m[K [01;31m[Kerror: [m[K‚Äò[01m[KTrue[m[K‚Äô has not been declared
   36 | while [01;31m[KTrue[m[K:
      |       [01;31m[K^~~~[m[K
[01m[K/home/matus/ros2_ws/src/block1_matuska/src/teleop_node.cpp:38:37:[m[K [01;31m[Kerror: [m[Kexpected ‚Äò[01m[K)[m[K‚Äô before ‚Äò[01m[K;[m[K‚Äô token
   38 |         std::cout << "cislo klbu : "[01;31m[K;[m[K
      |                                     [01;31m[K^[m[K
      |                                     [32m[K)[m[K
[01m[K/home/matus/ros2_ws/src/block1_matuska/src/teleop_node.cpp:36:7:[m[K [01;36m[Knote: [m[Kto match this ‚Äò[01m[K([m[K‚Äô
   36 | while [01;36m[KTrue[m[K:
      |       [01;36m[K^~~~[m[K
[01m[K/home/matus/ros2_ws/src/block1_matuska/src/teleop_node.cpp:36:1:[m[K [01;35m[Kwarning: [m[Kthis ‚Äò[01m[Kwhile[m[K‚Äô clause does not guard... [[01;35m[K]8;;https://gcc.gnu.org/onlinedocs/gcc/Warning-Options.html#index-Wmisleading-indentation-Wmisleading-indentation]8;;[m[K]
   36 | [01;35m[Kwhile[m[K True:
      | [01;35m[K^~~~~[m[K
[01m[K/home/matus/ros2_ws/src/block1_matuska/src/teleop_node.cpp:39:9:[m[K [01;36m[Knote: [m[K...this statement, but the latter is misleadingly indented as if it were guarded by the ‚Äò[01m[Kwhile[m[K‚Äô
   39 |         [01;36m[Kstd[m[K::cin >> klb;
      |         [01;36m[K^~~[m[K
[01m[K/home/matus/ros2_ws/src/block1_matuska/src/teleop_node.cpp:42:13:[m[K [01;31m[Kerror: [m[Kbreak statement not within loop or switch
   42 |             [01;31m[Kbreak[m[K; // Ukonƒçi≈• program, ak u≈æ√≠vateƒæ zad√° -1
      |             [01;31m[K^~~~~[m[K
gmake[2]: *** [CMakeFiles/teleop_node.dir/build.make:76: CMakeFiles/teleop_node.dir/src/teleop_node.cpp.o] Error 1
gmake[1]: *** [CMakeFiles/Makefile2:137: CMakeFiles/teleop_node.dir/all] Error 2
gmake: *** [Makefile:146: all] Error 2
