[0.016s] Invoking command in '/home/matus/ros2_ws/src/build/block1_matuska': AMENT_PREFIX_PATH=/home/matus/ros2_ws/src/install/rrm_msgs:${AMENT_PREFIX_PATH} CMAKE_PREFIX_PATH=/home/matus/ros2_ws/src/install/rrm_msgs:/home/matus/ros2_ws/install/cviko1:/home/matus/ros2_ws/install/rrm_simple_robot_model:/home/matus/ros2_ws/install/rrm_sim:/home/matus/ros2_ws/install/block1_matuska:/home/matus/ros2_ws/install/rrm_msgs:/home/matus/ros2_ws/install/cv1:/opt/ros/jazzy/opt/gz_math_vendor:/opt/ros/jazzy/opt/gz_utils_vendor:/opt/ros/jazzy/opt/gz_cmake_vendor:/opt/ros/jazzy DEBUGINFOD_URLS=https://debuginfod.ubuntu.com LD_LIBRARY_PATH=/home/matus/ros2_ws/src/install/rrm_msgs/lib:${LD_LIBRARY_PATH} PYTHONPATH=/home/matus/ros2_ws/src/install/rrm_msgs/lib/python3.12/site-packages:${PYTHONPATH} /usr/bin/cmake --build /home/matus/ros2_ws/src/build/block1_matuska -- -j12 -l12
[0.126s] [ 50%] [32mBuilding CXX object CMakeFiles/teleop_node.dir/src/teleop_node.cpp.o[0m
[2.311s] [01m[K/home/matus/ros2_ws/src/block1_matuska/src/teleop_node.cpp:[m[K In function ‚Äò[01m[Kint[01;32m[K main[m[K(int, char**)[m[K‚Äô:
[2.311s] [01m[K/home/matus/ros2_ws/src/block1_matuska/src/teleop_node.cpp:36:7:[m[K [01;31m[Kerror: [m[Kexpected ‚Äò[01m[K([m[K‚Äô before ‚Äò[01m[KTrue[m[K‚Äô
[2.311s]    36 | while [01;31m[KT[m[K[32m[Krue[m[K:
[2.311s]       |       [01;31m[K^[m[K[32m[K~~~[m[K
[2.311s]       |       [32m[K([m[K
[2.311s] [01m[K/home/matus/ros2_ws/src/block1_matuska/src/teleop_node.cpp:36:11:[m[K [01;31m[Kerror: [m[Kfound ‚Äò[01m[K:[m[K‚Äô in nested-name-specifier, expected ‚Äò[01m[K::[m[K‚Äô
[2.311s]    36 | while True[01;31m[K:[m[K
[2.312s]       |           [01;31m[K^[m[K
[2.312s]       |           [32m[K::[m[K
[2.312s] [01m[K/home/matus/ros2_ws/src/block1_matuska/src/teleop_node.cpp:36:7:[m[K [01;31m[Kerror: [m[K‚Äò[01m[KTrue[m[K‚Äô has not been declared
[2.312s]    36 | while [01;31m[KTrue[m[K:
[2.312s]       |       [01;31m[K^~~~[m[K
[2.312s] [01m[K/home/matus/ros2_ws/src/block1_matuska/src/teleop_node.cpp:38:37:[m[K [01;31m[Kerror: [m[Kexpected ‚Äò[01m[K)[m[K‚Äô before ‚Äò[01m[K;[m[K‚Äô token
[2.312s]    38 |         std::cout << "cislo klbu : "[01;31m[K;[m[K
[2.312s]       |                                     [01;31m[K^[m[K
[2.312s]       |                                     [32m[K)[m[K
[2.312s] [01m[K/home/matus/ros2_ws/src/block1_matuska/src/teleop_node.cpp:36:7:[m[K [01;36m[Knote: [m[Kto match this ‚Äò[01m[K([m[K‚Äô
[2.312s]    36 | while [01;36m[KTrue[m[K:
[2.312s]       |       [01;36m[K^~~~[m[K
[2.312s] [01m[K/home/matus/ros2_ws/src/block1_matuska/src/teleop_node.cpp:36:1:[m[K [01;35m[Kwarning: [m[Kthis ‚Äò[01m[Kwhile[m[K‚Äô clause does not guard... [[01;35m[K]8;;https://gcc.gnu.org/onlinedocs/gcc/Warning-Options.html#index-Wmisleading-indentation-Wmisleading-indentation]8;;[m[K]
[2.312s]    36 | [01;35m[Kwhile[m[K True:
[2.312s]       | [01;35m[K^~~~~[m[K
[2.312s] [01m[K/home/matus/ros2_ws/src/block1_matuska/src/teleop_node.cpp:39:9:[m[K [01;36m[Knote: [m[K...this statement, but the latter is misleadingly indented as if it were guarded by the ‚Äò[01m[Kwhile[m[K‚Äô
[2.312s]    39 |         [01;36m[Kstd[m[K::cin >> klb;
[2.312s]       |         [01;36m[K^~~[m[K
[2.312s] [01m[K/home/matus/ros2_ws/src/block1_matuska/src/teleop_node.cpp:42:13:[m[K [01;31m[Kerror: [m[Kbreak statement not within loop or switch
[2.312s]    42 |             [01;31m[Kbreak[m[K; // Ukonƒçi≈• program, ak u≈æ√≠vateƒæ zad√° -1
[2.312s]       |             [01;31m[K^~~~~[m[K
[3.297s] gmake[2]: *** [CMakeFiles/teleop_node.dir/build.make:76: CMakeFiles/teleop_node.dir/src/teleop_node.cpp.o] Error 1
[3.298s] gmake[1]: *** [CMakeFiles/Makefile2:137: CMakeFiles/teleop_node.dir/all] Error 2
[3.298s] gmake: *** [Makefile:146: all] Error 2
[3.301s] Invoked command in '/home/matus/ros2_ws/src/build/block1_matuska' returned '2': AMENT_PREFIX_PATH=/home/matus/ros2_ws/src/install/rrm_msgs:${AMENT_PREFIX_PATH} CMAKE_PREFIX_PATH=/home/matus/ros2_ws/src/install/rrm_msgs:/home/matus/ros2_ws/install/cviko1:/home/matus/ros2_ws/install/rrm_simple_robot_model:/home/matus/ros2_ws/install/rrm_sim:/home/matus/ros2_ws/install/block1_matuska:/home/matus/ros2_ws/install/rrm_msgs:/home/matus/ros2_ws/install/cv1:/opt/ros/jazzy/opt/gz_math_vendor:/opt/ros/jazzy/opt/gz_utils_vendor:/opt/ros/jazzy/opt/gz_cmake_vendor:/opt/ros/jazzy DEBUGINFOD_URLS=https://debuginfod.ubuntu.com LD_LIBRARY_PATH=/home/matus/ros2_ws/src/install/rrm_msgs/lib:${LD_LIBRARY_PATH} PYTHONPATH=/home/matus/ros2_ws/src/install/rrm_msgs/lib/python3.12/site-packages:${PYTHONPATH} /usr/bin/cmake --build /home/matus/ros2_ws/src/build/block1_matuska -- -j12 -l12
