[0.012s] Invoking command in '/home/matus/ros2_ws/build/block2_matuska': CMAKE_PREFIX_PATH=/home/matus/ros2_ws/install/rrm_msgs:/home/matus/ros2_ws/install/trajectory_visualization:/home/matus/ros2_ws/install/rrm_simple_robot_model:/home/matus/ros2_ws/install/rrm_sim:/home/matus/ros2_ws/install/block2_matuska:/home/matus/ros2_ws/install/block1_matuska:/home/matus/ros2_ws/install/matuska_interface:/home/matus/ros2_ws/install/ik_solver_example:/home/matus/ros2_ws/install/eigen_example:/home/matus/ros2_ws/install/cviko1:/home/matus/ros2_ws/install/cv1:/home/matus/ros2_ws/install/abb_model:/home/matus/ros2_ws/install/abb_irb4600_ikfast:/home/matus/ros2_ws/src/install/rrm_simple_robot_model:/home/matus/ros2_ws/src/install/rrm_sim:/home/matus/ros2_ws/src/install/block1_matuska:/home/matus/ros2_ws/src/install/rrm_msgs:/home/matus/ros2_ws/src/install/matuska_interface:/opt/ros/jazzy/opt/gz_math_vendor:/opt/ros/jazzy/opt/gz_utils_vendor:/opt/ros/jazzy/opt/gz_cmake_vendor:/opt/ros/jazzy DEBUGINFOD_URLS=https://debuginfod.ubuntu.com /usr/bin/cmake --build /home/matus/ros2_ws/build/block2_matuska -- -j12 -l12
[0.069s] [ 50%] [32mBuilding CXX object CMakeFiles/zadanie2_node.dir/src/zadanie2_node.cpp.o[0m
[0.069s] [ 50%] [32mBuilding CXX object CMakeFiles/zadanie22_node.dir/src/zadanie22_node.cpp.o[0m
[2.572s] [01m[K/home/matus/ros2_ws/src/block2_matuska/src/zadanie22_node.cpp:120:25:[m[K [01;31m[Kerror: [m[Kâ€˜[01m[Kstd_srvs[m[Kâ€™ was not declared in this scope
[2.573s]   120 |         rclcpp::Service<[01;31m[Kstd_srvs[m[K::srv::Trigger>::SharedPtr service_;
[2.573s]       |                         [01;31m[K^~~~~~~~[m[K
[2.573s] [01m[K/home/matus/ros2_ws/src/block2_matuska/src/zadanie22_node.cpp:120:47:[m[K [01;31m[Kerror: [m[Ktemplate argument 1 is invalid
[2.573s]   120 |         rclcpp::Service<std_srvs::srv::Trigger[01;31m[K>[m[K::SharedPtr service_;
[2.573s]       |                                               [01;31m[K^[m[K
[2.573s] [01m[K/home/matus/ros2_ws/src/block2_matuska/src/zadanie22_node.cpp:120:50:[m[K [01;31m[Kerror: [m[Kexpected â€˜[01m[K;[m[Kâ€™ at end of member declaration
[2.573s]   120 |         rclcpp::Service<std_srvs::srv::Trigger>::[01;31m[KSharedPtr[m[K service_;
[2.573s]       |                                                  [01;31m[K^~~~~~~~~[m[K
[2.573s]       |                                                           [32m[K;[m[K
[2.574s] [01m[K/home/matus/ros2_ws/src/block2_matuska/src/zadanie22_node.cpp:120:60:[m[K [01;31m[Kerror: [m[Kâ€˜[01m[Kservice_[m[Kâ€™ does not name a type
[2.574s]   120 |         rclcpp::Service<std_srvs::srv::Trigger>::SharedPtr [01;31m[Kservice_[m[K;
[2.574s]       |                                                            [01;31m[K^~~~~~~~[m[K
[2.580s] [01m[K/home/matus/ros2_ws/src/block2_matuska/src/zadanie22_node.cpp:135:31:[m[K [01;31m[Kerror: [m[Kâ€˜[01m[Kstd_srvs[m[Kâ€™ was not declared in this scope
[2.580s]   135 |         const std::shared_ptr<[01;31m[Kstd_srvs[m[K::srv::Trigger::Request> request,
[2.580s]       |                               [01;31m[K^~~~~~~~[m[K
[2.580s] [01m[K/home/matus/ros2_ws/src/block2_matuska/src/zadanie22_node.cpp:135:62:[m[K [01;31m[Kerror: [m[Ktemplate argument 1 is invalid
[2.581s]   135 |         const std::shared_ptr<std_srvs::srv::Trigger::Request[01;31m[K>[m[K request,
[2.581s]       |                                                              [01;31m[K^[m[K
[2.585s] [01m[K/home/matus/ros2_ws/src/block2_matuska/src/zadanie22_node.cpp:135:31:[m[K [01;31m[Kerror: [m[Kâ€˜[01m[Kstd_srvs[m[Kâ€™ was not declared in this scope
[2.585s]   135 |         const std::shared_ptr<[01;31m[Kstd_srvs[m[K::srv::Trigger::Request> request,
[2.585s]       |                               [01;31m[K^~~~~~~~[m[K
[2.586s] [01m[K/home/matus/ros2_ws/src/block2_matuska/src/zadanie22_node.cpp:135:62:[m[K [01;31m[Kerror: [m[Ktemplate argument 1 is invalid
[2.586s]   135 |         const std::shared_ptr<std_srvs::srv::Trigger::Request[01;31m[K>[m[K request,
[2.586s]       |                                                              [01;31m[K^[m[K
[2.591s] [01m[K/home/matus/ros2_ws/src/block2_matuska/src/zadanie22_node.cpp:135:31:[m[K [01;31m[Kerror: [m[Kâ€˜[01m[Kstd_srvs[m[Kâ€™ was not declared in this scope
[2.591s]   135 |         const std::shared_ptr<[01;31m[Kstd_srvs[m[K::srv::Trigger::Request> request,
[2.591s]       |                               [01;31m[K^~~~~~~~[m[K
[2.591s] [01m[K/home/matus/ros2_ws/src/block2_matuska/src/zadanie22_node.cpp:135:62:[m[K [01;31m[Kerror: [m[Ktemplate argument 1 is invalid
[2.591s]   135 |         const std::shared_ptr<std_srvs::srv::Trigger::Request[01;31m[K>[m[K request,
[2.591s]       |                                                              [01;31m[K^[m[K
[2.591s] [01m[K/home/matus/ros2_ws/src/block2_matuska/src/zadanie22_node.cpp:135:15:[m[K [01;31m[Kerror: [m[Kinvalid template-id
[2.591s]   135 |         const [01;31m[Kstd[m[K::shared_ptr<std_srvs::srv::Trigger::Request> request,
[2.591s]       |               [01;31m[K^~~[m[K
[2.592s] [01m[K/home/matus/ros2_ws/src/block2_matuska/src/zadanie22_node.cpp:135:31:[m[K [01;31m[Kerror: [m[Kâ€˜[01m[Kstd_srvs[m[Kâ€™ has not been declared
[2.592s]   135 |         const std::shared_ptr<[01;31m[Kstd_srvs[m[K::srv::Trigger::Request> request,
[2.592s]       |                               [01;31m[K^~~~~~~~[m[K
[2.592s] [01m[K/home/matus/ros2_ws/src/block2_matuska/src/zadanie22_node.cpp:135:9:[m[K [01;31m[Kerror: [m[Kmissing template argument list after â€˜[01m[Kstd::shared_ptr[m[Kâ€™; template placeholder not permitted in parameter
[2.592s]   135 |         [01;31m[Kconst[m[K std::shared_ptr<std_srvs::srv::Trigger::Request> request,
[2.592s]       |         [01;31m[K^~~~~[m[K
[2.592s]       |              [32m[K<>[m[K
[2.592s] In file included from [01m[K/usr/include/c++/13/bits/shared_ptr.h:53[m[K,
[2.592s]                  from [01m[K/usr/include/c++/13/memory:80[m[K,
[2.592s]                  from [01m[K/opt/ros/jazzy/include/rclcpp/rclcpp/rclcpp.hpp:169[m[K,
[2.592s]                  from [01m[K/home/matus/ros2_ws/src/block2_matuska/src/zadanie22_node.cpp:1[m[K:
[2.592s] [01m[K/usr/include/c++/13/bits/shared_ptr_base.h:395:11:[m[K [01;36m[Knote: [m[Kâ€˜[01m[Ktemplate<class _Tp> class std::shared_ptr[m[Kâ€™ declared here
[2.592s]   395 |     class [01;36m[Kshared_ptr[m[K;
[2.592s]       |           [01;36m[K^~~~~~~~~~[m[K
[2.596s] [01m[K/home/matus/ros2_ws/src/block2_matuska/src/zadanie22_node.cpp:136:25:[m[K [01;31m[Kerror: [m[Kâ€˜[01m[Kstd_srvs[m[Kâ€™ was not declared in this scope
[2.596s]   136 |         std::shared_ptr<[01;31m[Kstd_srvs[m[K::srv::Trigger::Response> response) {
[2.596s]       |                         [01;31m[K^~~~~~~~[m[K
[2.596s] [01m[K/home/matus/ros2_ws/src/block2_matuska/src/zadanie22_node.cpp:136:57:[m[K [01;31m[Kerror: [m[Ktemplate argument 1 is invalid
[2.596s]   136 |         std::shared_ptr<std_srvs::srv::Trigger::Response[01;31m[K>[m[K response) {
[2.596s]       |                                                         [01;31m[K^[m[K
[2.601s] [01m[K/home/matus/ros2_ws/src/block2_matuska/src/zadanie22_node.cpp:136:25:[m[K [01;31m[Kerror: [m[Kâ€˜[01m[Kstd_srvs[m[Kâ€™ was not declared in this scope
[2.601s]   136 |         std::shared_ptr<[01;31m[Kstd_srvs[m[K::srv::Trigger::Response> response) {
[2.601s]       |                         [01;31m[K^~~~~~~~[m[K
[2.601s] [01m[K/home/matus/ros2_ws/src/block2_matuska/src/zadanie22_node.cpp:136:57:[m[K [01;31m[Kerror: [m[Ktemplate argument 1 is invalid
[2.601s]   136 |         std::shared_ptr<std_srvs::srv::Trigger::Response[01;31m[K>[m[K response) {
[2.601s]       |                                                         [01;31m[K^[m[K
[2.606s] [01m[K/home/matus/ros2_ws/src/block2_matuska/src/zadanie22_node.cpp:136:25:[m[K [01;31m[Kerror: [m[Kâ€˜[01m[Kstd_srvs[m[Kâ€™ was not declared in this scope
[2.607s]   136 |         std::shared_ptr<[01;31m[Kstd_srvs[m[K::srv::Trigger::Response> response) {
[2.607s]       |                         [01;31m[K^~~~~~~~[m[K
[2.607s] [01m[K/home/matus/ros2_ws/src/block2_matuska/src/zadanie22_node.cpp:136:57:[m[K [01;31m[Kerror: [m[Ktemplate argument 1 is invalid
[2.607s]   136 |         std::shared_ptr<std_srvs::srv::Trigger::Response[01;31m[K>[m[K response) {
[2.607s]       |                                                         [01;31m[K^[m[K
[2.607s] [01m[K/home/matus/ros2_ws/src/block2_matuska/src/zadanie22_node.cpp:136:9:[m[K [01;31m[Kerror: [m[Kinvalid template-id
[2.607s]   136 |         [01;31m[Kstd[m[K::shared_ptr<std_srvs::srv::Trigger::Response> response) {
[2.607s]       |         [01;31m[K^~~[m[K
[2.607s] [01m[K/home/matus/ros2_ws/src/block2_matuska/src/zadanie22_node.cpp:136:25:[m[K [01;31m[Kerror: [m[Kâ€˜[01m[Kstd_srvs[m[Kâ€™ has not been declared
[2.607s]   136 |         std::shared_ptr<[01;31m[Kstd_srvs[m[K::srv::Trigger::Response> response) {
[2.607s]       |                         [01;31m[K^~~~~~~~[m[K
[2.607s] [01m[K/home/matus/ros2_ws/src/block2_matuska/src/zadanie22_node.cpp:136:9:[m[K [01;31m[Kerror: [m[Kmissing template argument list after â€˜[01m[Kstd::shared_ptr[m[Kâ€™; template placeholder not permitted in parameter
[2.608s]   136 |         [01;31m[Kstd[m[K::shared_ptr<std_srvs::srv::Trigger::Response> response) {
[2.608s]       |         [01;31m[K^~~[m[K
[2.608s]       |            [32m[K<>[m[K
[2.608s] [01m[K/usr/include/c++/13/bits/shared_ptr_base.h:395:11:[m[K [01;36m[Knote: [m[Kâ€˜[01m[Ktemplate<class _Tp> class std::shared_ptr[m[Kâ€™ declared here
[2.608s]   395 |     class [01;36m[Kshared_ptr[m[K;
[2.608s]       |           [01;36m[K^~~~~~~~~~[m[K
[2.608s] [01m[K/home/matus/ros2_ws/src/block2_matuska/src/zadanie22_node.cpp:446:6:[m[K [01;31m[Kerror: [m[Kexpected â€˜[01m[K;[m[Kâ€™ after class definition
[2.608s]   446 |     }
[2.608s]       |      [01;31m[K^[m[K
[2.608s]       |      [32m[K;[m[K
[2.608s] [01m[K/home/matus/ros2_ws/src/block2_matuska/src/zadanie22_node.cpp:[m[K In constructor â€˜[01m[KTrajectoryNode::[01;32m[KTrajectoryNode[m[K()[m[Kâ€™:
[2.608s] [01m[K/home/matus/ros2_ws/src/block2_matuska/src/zadanie22_node.cpp:93:75:[m[K [01;31m[Kerror: [m[Kclass â€˜[01m[KTrajectoryNode[m[Kâ€™ does not have any field named â€˜[01m[Kcsv_file_[m[Kâ€™
[2.608s]    93 |         TrajectoryNode() : Node("zadanie2_node"), service_called_(false), [01;31m[Kcsv_file_[m[K("trajectory_log.csv") {
[2.608s]       |                                                                           [01;31m[K^~~~~~~~~[m[K
[2.611s] [01m[K/home/matus/ros2_ws/src/block2_matuska/src/zadanie22_node.cpp:95:22:[m[K [01;31m[Kerror: [m[Kâ€˜[01m[Knode[m[Kâ€™ was not declared in this scope; did you mean â€˜[01m[KNode[m[Kâ€™?
[2.611s]    95 |         publisher_ = [01;31m[Knode[m[K->create_publisher<sensor_msgs::msg::JointState>("joint_states", 10);
[2.612s]       |                      [01;31m[K^~~~[m[K
[2.612s]       |                      [32m[KNode[m[K
[2.612s] [01m[K/home/matus/ros2_ws/src/block2_matuska/src/zadanie22_node.cpp:95:73:[m[K [01;31m[Kerror: [m[Kexpected primary-expression before â€˜[01m[K>[m[Kâ€™ token
[2.612s]    95 |         publisher_ = node->create_publisher<sensor_msgs::msg::JointState[01;31m[K>[m[K("joint_states", 10);
[2.612s]       |                                                                         [01;31m[K^[m[K
[2.617s] [01m[K/home/matus/ros2_ws/src/block2_matuska/src/zadanie22_node.cpp:98:9:[m[K [01;31m[Kerror: [m[Kâ€˜[01m[Kservice_[m[Kâ€™ was not declared in this scope; did you mean â€˜[01m[Kservice_msgs[m[Kâ€™?
[2.617s]    98 |         [01;31m[Kservice_[m[K = this->create_service<std_srvs::srv::Trigger>(
[2.617s]       |         [01;31m[K^~~~~~~~[m[K
[2.617s]       |         [32m[Kservice_msgs[m[K
[2.622s] [01m[K/home/matus/ros2_ws/src/block2_matuska/src/zadanie22_node.cpp:98:41:[m[K [01;31m[Kerror: [m[Kâ€˜[01m[Kstd_srvs[m[Kâ€™ was not declared in this scope
[2.622s]    98 |         service_ = this->create_service<[01;31m[Kstd_srvs[m[K::srv::Trigger>(
[2.622s]       |                                         [01;31m[K^~~~~~~~[m[K
[2.622s] [01m[K/home/matus/ros2_ws/src/block2_matuska/src/zadanie22_node.cpp:98:26:[m[K [01;31m[Kerror: [m[Kparse error in template argument list
[2.622s]    98 |         service_ = this->[01;31m[Kcreate_service<std_srvs::srv::Trigger>[m[K(
[2.622s]       |                          [01;31m[K^~~~~~~~~~~~~~~~~~~~~~~~~~~~~~~~~~~~~~[m[K
[2.627s] [01m[K/home/matus/ros2_ws/src/block2_matuska/src/zadanie22_node.cpp:98:64:[m[K [01;31m[Kerror: [m[Kno matching function for call to â€˜[01m[KTrajectoryNode::create_service<<expression error> >(const char [13], std::_Bind_helper<false, void (TrajectoryNode::*)(...), TrajectoryNode*, const std::_Placeholder<1>&, const std::_Placeholder<2>&>::type)[m[Kâ€™
[2.627s]    98 |         service_ = [01;31m[Kthis->create_service<std_srvs::srv::Trigger>([m[K
[2.627s]       |                    [01;31m[K~~~~~~~~~~~~~~~~~~~~~~~~~~~~~~~~~~~~~~~~~~~~^[m[K
[2.627s]    99 | [01;31m[K            "zapni_robota",[m[K
[2.627s]       |             [01;31m[K~~~~~~~~~~~~~~~[m[K                                     
[2.628s]   100 | [01;31m[K            std::bind(&TrajectoryNode::startTrajectoryCallback, this, std::placeholders::_1, std::placeholders::_2))[m[K;
[2.628s]       |             [01;31m[K~~~~~~~~~~~~~~~~~~~~~~~~~~~~~~~~~~~~~~~~~~~~~~~~~~~~~~~~~~~~~~~~~~~~~~~~~~~~~~~~~~~~~~~~~~~~~~~~~~~~~~~~[m[K
[2.628s] In file included from [01m[K/opt/ros/jazzy/include/rclcpp/rclcpp/executors/single_threaded_executor.hpp:28[m[K,
[2.628s]                  from [01m[K/opt/ros/jazzy/include/rclcpp/rclcpp/executors.hpp:22[m[K,
[2.628s]                  from [01m[K/opt/ros/jazzy/include/rclcpp/rclcpp/rclcpp.hpp:172[m[K:
[2.628s] [01m[K/opt/ros/jazzy/include/rclcpp/rclcpp/node.hpp:302:3:[m[K [01;36m[Knote: [m[Kcandidate: â€˜[01m[Ktemplate<class ServiceT, class CallbackT> typename rclcpp::Service<ServiceT>::SharedPtr rclcpp::Node::[01;32m[Kcreate_service[m[K(const std::string&, CallbackT&&, const rmw_qos_profile_t&, rclcpp::CallbackGroup::SharedPtr)[m[Kâ€™
[2.628s]   302 |   [01;36m[Kcreate_service[m[K(
[2.628s]       |   [01;36m[K^~~~~~~~~~~~~~[m[K
[2.628s] [01m[K/opt/ros/jazzy/include/rclcpp/rclcpp/node.hpp:302:3:[m[K [01;36m[Knote: [m[K  candidate expects 3 arguments, 2 provided
[2.628s] [01m[K/opt/ros/jazzy/include/rclcpp/rclcpp/node.hpp:318:3:[m[K [01;36m[Knote: [m[Kcandidate: â€˜[01m[Ktemplate<class ServiceT, class CallbackT> typename rclcpp::Service<ServiceT>::SharedPtr rclcpp::Node::[01;32m[Kcreate_service[m[K(const std::string&, CallbackT&&, const rclcpp::QoS&, rclcpp::CallbackGroup::SharedPtr)[m[Kâ€™
[2.628s]   318 |   [01;36m[Kcreate_service[m[K(
[2.628s]       |   [01;36m[K^~~~~~~~~~~~~~[m[K
[2.628s] [01m[K/opt/ros/jazzy/include/rclcpp/rclcpp/node.hpp:318:3:[m[K [01;36m[Knote: [m[K  template argument deduction/substitution failed:
[2.628s] [01m[K/home/matus/ros2_ws/src/block2_matuska/src/zadanie22_node.cpp:98:64:[m[K [01;31m[Kerror: [m[Ktemplate argument 1 is invalid
[2.628s]    98 |         service_ = [01;31m[Kthis->create_service<std_srvs::srv::Trigger>([m[K
[2.628s]       |                    [01;31m[K~~~~~~~~~~~~~~~~~~~~~~~~~~~~~~~~~~~~~~~~~~~~^[m[K
[2.628s]    99 | [01;31m[K            "zapni_robota",[m[K
[2.628s]       |             [01;31m[K~~~~~~~~~~~~~~~[m[K                                     
[2.628s]   100 | [01;31m[K            std::bind(&TrajectoryNode::startTrajectoryCallback, this, std::placeholders::_1, std::placeholders::_2))[m[K;
[2.628s]       |             [01;31m[K~~~~~~~~~~~~~~~~~~~~~~~~~~~~~~~~~~~~~~~~~~~~~~~~~~~~~~~~~~~~~~~~~~~~~~~~~~~~~~~~~~~~~~~~~~~~~~~~~~~~~~~~[m[K
[2.642s] In file included from [01m[K/opt/ros/jazzy/include/rclcpp/rclcpp/copy_all_parameter_values.hpp:27[m[K,
[2.642s]                  from [01m[K/opt/ros/jazzy/include/rclcpp/rclcpp/rclcpp.hpp:171[m[K:
[2.642s] [01m[K/home/matus/ros2_ws/src/block2_matuska/src/zadanie22_node.cpp:[m[K In member function â€˜[01m[Kvoid TrajectoryNode::[01;32m[KstartTrajectoryCallback[m[K(...)[m[Kâ€™:
[2.642s] [01m[K/home/matus/ros2_ws/src/block2_matuska/src/zadanie22_node.cpp:149:24:[m[K [01;31m[Kerror: [m[Kâ€˜[01m[Knode[m[Kâ€™ was not declared in this scope; did you mean â€˜[01m[KNode[m[Kâ€™?
[2.642s]   149 |     RCLCPP_INFO_STREAM([01;31m[Knode[m[K->get_logger(), "matica 1 = \n" << matica1);
[2.642s]       |                        [01;31m[K^~~~[m[K
[2.642s] [01m[K/home/matus/ros2_ws/src/block2_matuska/src/zadanie22_node.cpp:149:5:[m[K [01;31m[Kerror: [m[Ktemplate argument 1 is invalid
[2.643s]   149 |     [01;31m[KRCLCPP_INFO_STREAM[m[K(node->get_logger(), "matica 1 = \n" << matica1);
[2.643s]       |     [01;31m[K^~~~~~~~~~~~~~~~~~[m[K
[2.643s] [01m[K/home/matus/ros2_ws/src/block2_matuska/src/zadanie22_node.cpp:149:5:[m[K [01;31m[Kerror: [m[Ktemplate argument 1 is invalid
[2.643s]   149 |     [01;31m[KRCLCPP_INFO_STREAM[m[K(node->get_logger(), "matica 1 = \n" << matica1);
[2.643s]       |     [01;31m[K^~~~~~~~~~~~~~~~~~[m[K
[2.643s] [01m[K/home/matus/ros2_ws/src/block2_matuska/src/zadanie22_node.cpp:149:5:[m[K [01;31m[Kerror: [m[Ktemplate argument 1 is invalid
[2.643s]   149 |     [01;31m[KRCLCPP_INFO_STREAM[m[K(node->get_logger(), "matica 1 = \n" << matica1);
[2.643s]       |     [01;31m[K^~~~~~~~~~~~~~~~~~[m[K
[2.647s] [01m[K/home/matus/ros2_ws/src/block2_matuska/src/zadanie22_node.cpp:153:24:[m[K [01;31m[Kerror: [m[Kâ€˜[01m[Knode[m[Kâ€™ was not declared in this scope; did you mean â€˜[01m[KNode[m[Kâ€™?
[2.648s]   153 |     RCLCPP_INFO_STREAM([01;31m[Knode[m[K->get_logger(), "matica 2 = \n" << matica2);
[2.648s]       |                        [01;31m[K^~~~[m[K
[2.648s] [01m[K/home/matus/ros2_ws/src/block2_matuska/src/zadanie22_node.cpp:153:5:[m[K [01;31m[Kerror: [m[Ktemplate argument 1 is invalid
[2.648s]   153 |     [01;31m[KRCLCPP_INFO_STREAM[m[K(node->get_logger(), "matica 2 = \n" << matica2);
[2.648s]       |     [01;31m[K^~~~~~~~~~~~~~~~~~[m[K
[2.648s] [01m[K/home/matus/ros2_ws/src/block2_matuska/src/zadanie22_node.cpp:153:5:[m[K [01;31m[Kerror: [m[Ktemplate argument 1 is invalid
[2.648s]   153 |     [01;31m[KRCLCPP_INFO_STREAM[m[K(node->get_logger(), "matica 2 = \n" << matica2);
[2.648s]       |     [01;31m[K^~~~~~~~~~~~~~~~~~[m[K
[2.648s] [01m[K/home/matus/ros2_ws/src/block2_matuska/src/zadanie22_node.cpp:153:5:[m[K [01;31m[Kerror: [m[Ktemplate argument 1 is invalid
[2.648s]   153 |     [01;31m[KRCLCPP_INFO_STREAM[m[K(node->get_logger(), "matica 2 = \n" << matica2);
[2.648s]       |     [01;31m[K^~~~~~~~~~~~~~~~~~[m[K
[2.653s] [01m[K/home/matus/ros2_ws/src/block2_matuska/src/zadanie22_node.cpp:157:24:[m[K [01;31m[Kerror: [m[Kâ€˜[01m[Knode[m[Kâ€™ was not declared in this scope; did you mean â€˜[01m[KNode[m[Kâ€™?
[2.653s]   157 |     RCLCPP_INFO_STREAM([01;31m[Knode[m[K->get_logger(), "matica 3 = \n" << matica3);
[2.653s]       |                        [01;31m[K^~~~[m[K
[2.653s] [01m[K/home/matus/ros2_ws/src/block2_matuska/src/zadanie22_node.cpp:157:5:[m[K [01;31m[Kerror: [m[Ktemplate argument 1 is invalid
[2.653s]   157 |     [01;31m[KRCLCPP_INFO_STREAM[m[K(node->get_logger(), "matica 3 = \n" << matica3);
[2.653s]       |     [01;31m[K^~~~~~~~~~~~~~~~~~[m[K
[2.653s] [01m[K/home/matus/ros2_ws/src/block2_matuska/src/zadanie22_node.cpp:157:5:[m[K [01;31m[Kerror: [m[Ktemplate argument 1 is invalid
[2.653s]   157 |     [01;31m[KRCLCPP_INFO_STREAM[m[K(node->get_logger(), "matica 3 = \n" << matica3);
[2.653s]       |     [01;31m[K^~~~~~~~~~~~~~~~~~[m[K
[2.654s] [01m[K/home/matus/ros2_ws/src/block2_matuska/src/zadanie22_node.cpp:157:5:[m[K [01;31m[Kerror: [m[Ktemplate argument 1 is invalid
[2.654s]   157 |     [01;31m[KRCLCPP_INFO_STREAM[m[K(node->get_logger(), "matica 3 = \n" << matica3);
[2.654s]       |     [01;31m[K^~~~~~~~~~~~~~~~~~[m[K
[2.658s] [01m[K/home/matus/ros2_ws/src/block2_matuska/src/zadanie22_node.cpp:161:24:[m[K [01;31m[Kerror: [m[Kâ€˜[01m[Knode[m[Kâ€™ was not declared in this scope; did you mean â€˜[01m[KNode[m[Kâ€™?
[2.658s]   161 |     RCLCPP_INFO_STREAM([01;31m[Knode[m[K->get_logger(), "matica 4 = \n" << matica4);
[2.658s]       |                        [01;31m[K^~~~[m[K
[2.658s] [01m[K/home/matus/ros2_ws/src/block2_matuska/src/zadanie22_node.cpp:161:5:[m[K [01;31m[Kerror: [m[Ktemplate argument 1 is invalid
[2.658s]   161 |     [01;31m[KRCLCPP_INFO_STREAM[m[K(node->get_logger(), "matica 4 = \n" << matica4);
[2.658s]       |     [01;31m[K^~~~~~~~~~~~~~~~~~[m[K
[2.659s] [01m[K/home/matus/ros2_ws/src/block2_matuska/src/zadanie22_node.cpp:161:5:[m[K [01;31m[Kerror: [m[Ktemplate argument 1 is invalid
[2.659s]   161 |     [01;31m[KRCLCPP_INFO_STREAM[m[K(node->get_logger(), "matica 4 = \n" << matica4);
[2.659s]       |     [01;31m[K^~~~~~~~~~~~~~~~~~[m[K
[2.659s] [01m[K/home/matus/ros2_ws/src/block2_matuska/src/zadanie22_node.cpp:161:5:[m[K [01;31m[Kerror: [m[Ktemplate argument 1 is invalid
[2.659s]   161 |     [01;31m[KRCLCPP_INFO_STREAM[m[K(node->get_logger(), "matica 4 = \n" << matica4);
[2.659s]       |     [01;31m[K^~~~~~~~~~~~~~~~~~[m[K
[2.663s] [01m[K/home/matus/ros2_ws/src/block2_matuska/src/zadanie22_node.cpp:165:24:[m[K [01;31m[Kerror: [m[Kâ€˜[01m[Knode[m[Kâ€™ was not declared in this scope; did you mean â€˜[01m[KNode[m[Kâ€™?
[2.663s]   165 |     RCLCPP_INFO_STREAM([01;31m[Knode[m[K->get_logger(), "matica 5= \n" << matica5);
[2.663s]       |                        [01;31m[K^~~~[m[K
[2.663s] [01m[K/home/matus/ros2_ws/src/block2_matuska/src/zadanie22_node.cpp:165:5:[m[K [01;31m[Kerror: [m[Ktemplate argument 1 is invalid
[2.663s]   165 |     [01;31m[KRCLCPP_INFO_STREAM[m[K(node->get_logger(), "matica 5= \n" << matica5);
[2.663s]       |     [01;31m[K^~~~~~~~~~~~~~~~~~[m[K
[2.663s] [01m[K/home/matus/ros2_ws/src/block2_matuska/src/zadanie22_node.cpp:165:5:[m[K [01;31m[Kerror: [m[Ktemplate argument 1 is invalid
[2.663s]   165 |     [01;31m[KRCLCPP_INFO_STREAM[m[K(node->get_logger(), "matica 5= \n" << matica5);
[2.663s]       |     [01;31m[K^~~~~~~~~~~~~~~~~~[m[K
[2.663s] [01m[K/home/matus/ros2_ws/src/block2_matuska/src/zadanie22_node.cpp:165:5:[m[K [01;31m[Kerror: [m[Ktemplate argument 1 is invalid
[2.663s]   165 |     [01;31m[KRCLCPP_INFO_STREAM[m[K(node->get_logger(), "matica 5= \n" << matica5);
[2.664s]       |     [01;31m[K^~~~~~~~~~~~~~~~~~[m[K
[2.667s] [01m[K/home/matus/ros2_ws/src/block2_matuska/src/zadanie22_node.cpp:169:24:[m[K [01;31m[Kerror: [m[Kâ€˜[01m[Knode[m[Kâ€™ was not declared in this scope; did you mean â€˜[01m[KNode[m[Kâ€™?
[2.667s]   169 |     RCLCPP_INFO_STREAM([01;31m[Knode[m[K->get_logger(), "matica 6= \n" << matica9);
[2.668s]       |                        [01;31m[K^~~~[m[K
[2.668s] [01m[K/home/matus/ros2_ws/src/block2_matuska/src/zadanie22_node.cpp:169:5:[m[K [01;31m[Kerror: [m[Ktemplate argument 1 is invalid
[2.668s]   169 |     [01;31m[KRCLCPP_INFO_STREAM[m[K(node->get_logger(), "matica 6= \n" << matica9);
[2.668s]       |     [01;31m[K^~~~~~~~~~~~~~~~~~[m[K
[2.668s] [01m[K/home/matus/ros2_ws/src/block2_matuska/src/zadanie22_node.cpp:169:5:[m[K [01;31m[Kerror: [m[Ktemplate argument 1 is invalid
[2.668s]   169 |     [01;31m[KRCLCPP_INFO_STREAM[m[K(node->get_logger(), "matica 6= \n" << matica9);
[2.668s]       |     [01;31m[K^~~~~~~~~~~~~~~~~~[m[K
[2.668s] [01m[K/home/matus/ros2_ws/src/block2_matuska/src/zadanie22_node.cpp:169:5:[m[K [01;31m[Kerror: [m[Ktemplate argument 1 is invalid
[2.668s]   169 |     [01;31m[KRCLCPP_INFO_STREAM[m[K(node->get_logger(), "matica 6= \n" << matica9);
[2.668s]       |     [01;31m[K^~~~~~~~~~~~~~~~~~[m[K
[2.672s] [01m[K/home/matus/ros2_ws/src/block2_matuska/src/zadanie22_node.cpp:174:24:[m[K [01;31m[Kerror: [m[Kâ€˜[01m[Knode[m[Kâ€™ was not declared in this scope; did you mean â€˜[01m[KNode[m[Kâ€™?
[2.672s]   174 |     RCLCPP_INFO_STREAM([01;31m[Knode[m[K->get_logger(), "pozicia v tzero = \n" << postzero);
[2.672s]       |                        [01;31m[K^~~~[m[K
[2.672s] [01m[K/home/matus/ros2_ws/src/block2_matuska/src/zadanie22_node.cpp:174:5:[m[K [01;31m[Kerror: [m[Ktemplate argument 1 is invalid
[2.673s]   174 |     [01;31m[KRCLCPP_INFO_STREAM[m[K(node->get_logger(), "pozicia v tzero = \n" << postzero);
[2.673s]       |     [01;31m[K^~~~~~~~~~~~~~~~~~[m[K
[2.673s] [01m[K/home/matus/ros2_ws/src/block2_matuska/src/zadanie22_node.cpp:174:5:[m[K [01;31m[Kerror: [m[Ktemplate argument 1 is invalid
[2.673s]   174 |     [01;31m[KRCLCPP_INFO_STREAM[m[K(node->get_logger(), "pozicia v tzero = \n" << postzero);
[2.673s]       |     [01;31m[K^~~~~~~~~~~~~~~~~~[m[K
[2.673s] [01m[K/home/matus/ros2_ws/src/block2_matuska/src/zadanie22_node.cpp:174:5:[m[K [01;31m[Kerror: [m[Ktemplate argument 1 is invalid
[2.673s]   174 |     [01;31m[KRCLCPP_INFO_STREAM[m[K(node->get_logger(), "pozicia v tzero = \n" << postzero);
[2.673s]       |     [01;31m[K^~~~~~~~~~~~~~~~~~[m[K
[2.677s] [01m[K/home/matus/ros2_ws/src/block2_matuska/src/zadanie22_node.cpp:178:24:[m[K [01;31m[Kerror: [m[Kâ€˜[01m[Knode[m[Kâ€™ was not declared in this scope; did you mean â€˜[01m[KNode[m[Kâ€™?
[2.677s]   178 |     RCLCPP_INFO_STREAM([01;31m[Knode[m[K->get_logger(), "pozicia v t0 = \n" << post0);
[2.677s]       |                        [01;31m[K^~~~[m[K
[2.677s] [01m[K/home/matus/ros2_ws/src/block2_matuska/src/zadanie22_node.cpp:178:5:[m[K [01;31m[Kerror: [m[Ktemplate argument 1 is invalid
[2.677s]   178 |     [01;31m[KRCLCPP_INFO_STREAM[m[K(node->get_logger(), "pozicia v t0 = \n" << post0);
[2.677s]       |     [01;31m[K^~~~~~~~~~~~~~~~~~[m[K
[2.677s] [01m[K/home/matus/ros2_ws/src/block2_matuska/src/zadanie22_node.cpp:178:5:[m[K [01;31m[Kerror: [m[Ktemplate argument 1 is invalid
[2.677s]   178 |     [01;31m[KRCLCPP_INFO_STREAM[m[K(node->get_logger(), "pozicia v t0 = \n" << post0);
[2.678s]       |     [01;31m[K^~~~~~~~~~~~~~~~~~[m[K
[2.678s] [01m[K/home/matus/ros2_ws/src/block2_matuska/src/zadanie22_node.cpp:178:5:[m[K [01;31m[Kerror: [m[Ktemplate argument 1 is invalid
[2.678s]   178 |     [01;31m[KRCLCPP_INFO_STREAM[m[K(node->get_logger(), "pozicia v t0 = \n" << post0);
[2.678s]       |     [01;31m[K^~~~~~~~~~~~~~~~~~[m[K
[2.682s] [01m[K/home/matus/ros2_ws/src/block2_matuska/src/zadanie22_node.cpp:182:24:[m[K [01;31m[Kerror: [m[Kâ€˜[01m[Knode[m[Kâ€™ was not declared in this scope; did you mean â€˜[01m[KNode[m[Kâ€™?
[2.682s]   182 |     RCLCPP_INFO_STREAM([01;31m[Knode[m[K->get_logger(), "pozicia v t1 = \n" << post1);
[2.682s]       |                        [01;31m[K^~~~[m[K
[2.682s] [01m[K/home/matus/ros2_ws/src/block2_matuska/src/zadanie22_node.cpp:182:5:[m[K [01;31m[Kerror: [m[Ktemplate argument 1 is invalid
[2.682s]   182 |     [01;31m[KRCLCPP_INFO_STREAM[m[K(node->get_logger(), "pozicia v t1 = \n" << post1);
[2.682s]       |     [01;31m[K^~~~~~~~~~~~~~~~~~[m[K
[2.682s] [01m[K/home/matus/ros2_ws/src/block2_matuska/src/zadanie22_node.cpp:182:5:[m[K [01;31m[Kerror: [m[Ktemplate argument 1 is invalid
[2.682s]   182 |     [01;31m[KRCLCPP_INFO_STREAM[m[K(node->get_logger(), "pozicia v t1 = \n" << post1);
[2.682s]       |     [01;31m[K^~~~~~~~~~~~~~~~~~[m[K
[2.682s] [01m[K/home/matus/ros2_ws/src/block2_matuska/src/zadanie22_node.cpp:182:5:[m[K [01;31m[Kerror: [m[Ktemplate argument 1 is invalid
[2.682s]   182 |     [01;31m[KRCLCPP_INFO_STREAM[m[K(node->get_logger(), "pozicia v t1 = \n" << post1);
[2.682s]       |     [01;31m[K^~~~~~~~~~~~~~~~~~[m[K
[2.686s] [01m[K/home/matus/ros2_ws/src/block2_matuska/src/zadanie22_node.cpp:186:24:[m[K [01;31m[Kerror: [m[Kâ€˜[01m[Knode[m[Kâ€™ was not declared in this scope; did you mean â€˜[01m[KNode[m[Kâ€™?
[2.686s]   186 |     RCLCPP_INFO_STREAM([01;31m[Knode[m[K->get_logger(), "pozicia v t2 = \n" << post2);
[2.686s]       |                        [01;31m[K^~~~[m[K
[2.686s] [01m[K/home/matus/ros2_ws/src/block2_matuska/src/zadanie22_node.cpp:186:5:[m[K [01;31m[Kerror: [m[Ktemplate argument 1 is invalid
[2.686s]   186 |     [01;31m[KRCLCPP_INFO_STREAM[m[K(node->get_logger(), "pozicia v t2 = \n" << post2);
[2.686s]       |     [01;31m[K^~~~~~~~~~~~~~~~~~[m[K
[2.686s] [01m[K/home/matus/ros2_ws/src/block2_matuska/src/zadanie22_node.cpp:186:5:[m[K [01;31m[Kerror: [m[Ktemplate argument 1 is invalid
[2.686s]   186 |     [01;31m[KRCLCPP_INFO_STREAM[m[K(node->get_logger(), "pozicia v t2 = \n" << post2);
[2.686s]       |     [01;31m[K^~~~~~~~~~~~~~~~~~[m[K
[2.687s] [01m[K/home/matus/ros2_ws/src/block2_matuska/src/zadanie22_node.cpp:186:5:[m[K [01;31m[Kerror: [m[Ktemplate argument 1 is invalid
[2.687s]   186 |     [01;31m[KRCLCPP_INFO_STREAM[m[K(node->get_logger(), "pozicia v t2 = \n" << post2);
[2.687s]       |     [01;31m[K^~~~~~~~~~~~~~~~~~[m[K
[2.690s] [01m[K/home/matus/ros2_ws/src/block2_matuska/src/zadanie22_node.cpp:190:24:[m[K [01;31m[Kerror: [m[Kâ€˜[01m[Knode[m[Kâ€™ was not declared in this scope; did you mean â€˜[01m[KNode[m[Kâ€™?
[2.690s]   190 |     RCLCPP_INFO_STREAM([01;31m[Knode[m[K->get_logger(), "pozicia v t3 = \n" << post3);
[2.691s]       |                        [01;31m[K^~~~[m[K
[2.691s] [01m[K/home/matus/ros2_ws/src/block2_matuska/src/zadanie22_node.cpp:190:5:[m[K [01;31m[Kerror: [m[Ktemplate argument 1 is invalid
[2.691s]   190 |     [01;31m[KRCLCPP_INFO_STREAM[m[K(node->get_logger(), "pozicia v t3 = \n" << post3);
[2.691s]       |     [01;31m[K^~~~~~~~~~~~~~~~~~[m[K
[2.691s] [01m[K/home/matus/ros2_ws/src/block2_matuska/src/zadanie22_node.cpp:190:5:[m[K [01;31m[Kerror: [m[Ktemplate argument 1 is invalid
[2.691s]   190 |     [01;31m[KRCLCPP_INFO_STREAM[m[K(node->get_logger(), "pozicia v t3 = \n" << post3);
[2.691s]       |     [01;31m[K^~~~~~~~~~~~~~~~~~[m[K
[2.691s] [01m[K/home/matus/ros2_ws/src/block2_matuska/src/zadanie22_node.cpp:190:5:[m[K [01;31m[Kerror: [m[Ktemplate argument 1 is invalid
[2.691s]   190 |     [01;31m[KRCLCPP_INFO_STREAM[m[K(node->get_logger(), "pozicia v t3 = \n" << post3);
[2.691s]       |     [01;31m[K^~~~~~~~~~~~~~~~~~[m[K
[2.695s] [01m[K/home/matus/ros2_ws/src/block2_matuska/src/zadanie22_node.cpp:194:24:[m[K [01;31m[Kerror: [m[Kâ€˜[01m[Knode[m[Kâ€™ was not declared in this scope; did you mean â€˜[01m[KNode[m[Kâ€™?
[2.695s]   194 |     RCLCPP_INFO_STREAM([01;31m[Knode[m[K->get_logger(), "pozicia v t4 = \n" << post4);
[2.695s]       |                        [01;31m[K^~~~[m[K
[2.695s] [01m[K/home/matus/ros2_ws/src/block2_matuska/src/zadanie22_node.cpp:194:5:[m[K [01;31m[Kerror: [m[Ktemplate argument 1 is invalid
[2.695s]   194 |     [01;31m[KRCLCPP_INFO_STREAM[m[K(node->get_logger(), "pozicia v t4 = \n" << post4);
[2.695s]       |     [01;31m[K^~~~~~~~~~~~~~~~~~[m[K
[2.695s] [01m[K/home/matus/ros2_ws/src/block2_matuska/src/zadanie22_node.cpp:194:5:[m[K [01;31m[Kerror: [m[Ktemplate argument 1 is invalid
[2.695s]   194 |     [01;31m[KRCLCPP_INFO_STREAM[m[K(node->get_logger(), "pozicia v t4 = \n" << post4);
[2.696s]       |     [01;31m[K^~~~~~~~~~~~~~~~~~[m[K
[2.696s] [01m[K/home/matus/ros2_ws/src/block2_matuska/src/zadanie22_node.cpp:194:5:[m[K [01;31m[Kerror: [m[Ktemplate argument 1 is invalid
[2.696s]   194 |     [01;31m[KRCLCPP_INFO_STREAM[m[K(node->get_logger(), "pozicia v t4 = \n" << post4);
[2.696s]       |     [01;31m[K^~~~~~~~~~~~~~~~~~[m[K
[2.700s] [01m[K/home/matus/ros2_ws/src/block2_matuska/src/zadanie22_node.cpp:198:24:[m[K [01;31m[Kerror: [m[Kâ€˜[01m[Knode[m[Kâ€™ was not declared in this scope; did you mean â€˜[01m[KNode[m[Kâ€™?
[2.700s]   198 |     RCLCPP_INFO_STREAM([01;31m[Knode[m[K->get_logger(), "pozicia v t5 = \n" << post5);
[2.700s]       |                        [01;31m[K^~~~[m[K
[2.700s] [01m[K/home/matus/ros2_ws/src/block2_matuska/src/zadanie22_node.cpp:198:5:[m[K [01;31m[Kerror: [m[Ktemplate argument 1 is invalid
[2.700s]   198 |     [01;31m[KRCLCPP_INFO_STREAM[m[K(node->get_logger(), "pozicia v t5 = \n" << post5);
[2.700s]       |     [01;31m[K^~~~~~~~~~~~~~~~~~[m[K
[2.700s] [01m[K/home/matus/ros2_ws/src/block2_matuska/src/zadanie22_node.cpp:198:5:[m[K [01;31m[Kerror: [m[Ktemplate argument 1 is invalid
[2.700s]   198 |     [01;31m[KRCLCPP_INFO_STREAM[m[K(node->get_logger(), "pozicia v t5 = \n" << post5);
[2.701s]       |     [01;31m[K^~~~~~~~~~~~~~~~~~[m[K
[2.701s] [01m[K/home/matus/ros2_ws/src/block2_matuska/src/zadanie22_node.cpp:198:5:[m[K [01;31m[Kerror: [m[Ktemplate argument 1 is invalid
[2.701s]   198 |     [01;31m[KRCLCPP_INFO_STREAM[m[K(node->get_logger(), "pozicia v t5 = \n" << post5);
[2.701s]       |     [01;31m[K^~~~~~~~~~~~~~~~~~[m[K
[2.705s] [01m[K/home/matus/ros2_ws/src/block2_matuska/src/zadanie22_node.cpp:202:24:[m[K [01;31m[Kerror: [m[Kâ€˜[01m[Knode[m[Kâ€™ was not declared in this scope; did you mean â€˜[01m[KNode[m[Kâ€™?
[2.705s]   202 |     RCLCPP_INFO_STREAM([01;31m[Knode[m[K->get_logger(), "pozicia v t9 = \n" << post9);
[2.705s]       |                        [01;31m[K^~~~[m[K
[2.705s] [01m[K/home/matus/ros2_ws/src/block2_matuska/src/zadanie22_node.cpp:202:5:[m[K [01;31m[Kerror: [m[Ktemplate argument 1 is invalid
[2.705s]   202 |     [01;31m[KRCLCPP_INFO_STREAM[m[K(node->get_logger(), "pozicia v t9 = \n" << post9);
[2.705s]       |     [01;31m[K^~~~~~~~~~~~~~~~~~[m[K
[2.705s] [01m[K/home/matus/ros2_ws/src/block2_matuska/src/zadanie22_node.cpp:202:5:[m[K [01;31m[Kerror: [m[Ktemplate argument 1 is invalid
[2.706s]   202 |     [01;31m[KRCLCPP_INFO_STREAM[m[K(node->get_logger(), "pozicia v t9 = \n" << post9);
[2.706s]       |     [01;31m[K^~~~~~~~~~~~~~~~~~[m[K
[2.706s] [01m[K/home/matus/ros2_ws/src/block2_matuska/src/zadanie22_node.cpp:202:5:[m[K [01;31m[Kerror: [m[Ktemplate argument 1 is invalid
[2.706s]   202 |     [01;31m[KRCLCPP_INFO_STREAM[m[K(node->get_logger(), "pozicia v t9 = \n" << post9);
[2.706s]       |     [01;31m[K^~~~~~~~~~~~~~~~~~[m[K
[2.709s] [01m[K/home/matus/ros2_ws/src/block2_matuska/src/zadanie22_node.cpp:209:60:[m[K [01;31m[Kerror: [m[Kâ€˜[01m[Knode[m[Kâ€™ was not declared in this scope; did you mean â€˜[01m[KNode[m[Kâ€™?
[2.709s]   209 |     Eigen::VectorXd best_klb0 = computeIK(postzero, post0, [01;31m[Knode[m[K->get_logger());
[2.709s]       |                                                            [01;31m[K^~~~[m[K
[2.710s]       |                                                            [32m[KNode[m[K
[2.737s] [01m[K/home/matus/ros2_ws/src/block2_matuska/src/zadanie22_node.cpp:368:5:[m[K [01;31m[Kerror: [m[Kâ€˜[01m[Kjoint_state[m[Kâ€™ was not declared in this scope; did you mean â€˜[01m[Kjoint_state_[m[Kâ€™?
[2.738s]   368 |     [01;31m[Kjoint_state[m[K.header.stamp = node->get_clock()->now();
[2.738s]       |     [01;31m[K^~~~~~~~~~~[m[K
[2.738s]       |     [32m[Kjoint_state_[m[K
[2.743s] [01m[K/home/matus/ros2_ws/src/block2_matuska/src/zadanie22_node.cpp:435:13:[m[K [01;31m[Kerror: [m[Kâ€˜[01m[Kpublisher[m[Kâ€™ was not declared in this scope; did you mean â€˜[01m[Kpublisher_[m[Kâ€™?
[2.743s]   435 |             [01;31m[Kpublisher[m[K->publish(joint_state);
[2.743s]       |             [01;31m[K^~~~~~~~~[m[K
[2.743s]       |             [32m[Kpublisher_[m[K
[2.749s] [01m[K/home/matus/ros2_ws/src/block2_matuska/src/zadanie22_node.cpp:440:13:[m[K [01;31m[Kerror: [m[Kâ€˜[01m[Kresponse[m[Kâ€™ was not declared in this scope
[2.749s]   440 |             [01;31m[Kresponse[m[K->success = true;
[2.750s]       |             [01;31m[K^~~~~~~~[m[K
[5.053s] gmake[2]: *** [CMakeFiles/zadanie22_node.dir/build.make:76: CMakeFiles/zadanie22_node.dir/src/zadanie22_node.cpp.o] Error 1
[5.054s] gmake[1]: *** [CMakeFiles/Makefile2:165: CMakeFiles/zadanie22_node.dir/all] Error 2
[5.054s] gmake[1]: *** Waiting for unfinished jobs....
[7.005s] [ 75%] [32m[1mLinking CXX executable zadanie2_node[0m
[7.196s] [ 75%] Built target zadanie2_node
[7.197s] gmake: *** [Makefile:146: all] Error 2
[7.199s] Invoked command in '/home/matus/ros2_ws/build/block2_matuska' returned '2': CMAKE_PREFIX_PATH=/home/matus/ros2_ws/install/rrm_msgs:/home/matus/ros2_ws/install/trajectory_visualization:/home/matus/ros2_ws/install/rrm_simple_robot_model:/home/matus/ros2_ws/install/rrm_sim:/home/matus/ros2_ws/install/block2_matuska:/home/matus/ros2_ws/install/block1_matuska:/home/matus/ros2_ws/install/matuska_interface:/home/matus/ros2_ws/install/ik_solver_example:/home/matus/ros2_ws/install/eigen_example:/home/matus/ros2_ws/install/cviko1:/home/matus/ros2_ws/install/cv1:/home/matus/ros2_ws/install/abb_model:/home/matus/ros2_ws/install/abb_irb4600_ikfast:/home/matus/ros2_ws/src/install/rrm_simple_robot_model:/home/matus/ros2_ws/src/install/rrm_sim:/home/matus/ros2_ws/src/install/block1_matuska:/home/matus/ros2_ws/src/install/rrm_msgs:/home/matus/ros2_ws/src/install/matuska_interface:/opt/ros/jazzy/opt/gz_math_vendor:/opt/ros/jazzy/opt/gz_utils_vendor:/opt/ros/jazzy/opt/gz_cmake_vendor:/opt/ros/jazzy DEBUGINFOD_URLS=https://debuginfod.ubuntu.com /usr/bin/cmake --build /home/matus/ros2_ws/build/block2_matuska -- -j12 -l12
