[ 50%] [32mBuilding CXX object CMakeFiles/teleop_node.dir/src/teleop_node.cpp.o[0m
[01m[K/home/matus/ros2_ws/src/block1_matuska/src/teleop_node.cpp:[m[K In function â€˜[01m[Kint[01;32m[K main[m[K(int, char**)[m[Kâ€™:
[01m[K/home/matus/ros2_ws/src/block1_matuska/src/teleop_node.cpp:36:13:[m[K [01;31m[Kerror: [m[Kexpected primary-expression before â€˜[01m[K:[m[Kâ€™ token
   36 | while (true)[01;31m[K:[m[K
      |             [01;31m[K^[m[K
[01m[K/home/matus/ros2_ws/src/block1_matuska/src/teleop_node.cpp:42:13:[m[K [01;31m[Kerror: [m[Kbreak statement not within loop or switch
   42 |             [01;31m[Kbreak[m[K;
      |             [01;31m[K^~~~~[m[K
gmake[2]: *** [CMakeFiles/teleop_node.dir/build.make:76: CMakeFiles/teleop_node.dir/src/teleop_node.cpp.o] Error 1
gmake[1]: *** [CMakeFiles/Makefile2:137: CMakeFiles/teleop_node.dir/all] Error 2
gmake: *** [Makefile:146: all] Error 2
