[0.012s] Invoking command in '/home/matus/ros2_ws/build/block1_matuska': CMAKE_PREFIX_PATH=/home/matus/ros2_ws/install/rrm_msgs:/home/matus/ros2_ws/install/matuska_interface:/home/matus/ros2_ws/install/rrm_simple_robot_model:/home/matus/ros2_ws/install/rrm_sim:/home/matus/ros2_ws/install/block1_matuska:/home/matus/ros2_ws/install/cviko1:/home/matus/ros2_ws/install/cv1:/home/matus/ros2_ws/src/install/rrm_simple_robot_model:/home/matus/ros2_ws/src/install/rrm_sim:/home/matus/ros2_ws/src/install/block1_matuska:/home/matus/ros2_ws/src/install/rrm_msgs:/home/matus/ros2_ws/src/install/matuska_interface:/opt/ros/jazzy/opt/gz_math_vendor:/opt/ros/jazzy/opt/gz_utils_vendor:/opt/ros/jazzy/opt/gz_cmake_vendor:/opt/ros/jazzy DEBUGINFOD_URLS=https://debuginfod.ubuntu.com /usr/bin/cmake --build /home/matus/ros2_ws/build/block1_matuska -- -j12 -l12
[0.035s] -- Found ament_cmake: 2.5.2 (/opt/ros/jazzy/share/ament_cmake/cmake)
[0.204s] -- Found rclcpp: 28.1.5 (/opt/ros/jazzy/share/rclcpp/cmake)
[0.225s] -- Found rosidl_generator_c: 4.6.4 (/opt/ros/jazzy/share/rosidl_generator_c/cmake)
[0.231s] -- Found rosidl_generator_cpp: 4.6.4 (/opt/ros/jazzy/share/rosidl_generator_cpp/cmake)
[0.240s] -- Using all available rosidl_typesupport_c: rosidl_typesupport_fastrtps_c;rosidl_typesupport_introspection_c
[0.250s] -- Using all available rosidl_typesupport_cpp: rosidl_typesupport_fastrtps_cpp;rosidl_typesupport_introspection_cpp
[0.304s] -- Found rmw_implementation_cmake: 7.3.1 (/opt/ros/jazzy/share/rmw_implementation_cmake/cmake)
[0.306s] -- Found rmw_fastrtps_cpp: 8.4.1 (/opt/ros/jazzy/share/rmw_fastrtps_cpp/cmake)
[0.367s] -- Using RMW implementation 'rmw_fastrtps_cpp' as default
[0.426s] -- Found rrm_msgs: 0.0.0 (/home/matus/ros2_ws/install/rrm_msgs/share/rrm_msgs/cmake)
[0.439s] -- Found sensor_msgs: 5.3.5 (/opt/ros/jazzy/share/sensor_msgs/cmake)
[0.490s] -- Found matuska_interface: 0.0.0 (/home/matus/ros2_ws/install/matuska_interface/share/matuska_interface/cmake)
[0.503s] -- Found ament_lint_auto: 0.17.1 (/opt/ros/jazzy/share/ament_lint_auto/cmake)
[0.573s] -- Added test 'cppcheck' to perform static code analysis on C / C++ code
[0.573s] -- Configured cppcheck include dirs: $<BUILD_INTERFACE:/home/matus/ros2_ws/src/block1_matuska/include>
[0.573s] -- Configured cppcheck exclude dirs and/or files: 
[0.573s] -- Added test 'lint_cmake' to check CMake code style
[0.574s] -- Added test 'uncrustify' to check C / C++ code style
[0.574s] -- Configured uncrustify additional arguments: 
[0.574s] -- Added test 'xmllint' to check XML markup files
[0.575s] -- Configuring done (0.5s)
[0.590s] -- Generating done (0.0s)
[0.591s] -- Build files have been written to: /home/matus/ros2_ws/build/block1_matuska
[0.633s] [ 75%] [32mBuilding CXX object CMakeFiles/logger_node.dir/src/logger_node.cpp.o[0m
[0.633s] [ 75%] Built target teleop_node
[2.587s] [01m[K/home/matus/ros2_ws/src/block1_matuska/src/logger_node.cpp:8:7:[m[K [01;31m[Kerror: [m[Kredefinition of â€˜[01m[Kclass JointLogger[m[Kâ€™
[2.587s]     8 | class [01;31m[KJointLogger[m[K : public rclcpp::Node
[2.587s]       |       [01;31m[K^~~~~~~~~~~[m[K
[2.587s] In file included from [01m[K/home/matus/ros2_ws/src/block1_matuska/src/logger_node.cpp:2[m[K:
[2.587s] [01m[K/home/matus/ros2_ws/src/block1_matuska/include/logger_node.hpp:4:7:[m[K [01;36m[Knote: [m[Kprevious definition of â€˜[01m[Kclass JointLogger[m[Kâ€™
[2.587s]     4 | class [01;36m[KJointLogger[m[K : public rclcpp::Node
[2.587s]       |       [01;36m[K^~~~~~~~~~~[m[K
[2.587s] [01m[K/home/matus/ros2_ws/src/block1_matuska/src/logger_node.cpp:8:1:[m[K [01;31m[Kerror: [m[Knew types may not be defined in a return type
[2.587s]     8 | [01;31m[Kclass[m[K JointLogger : public rclcpp::Node
[2.587s]       | [01;31m[K^~~~~[m[K
[2.587s] [01m[K/home/matus/ros2_ws/src/block1_matuska/src/logger_node.cpp:8:1:[m[K [01;36m[Knote: [m[K(perhaps a semicolon is missing after the definition of â€˜[01m[K<type error>[m[Kâ€™)
[2.599s] [01m[K/home/matus/ros2_ws/src/block1_matuska/src/logger_node.cpp:[m[K In constructor â€˜[01m[KJointLogger::[01;32m[KJointLogger[m[K()[m[Kâ€™:
[2.599s] [01m[K/home/matus/ros2_ws/src/block1_matuska/src/logger_node.cpp:27:5:[m[K [01;31m[Kerror: [m[Kâ€˜[01m[Kservice_[m[Kâ€™ was not declared in this scope; did you mean â€˜[01m[Kservice_msgs[m[Kâ€™?
[2.599s]    27 |     [01;31m[Kservice_[m[K = this->create_service<matuska_interface::srv::TeachPosition>("my_service",
[2.599s]       |     [01;31m[K^~~~~~~~[m[K
[2.599s]       |     [32m[Kservice_msgs[m[K
[2.599s] [01m[K/home/matus/ros2_ws/src/block1_matuska/src/logger_node.cpp:28:33:[m[K [01;31m[Kerror: [m[Kâ€˜[01m[Kteach_position_callback[m[Kâ€™ is not a member of â€˜[01m[KJointLogger[m[Kâ€™
[2.599s]    28 |         std::bind(&JointLogger::[01;31m[Kteach_position_callback[m[K, this, std::placeholders::_1, std::placeholders::_2));
[2.599s]       |                                 [01;31m[K^~~~~~~~~~~~~~~~~~~~~~~[m[K
[2.601s] [01m[K/home/matus/ros2_ws/src/block1_matuska/src/logger_node.cpp:[m[K At global scope:
[2.601s] [01m[K/home/matus/ros2_ws/src/block1_matuska/src/logger_node.cpp:47:6:[m[K [01;31m[Kerror: [m[Kno declaration matches â€˜[01m[Kvoid JointLogger::[01;32m[Kteach_position_callback[m[K(std::shared_ptr<matuska_interface::srv::TeachPosition_Request_<std::allocator<void> > >, std::shared_ptr<matuska_interface::srv::TeachPosition_Response_<std::allocator<void> > >)[m[Kâ€™
[2.601s]    47 | void [01;31m[KJointLogger[m[K::teach_position_callback(const std::shared_ptr<matuska_interface::srv::TeachPosition::Request>request, std::shared_ptr<matuska_interface::srv::TeachPosition::Response> response)
[2.601s]       |      [01;31m[K^~~~~~~~~~~[m[K
[2.601s] [01m[K/home/matus/ros2_ws/src/block1_matuska/src/logger_node.cpp:47:6:[m[K [01;36m[Knote: [m[Kno functions named â€˜[01m[Kvoid JointLogger::[01;32m[Kteach_position_callback[m[K(std::shared_ptr<matuska_interface::srv::TeachPosition_Request_<std::allocator<void> > >, std::shared_ptr<matuska_interface::srv::TeachPosition_Response_<std::allocator<void> > >)[m[Kâ€™
[2.601s] [01m[K/home/matus/ros2_ws/src/block1_matuska/include/logger_node.hpp:4:7:[m[K [01;36m[Knote: [m[Kâ€˜[01m[Kclass JointLogger[m[Kâ€™ defined here
[2.601s]     4 | class [01;36m[KJointLogger[m[K : public rclcpp::Node
[2.602s]       |       [01;36m[K^~~~~~~~~~~[m[K
[4.544s] gmake[2]: *** [CMakeFiles/logger_node.dir/build.make:76: CMakeFiles/logger_node.dir/src/logger_node.cpp.o] Error 1
[4.544s] gmake[1]: *** [CMakeFiles/Makefile2:165: CMakeFiles/logger_node.dir/all] Error 2
[4.545s] gmake: *** [Makefile:146: all] Error 2
[4.547s] Invoked command in '/home/matus/ros2_ws/build/block1_matuska' returned '2': CMAKE_PREFIX_PATH=/home/matus/ros2_ws/install/rrm_msgs:/home/matus/ros2_ws/install/matuska_interface:/home/matus/ros2_ws/install/rrm_simple_robot_model:/home/matus/ros2_ws/install/rrm_sim:/home/matus/ros2_ws/install/block1_matuska:/home/matus/ros2_ws/install/cviko1:/home/matus/ros2_ws/install/cv1:/home/matus/ros2_ws/src/install/rrm_simple_robot_model:/home/matus/ros2_ws/src/install/rrm_sim:/home/matus/ros2_ws/src/install/block1_matuska:/home/matus/ros2_ws/src/install/rrm_msgs:/home/matus/ros2_ws/src/install/matuska_interface:/opt/ros/jazzy/opt/gz_math_vendor:/opt/ros/jazzy/opt/gz_utils_vendor:/opt/ros/jazzy/opt/gz_cmake_vendor:/opt/ros/jazzy DEBUGINFOD_URLS=https://debuginfod.ubuntu.com /usr/bin/cmake --build /home/matus/ros2_ws/build/block1_matuska -- -j12 -l12
