[01m[K/home/matus/ros2_ws/src/block1_matuska/src/teleop_node.cpp:[m[K In function ‚Äò[01m[Kint[01;32m[K main[m[K(int, char**)[m[K‚Äô:
[01m[K/home/matus/ros2_ws/src/block1_matuska/src/teleop_node.cpp:33:7:[m[K [01;31m[Kerror: [m[Kexpected ‚Äò[01m[K([m[K‚Äô before ‚Äò[01m[KTrue[m[K‚Äô
   33 | while [01;31m[KT[m[K[32m[Krue[m[K:
      |       [01;31m[K^[m[K[32m[K~~~[m[K
      |       [32m[K([m[K
[01m[K/home/matus/ros2_ws/src/block1_matuska/src/teleop_node.cpp:33:7:[m[K [01;31m[Kerror: [m[K‚Äò[01m[KTrue[m[K‚Äô was not declared in this scope
   33 | while [01;31m[KTrue[m[K:
      |       [01;31m[K^~~~[m[K
[01m[K/home/matus/ros2_ws/src/block1_matuska/src/teleop_node.cpp:33:11:[m[K [01;31m[Kerror: [m[Kexpected ‚Äò[01m[K)[m[K‚Äô before ‚Äò[01m[K:[m[K‚Äô token
   33 | while [34m[KTrue[m[K[01;31m[K:[m[K
      |       [34m[K~~~~[m[K[01;31m[K^[m[K
      |           [32m[K)[m[K
[01m[K/home/matus/ros2_ws/src/block1_matuska/src/teleop_node.cpp:33:11:[m[K [01;31m[Kerror: [m[Kexpected primary-expression before ‚Äò[01m[K:[m[K‚Äô token
[01m[K/home/matus/ros2_ws/src/block1_matuska/src/teleop_node.cpp:39:21:[m[K [01;31m[Kerror: [m[K‚Äò[01m[Kklb[m[K‚Äô was not declared in this scope
   39 |         std::cin >> [01;31m[Kklb[m[K;
      |                     [01;31m[K^~~[m[K
[01m[K/home/matus/ros2_ws/src/block1_matuska/src/teleop_node.cpp:41:13:[m[K [01;31m[Kerror: [m[Kbreak statement not within loop or switch
   41 |             [01;31m[Kbreak[m[K; // Ukonƒçi≈• program, ak u≈æ√≠vateƒæ zad√° -1
      |             [01;31m[K^~~~~[m[K
gmake[2]: *** [CMakeFiles/teleop_node.dir/build.make:76: CMakeFiles/teleop_node.dir/src/teleop_node.cpp.o] Error 1
gmake[1]: *** [CMakeFiles/Makefile2:137: CMakeFiles/teleop_node.dir/all] Error 2
gmake: *** [Makefile:146: all] Error 2
