[0.021s] Invoking command in '/home/matus/ros2_ws/src/build/block1_matuska': AMENT_PREFIX_PATH=/home/matus/ros2_ws/src/install/rrm_msgs:${AMENT_PREFIX_PATH} CMAKE_PREFIX_PATH=/home/matus/ros2_ws/src/install/rrm_msgs:/home/matus/ros2_ws/install/cviko1:/home/matus/ros2_ws/install/rrm_simple_robot_model:/home/matus/ros2_ws/install/rrm_sim:/home/matus/ros2_ws/install/block1_matuska:/home/matus/ros2_ws/install/rrm_msgs:/home/matus/ros2_ws/install/cv1:/opt/ros/jazzy/opt/gz_math_vendor:/opt/ros/jazzy/opt/gz_utils_vendor:/opt/ros/jazzy/opt/gz_cmake_vendor:/opt/ros/jazzy DEBUGINFOD_URLS=https://debuginfod.ubuntu.com LD_LIBRARY_PATH=/home/matus/ros2_ws/src/install/rrm_msgs/lib:${LD_LIBRARY_PATH} PYTHONPATH=/home/matus/ros2_ws/src/install/rrm_msgs/lib/python3.12/site-packages:${PYTHONPATH} /usr/bin/cmake --build /home/matus/ros2_ws/src/build/block1_matuska -- -j12 -l12
[0.132s] [ 50%] [32mBuilding CXX object CMakeFiles/teleop_node.dir/src/teleop_node.cpp.o[0m
[2.321s] [01m[K/home/matus/ros2_ws/src/block1_matuska/src/teleop_node.cpp:[m[K In function ‚Äò[01m[Kint[01;32m[K main[m[K(int, char**)[m[K‚Äô:
[2.322s] [01m[K/home/matus/ros2_ws/src/block1_matuska/src/teleop_node.cpp:33:7:[m[K [01;31m[Kerror: [m[Kexpected ‚Äò[01m[K([m[K‚Äô before ‚Äò[01m[KTrue[m[K‚Äô
[2.322s]    33 | while [01;31m[KT[m[K[32m[Krue[m[K:
[2.322s]       |       [01;31m[K^[m[K[32m[K~~~[m[K
[2.322s]       |       [32m[K([m[K
[2.325s] [01m[K/home/matus/ros2_ws/src/block1_matuska/src/teleop_node.cpp:33:7:[m[K [01;31m[Kerror: [m[K‚Äò[01m[KTrue[m[K‚Äô was not declared in this scope
[2.325s]    33 | while [01;31m[KTrue[m[K:
[2.325s]       |       [01;31m[K^~~~[m[K
[2.325s] [01m[K/home/matus/ros2_ws/src/block1_matuska/src/teleop_node.cpp:33:11:[m[K [01;31m[Kerror: [m[Kexpected ‚Äò[01m[K)[m[K‚Äô before ‚Äò[01m[K:[m[K‚Äô token
[2.326s]    33 | while [34m[KTrue[m[K[01;31m[K:[m[K
[2.326s]       |       [34m[K~~~~[m[K[01;31m[K^[m[K
[2.326s]       |           [32m[K)[m[K
[2.326s] [01m[K/home/matus/ros2_ws/src/block1_matuska/src/teleop_node.cpp:33:11:[m[K [01;31m[Kerror: [m[Kexpected primary-expression before ‚Äò[01m[K:[m[K‚Äô token
[2.328s] [01m[K/home/matus/ros2_ws/src/block1_matuska/src/teleop_node.cpp:39:21:[m[K [01;31m[Kerror: [m[K‚Äò[01m[Kklb[m[K‚Äô was not declared in this scope
[2.328s]    39 |         std::cin >> [01;31m[Kklb[m[K;
[2.329s]       |                     [01;31m[K^~~[m[K
[2.329s] [01m[K/home/matus/ros2_ws/src/block1_matuska/src/teleop_node.cpp:41:13:[m[K [01;31m[Kerror: [m[Kbreak statement not within loop or switch
[2.329s]    41 |             [01;31m[Kbreak[m[K; // Ukonƒçi≈• program, ak u≈æ√≠vateƒæ zad√° -1
[2.329s]       |             [01;31m[K^~~~~[m[K
[3.299s] gmake[2]: *** [CMakeFiles/teleop_node.dir/build.make:76: CMakeFiles/teleop_node.dir/src/teleop_node.cpp.o] Error 1
[3.300s] gmake[1]: *** [CMakeFiles/Makefile2:137: CMakeFiles/teleop_node.dir/all] Error 2
[3.300s] gmake: *** [Makefile:146: all] Error 2
[3.303s] Invoked command in '/home/matus/ros2_ws/src/build/block1_matuska' returned '2': AMENT_PREFIX_PATH=/home/matus/ros2_ws/src/install/rrm_msgs:${AMENT_PREFIX_PATH} CMAKE_PREFIX_PATH=/home/matus/ros2_ws/src/install/rrm_msgs:/home/matus/ros2_ws/install/cviko1:/home/matus/ros2_ws/install/rrm_simple_robot_model:/home/matus/ros2_ws/install/rrm_sim:/home/matus/ros2_ws/install/block1_matuska:/home/matus/ros2_ws/install/rrm_msgs:/home/matus/ros2_ws/install/cv1:/opt/ros/jazzy/opt/gz_math_vendor:/opt/ros/jazzy/opt/gz_utils_vendor:/opt/ros/jazzy/opt/gz_cmake_vendor:/opt/ros/jazzy DEBUGINFOD_URLS=https://debuginfod.ubuntu.com LD_LIBRARY_PATH=/home/matus/ros2_ws/src/install/rrm_msgs/lib:${LD_LIBRARY_PATH} PYTHONPATH=/home/matus/ros2_ws/src/install/rrm_msgs/lib/python3.12/site-packages:${PYTHONPATH} /usr/bin/cmake --build /home/matus/ros2_ws/src/build/block1_matuska -- -j12 -l12
