[ 50%] [32mBuilding CXX object CMakeFiles/cv1_node.dir/src/cv1_node.cpp.o[0m
[01m[K/home/matus/ros2_ws/src/cv1/src/cv1_node.cpp:1:1:[m[K [01;31m[Kerror: [m[Kâ€˜[01m[Kinclude[m[Kâ€™ does not name a type
    1 | [01;31m[Kinclude[m[K "rclcpp/rclcpp.hpp" // Zahrnutie hlavnÃ©ho ROS2 C++ API
      | [01;31m[K^~~~~~~[m[K
gmake[2]: *** [CMakeFiles/cv1_node.dir/build.make:76: CMakeFiles/cv1_node.dir/src/cv1_node.cpp.o] Error 1
gmake[1]: *** [CMakeFiles/Makefile2:137: CMakeFiles/cv1_node.dir/all] Error 2
gmake: *** [Makefile:146: all] Error 2
