[ 50%] Built target teleop_node
[ 75%] [32mBuilding CXX object CMakeFiles/logger_node.dir/src/logger_node.cpp.o[0m
[01m[K/home/matus/ros2_ws/src/block1_matuska/src/logger_node.cpp:[m[K In constructor â€˜[01m[KJointLogger::[01;32m[KJointLogger[m[K()[m[Kâ€™:
[01m[K/home/matus/ros2_ws/src/block1_matuska/src/logger_node.cpp:9:5:[m[K [01;31m[Kerror: [m[Kâ€˜[01m[Ksubscription_[m[Kâ€™ was not declared in this scope; did you mean â€˜[01m[Ksubscribtion_[m[Kâ€™?
    9 |     [01;31m[Ksubscription_[m[K = this->create_subscription<sensor_msgs::msg::JointState>(
      |     [01;31m[K^~~~~~~~~~~~~[m[K
      |     [32m[Ksubscribtion_[m[K
[01m[K/home/matus/ros2_ws/src/block1_matuska/src/logger_node.cpp:[m[K In member function â€˜[01m[Kvoid JointLogger::[01;32m[Kteach_position_callback[m[K(std::shared_ptr<matuska_interface::srv::TeachPosition_Request_<std::allocator<void> > >, std::shared_ptr<matuska_interface::srv::TeachPosition_Response_<std::allocator<void> > >)[m[Kâ€™:
[01m[K/home/matus/ros2_ws/src/block1_matuska/src/logger_node.cpp:34:7:[m[K [01;35m[Kwarning: [m[Kunused variable â€˜[01m[Kvelocity[m[Kâ€™ [[01;35m[K]8;;https://gcc.gnu.org/onlinedocs/gcc/Warning-Options.html#index-Wunused-variable-Wunused-variable]8;;[m[K]
   34 | float [01;35m[Kvelocity[m[K = request->velocity;
      |       [01;35m[K^~~~~~~~[m[K
gmake[2]: *** [CMakeFiles/logger_node.dir/build.make:76: CMakeFiles/logger_node.dir/src/logger_node.cpp.o] Error 1
gmake[1]: *** [CMakeFiles/Makefile2:165: CMakeFiles/logger_node.dir/all] Error 2
gmake: *** [Makefile:146: all] Error 2
