-- Found ament_cmake: 2.5.2 (/opt/ros/jazzy/share/ament_cmake/cmake)
-- Found rclcpp: 28.1.5 (/opt/ros/jazzy/share/rclcpp/cmake)
-- Found rosidl_generator_c: 4.6.4 (/opt/ros/jazzy/share/rosidl_generator_c/cmake)
-- Found rosidl_generator_cpp: 4.6.4 (/opt/ros/jazzy/share/rosidl_generator_cpp/cmake)
-- Using all available rosidl_typesupport_c: rosidl_typesupport_fastrtps_c;rosidl_typesupport_introspection_c
-- Using all available rosidl_typesupport_cpp: rosidl_typesupport_fastrtps_cpp;rosidl_typesupport_introspection_cpp
-- Found rmw_implementation_cmake: 7.3.1 (/opt/ros/jazzy/share/rmw_implementation_cmake/cmake)
-- Found rmw_fastrtps_cpp: 8.4.1 (/opt/ros/jazzy/share/rmw_fastrtps_cpp/cmake)
-- Using RMW implementation 'rmw_fastrtps_cpp' as default
-- Found ament_lint_auto: 0.17.1 (/opt/ros/jazzy/share/ament_lint_auto/cmake)
-- Added test 'cppcheck' to perform static code analysis on C / C++ code
-- Configured cppcheck include dirs: $<BUILD_INTERFACE:/home/matus/ros2_ws/cviko1/include>
-- Configured cppcheck exclude dirs and/or files: 
-- Added test 'lint_cmake' to check CMake code style
-- Added test 'uncrustify' to check C / C++ code style
-- Configured uncrustify additional arguments: 
-- Added test 'xmllint' to check XML markup files
-- Configuring done (0.6s)
-- Generating done (0.0s)
-- Build files have been written to: /home/matus/ros2_ws/build/cviko1
[ 33%] [32mBuilding CXX object CMakeFiles/cviko1_node.dir/src/cviko1_node.cpp.o[0m
[ 66%] [32mBuilding CXX object CMakeFiles/cviko1_node.dir/src/robot.cpp.o[0m
[01m[K/home/matus/ros2_ws/cviko1/src/robot.cpp:1:10:[m[K [01;31m[Kfatal error: [m[Kcv1/robot.hpp: No such file or directory
    1 | #include [01;31m[K"cv1/robot.hpp"[m[K
      |          [01;31m[K^~~~~~~~~~~~~~~[m[K
[01m[K/home/matus/ros2_ws/cviko1/src/cviko1_node.cpp:1:10:[m[K [01;31m[Kfatal error: [m[Kcv1/robot.hpp: No such file or directory
    1 | #include [01;31m[K"cv1/robot.hpp"[m[K
      |          [01;31m[K^~~~~~~~~~~~~~~[m[K
compilation terminated.
compilation terminated.
gmake[2]: *** [CMakeFiles/cviko1_node.dir/build.make:76: CMakeFiles/cviko1_node.dir/src/cviko1_node.cpp.o] Error 1
gmake[2]: *** Waiting for unfinished jobs....
gmake[2]: *** [CMakeFiles/cviko1_node.dir/build.make:90: CMakeFiles/cviko1_node.dir/src/robot.cpp.o] Error 1
gmake[1]: *** [CMakeFiles/Makefile2:137: CMakeFiles/cviko1_node.dir/all] Error 2
gmake: *** [Makefile:146: all] Error 2
