[0.016s] Invoking command in '/home/matus/ros2_ws/build/cviko1': CMAKE_PREFIX_PATH=${CMAKE_PREFIX_PATH}:/opt/ros/jazzy DEBUGINFOD_URLS=https://debuginfod.ubuntu.com /usr/bin/cmake --build /home/matus/ros2_ws/build/cviko1 -- -j12 -l12
[0.047s] -- Found ament_cmake: 2.5.2 (/opt/ros/jazzy/share/ament_cmake/cmake)
[0.295s] -- Found rclcpp: 28.1.5 (/opt/ros/jazzy/share/rclcpp/cmake)
[0.328s] -- Found rosidl_generator_c: 4.6.4 (/opt/ros/jazzy/share/rosidl_generator_c/cmake)
[0.337s] -- Found rosidl_generator_cpp: 4.6.4 (/opt/ros/jazzy/share/rosidl_generator_cpp/cmake)
[0.350s] -- Using all available rosidl_typesupport_c: rosidl_typesupport_fastrtps_c;rosidl_typesupport_introspection_c
[0.365s] -- Using all available rosidl_typesupport_cpp: rosidl_typesupport_fastrtps_cpp;rosidl_typesupport_introspection_cpp
[0.438s] -- Found rmw_implementation_cmake: 7.3.1 (/opt/ros/jazzy/share/rmw_implementation_cmake/cmake)
[0.440s] -- Found rmw_fastrtps_cpp: 8.4.1 (/opt/ros/jazzy/share/rmw_fastrtps_cpp/cmake)
[0.517s] -- Using RMW implementation 'rmw_fastrtps_cpp' as default
[0.584s] -- Found ament_lint_auto: 0.17.1 (/opt/ros/jazzy/share/ament_lint_auto/cmake)
[0.656s] -- Added test 'cppcheck' to perform static code analysis on C / C++ code
[0.656s] -- Configured cppcheck include dirs: $<BUILD_INTERFACE:/home/matus/ros2_ws/cviko1/include>
[0.656s] -- Configured cppcheck exclude dirs and/or files: 
[0.656s] -- Added test 'lint_cmake' to check CMake code style
[0.657s] -- Added test 'uncrustify' to check C / C++ code style
[0.657s] -- Configured uncrustify additional arguments: 
[0.657s] -- Added test 'xmllint' to check XML markup files
[0.658s] -- Configuring done (0.6s)
[0.667s] -- Generating done (0.0s)
[0.668s] -- Build files have been written to: /home/matus/ros2_ws/build/cviko1
[0.701s] [ 33%] [32mBuilding CXX object CMakeFiles/cviko1_node.dir/src/cviko1_node.cpp.o[0m
[0.701s] [ 66%] [32mBuilding CXX object CMakeFiles/cviko1_node.dir/src/robot.cpp.o[0m
[0.709s] [01m[K/home/matus/ros2_ws/cviko1/src/robot.cpp:1:10:[m[K [01;31m[Kfatal error: [m[Kcv1/robot.hpp: No such file or directory
[0.709s]     1 | #include [01;31m[K"cv1/robot.hpp"[m[K
[0.710s]       |          [01;31m[K^~~~~~~~~~~~~~~[m[K
[0.710s] [01m[K/home/matus/ros2_ws/cviko1/src/cviko1_node.cpp:1:10:[m[K [01;31m[Kfatal error: [m[Kcv1/robot.hpp: No such file or directory
[0.710s]     1 | #include [01;31m[K"cv1/robot.hpp"[m[K
[0.710s]       |          [01;31m[K^~~~~~~~~~~~~~~[m[K
[0.710s] compilation terminated.
[0.710s] compilation terminated.
[0.710s] gmake[2]: *** [CMakeFiles/cviko1_node.dir/build.make:76: CMakeFiles/cviko1_node.dir/src/cviko1_node.cpp.o] Error 1
[0.710s] gmake[2]: *** Waiting for unfinished jobs....
[0.710s] gmake[2]: *** [CMakeFiles/cviko1_node.dir/build.make:90: CMakeFiles/cviko1_node.dir/src/robot.cpp.o] Error 1
[0.711s] gmake[1]: *** [CMakeFiles/Makefile2:137: CMakeFiles/cviko1_node.dir/all] Error 2
[0.711s] gmake: *** [Makefile:146: all] Error 2
[0.725s] Invoked command in '/home/matus/ros2_ws/build/cviko1' returned '2': CMAKE_PREFIX_PATH=${CMAKE_PREFIX_PATH}:/opt/ros/jazzy DEBUGINFOD_URLS=https://debuginfod.ubuntu.com /usr/bin/cmake --build /home/matus/ros2_ws/build/cviko1 -- -j12 -l12
