[ 50%] [32mBuilding CXX object CMakeFiles/zadanie2_node.dir/src/zadanie2_node.cpp.o[0m
[01m[K/home/matus/ros2_ws/src/block2_matuska/src/zadanie2_node.cpp:8:24:[m[K [01;31m[Kerror: [m[Kexpected identifier before numeric constant
    8 |     Eigen::MatrixXd m1([01;31m[K3[m[K, 3);
      |                        [01;31m[K^[m[K
[01m[K/home/matus/ros2_ws/src/block2_matuska/src/zadanie2_node.cpp:8:24:[m[K [01;31m[Kerror: [m[Kexpected â€˜[01m[K,[m[Kâ€™ or â€˜[01m[K...[m[Kâ€™ before numeric constant
[01m[K/home/matus/ros2_ws/src/block2_matuska/src/zadanie2_node.cpp:9:5:[m[K [01;31m[Kerror: [m[Kâ€˜[01m[Km1[m[Kâ€™ does not name a type
    9 |     [01;31m[Km1[m[K << 1, 2, 3,
      |     [01;31m[K^~[m[K
[01m[K/home/matus/ros2_ws/src/block2_matuska/src/zadanie2_node.cpp:13:26:[m[K [01;31m[Kerror: [m[Kâ€˜[01m[Kfrequency[m[Kâ€™ has not been declared
   13 |   rclcpp::Rate loop_rate([01;31m[Kfrequency[m[K); // publishing rate
      |                          [01;31m[K^~~~~~~~~[m[K
In file included from [01m[K/opt/ros/jazzy/include/rclcpp/rclcpp/copy_all_parameter_values.hpp:27[m[K,
                 from [01m[K/opt/ros/jazzy/include/rclcpp/rclcpp/rclcpp.hpp:171[m[K,
                 from [01m[K/home/matus/ros2_ws/src/block2_matuska/src/zadanie2_node.cpp:1[m[K:
[01m[K/home/matus/ros2_ws/src/block2_matuska/src/zadanie2_node.cpp:[m[K In function â€˜[01m[Kint[01;32m[K main[m[K(int, char**)[m[Kâ€™:
[01m[K/home/matus/ros2_ws/src/block2_matuska/src/zadanie2_node.cpp:48:55:[m[K [01;31m[Kerror: [m[Kâ€˜[01m[Km1[m[Kâ€™ was not declared in this scope; did you mean â€˜[01m[Ky1[m[Kâ€™?
   48 |     RCLCPP_INFO_STREAM(node->get_logger(), "m1:\n" << [01;31m[Km1[m[K);
      |                                                       [01;31m[K^~[m[K
gmake[2]: *** [CMakeFiles/zadanie2_node.dir/build.make:76: CMakeFiles/zadanie2_node.dir/src/zadanie2_node.cpp.o] Error 1
gmake[1]: *** [CMakeFiles/Makefile2:137: CMakeFiles/zadanie2_node.dir/all] Error 2
gmake: *** [Makefile:146: all] Error 2
