[0.011s] Invoking command in '/home/matus/ros2_ws/build/block2_matuska': CMAKE_PREFIX_PATH=/home/matus/ros2_ws/install/rrm_msgs:/home/matus/ros2_ws/install/trajectory_visualization:/home/matus/ros2_ws/install/rrm_simple_robot_model:/home/matus/ros2_ws/install/rrm_sim:/home/matus/ros2_ws/install/block2_matuska:/home/matus/ros2_ws/install/block1_matuska:/home/matus/ros2_ws/install/matuska_interface:/home/matus/ros2_ws/install/ik_solver_example:/home/matus/ros2_ws/install/eigen_example:/home/matus/ros2_ws/install/cviko1:/home/matus/ros2_ws/install/cv1:/home/matus/ros2_ws/install/abb_model:/home/matus/ros2_ws/install/abb_irb4600_ikfast:/home/matus/ros2_ws/src/install/rrm_simple_robot_model:/home/matus/ros2_ws/src/install/rrm_sim:/home/matus/ros2_ws/src/install/block1_matuska:/home/matus/ros2_ws/src/install/rrm_msgs:/home/matus/ros2_ws/src/install/matuska_interface:/opt/ros/jazzy/opt/gz_math_vendor:/opt/ros/jazzy/opt/gz_utils_vendor:/opt/ros/jazzy/opt/gz_cmake_vendor:/opt/ros/jazzy DEBUGINFOD_URLS=https://debuginfod.ubuntu.com /usr/bin/cmake --build /home/matus/ros2_ws/build/block2_matuska -- -j12 -l12
[0.064s] [ 50%] Built target zadanie22_node
[0.069s] [ 75%] [32mBuilding CXX object CMakeFiles/zadanie2_node.dir/src/zadanie2_node.cpp.o[0m
[2.517s] [01m[K/home/matus/ros2_ws/src/block2_matuska/src/zadanie2_node.cpp:[m[K In member function â€˜[01m[Kvoid TrajectoryNode::[01;32m[KstartTrajectoryCallback[m[K(std::shared_ptr<std_srvs::srv::Trigger_Request_<std::allocator<void> > >, std::shared_ptr<std_srvs::srv::Trigger_Response_<std::allocator<void> > >)[m[Kâ€™:
[2.517s] [01m[K/home/matus/ros2_ws/src/block2_matuska/src/zadanie2_node.cpp:114:30:[m[K [01;31m[Kerror: [m[Kâ€˜[01m[Kusing sensor_msgs::msg::JointState = struct sensor_msgs::msg::JointState_<std::allocator<void> >[m[Kâ€™ {aka â€˜[01m[Kstruct sensor_msgs::msg::JointState_<std::allocator<void> >[m[Kâ€™} has no member named â€˜[01m[Kjerk[m[Kâ€™
[2.517s]   114 |                 joint_state_.[01;31m[Kjerk[m[K[0] = hodnoty1[3];
[2.517s]       |                              [01;31m[K^~~~[m[K
[2.523s] [01m[K/home/matus/ros2_ws/src/block2_matuska/src/zadanie2_node.cpp:129:30:[m[K [01;31m[Kerror: [m[Kâ€˜[01m[Khodnoty2[m[Kâ€™ was not declared in this scope; did you mean â€˜[01m[Khodnoty[m[Kâ€™?
[2.523s]   129 |                     jerk_2 = [01;31m[Khodnoty2[m[K[3];
[2.523s]       |                              [01;31m[K^~~~~~~~[m[K
[2.523s]       |                              [32m[Khodnoty[m[K
[2.523s] [01m[K/home/matus/ros2_ws/src/block2_matuska/src/zadanie2_node.cpp:135:30:[m[K [01;31m[Kerror: [m[Kâ€˜[01m[Kusing sensor_msgs::msg::JointState = struct sensor_msgs::msg::JointState_<std::allocator<void> >[m[Kâ€™ {aka â€˜[01m[Kstruct sensor_msgs::msg::JointState_<std::allocator<void> >[m[Kâ€™} has no member named â€˜[01m[Kjerk[m[Kâ€™
[2.523s]   135 |                 joint_state_.[01;31m[Kjerk[m[K[2] = jerk_2;
[2.523s]       |                              [01;31m[K^~~~[m[K
[2.524s] [01m[K/home/matus/ros2_ws/src/block2_matuska/src/zadanie2_node.cpp:139:146:[m[K [01;31m[Kerror: [m[Kâ€˜[01m[Kusing sensor_msgs::msg::JointState = struct sensor_msgs::msg::JointState_<std::allocator<void> >[m[Kâ€™ {aka â€˜[01m[Kstruct sensor_msgs::msg::JointState_<std::allocator<void> >[m[Kâ€™} has no member named â€˜[01m[Kjerk[m[Kâ€™
[2.524s]   139 |  joint_state_.velocity[0] << "," << joint_state_.effort[0] << "," << joint_state_.[01;31m[Kjerk[m[K[0] << ","
[2.524s]       |                                                                                   [01;31m[K^~~~[m[K
[2.524s] 
[4.680s] gmake[2]: *** [CMakeFiles/zadanie2_node.dir/build.make:76: CMakeFiles/zadanie2_node.dir/src/zadanie2_node.cpp.o] Error 1
[4.681s] gmake[1]: *** [CMakeFiles/Makefile2:139: CMakeFiles/zadanie2_node.dir/all] Error 2
[4.681s] gmake: *** [Makefile:146: all] Error 2
[4.683s] Invoked command in '/home/matus/ros2_ws/build/block2_matuska' returned '2': CMAKE_PREFIX_PATH=/home/matus/ros2_ws/install/rrm_msgs:/home/matus/ros2_ws/install/trajectory_visualization:/home/matus/ros2_ws/install/rrm_simple_robot_model:/home/matus/ros2_ws/install/rrm_sim:/home/matus/ros2_ws/install/block2_matuska:/home/matus/ros2_ws/install/block1_matuska:/home/matus/ros2_ws/install/matuska_interface:/home/matus/ros2_ws/install/ik_solver_example:/home/matus/ros2_ws/install/eigen_example:/home/matus/ros2_ws/install/cviko1:/home/matus/ros2_ws/install/cv1:/home/matus/ros2_ws/install/abb_model:/home/matus/ros2_ws/install/abb_irb4600_ikfast:/home/matus/ros2_ws/src/install/rrm_simple_robot_model:/home/matus/ros2_ws/src/install/rrm_sim:/home/matus/ros2_ws/src/install/block1_matuska:/home/matus/ros2_ws/src/install/rrm_msgs:/home/matus/ros2_ws/src/install/matuska_interface:/opt/ros/jazzy/opt/gz_math_vendor:/opt/ros/jazzy/opt/gz_utils_vendor:/opt/ros/jazzy/opt/gz_cmake_vendor:/opt/ros/jazzy DEBUGINFOD_URLS=https://debuginfod.ubuntu.com /usr/bin/cmake --build /home/matus/ros2_ws/build/block2_matuska -- -j12 -l12
