[0.016s] Invoking command in '/home/matus/ros2_ws/build/cviko1': CMAKE_PREFIX_PATH=${CMAKE_PREFIX_PATH}:/opt/ros/jazzy DEBUGINFOD_URLS=https://debuginfod.ubuntu.com /usr/bin/cmake --build /home/matus/ros2_ws/build/cviko1 -- -j12 -l12
[0.083s] [ 66%] [32mBuilding CXX object CMakeFiles/cviko1_node.dir/src/robot.cpp.o[0m
[0.083s] [ 66%] [32mBuilding CXX object CMakeFiles/cviko1_node.dir/src/cviko1_node.cpp.o[0m
[0.387s] [01m[K/home/matus/ros2_ws/cviko1/src/cviko1_node.cpp:3:10:[m[K [01;31m[Kfatal error: [m[Kcv1/robot.hpp: No such file or directory
[0.387s]     3 | #include [01;31m[K"cv1/robot.hpp"[m[K
[0.387s]       |          [01;31m[K^~~~~~~~~~~~~~~[m[K
[0.387s] compilation terminated.
[0.391s] gmake[2]: *** [CMakeFiles/cviko1_node.dir/build.make:76: CMakeFiles/cviko1_node.dir/src/cviko1_node.cpp.o] Error 1
[0.392s] gmake[1]: *** [CMakeFiles/Makefile2:137: CMakeFiles/cviko1_node.dir/all] Error 2
[0.392s] gmake: *** [Makefile:146: all] Error 2
[0.395s] Invoked command in '/home/matus/ros2_ws/build/cviko1' returned '2': CMAKE_PREFIX_PATH=${CMAKE_PREFIX_PATH}:/opt/ros/jazzy DEBUGINFOD_URLS=https://debuginfod.ubuntu.com /usr/bin/cmake --build /home/matus/ros2_ws/build/cviko1 -- -j12 -l12
