[0.008s] Invoking command in '/home/matus/ros2_ws/build/block1_matuska': CMAKE_PREFIX_PATH=/home/matus/ros2_ws/install/rrm_msgs:/home/matus/ros2_ws/install/rrm_simple_robot_model:/home/matus/ros2_ws/install/rrm_sim:/home/matus/ros2_ws/install/block1_matuska:/home/matus/ros2_ws/install/cviko1:/home/matus/ros2_ws/install/cv1:/opt/ros/jazzy/opt/gz_math_vendor:/opt/ros/jazzy/opt/gz_utils_vendor:/opt/ros/jazzy/opt/gz_cmake_vendor:/opt/ros/jazzy DEBUGINFOD_URLS=https://debuginfod.ubuntu.com /usr/bin/cmake --build /home/matus/ros2_ws/build/block1_matuska -- -j12 -l12
[0.059s] [ 50%] Built target logger_node
[0.061s] [ 75%] [32mBuilding CXX object CMakeFiles/teleop_node.dir/src/teleop_node.cpp.o[0m
[2.056s] [01m[K/home/matus/ros2_ws/src/block1_matuska/src/teleop_node.cpp:[m[K In member function â€˜[01m[Kbool Teleop::[01;32m[Kmove[m[K(const std::vector<double, std::allocator<double> >&)[m[Kâ€™:
[2.057s] [01m[K/home/matus/ros2_ws/src/block1_matuska/src/teleop_node.cpp:31:32:[m[K [01;35m[Kwarning: [m[Kleft operand of comma operator has no effect [[01;35m[K]8;;https://gcc.gnu.org/onlinedocs/gcc/Warning-Options.html#index-Wunused-value-Wunused-value]8;;[m[K]
[2.057s]    31 |         request->velocities = ([01;35m[K0.5[m[K, 0.5, 0.5);
[2.057s]       |                                [01;35m[K^~~[m[K
[2.057s] [01m[K/home/matus/ros2_ws/src/block1_matuska/src/teleop_node.cpp:31:42:[m[K [01;35m[Kwarning: [m[Kright operand of comma operator has no effect [[01;35m[K]8;;https://gcc.gnu.org/onlinedocs/gcc/Warning-Options.html#index-Wunused-value-Wunused-value]8;;[m[K]
[2.057s]    31 |         request->velocities = (0.5, 0.5, [01;35m[K0.5[m[K);
[2.057s]       |                                          [01;35m[K^~~[m[K
[2.057s] [01m[K/home/matus/ros2_ws/src/block1_matuska/src/teleop_node.cpp:31:45:[m[K [01;31m[Kerror: [m[Kno match for â€˜[01m[Koperator=[m[Kâ€™ (operand types are â€˜[01m[Krrm_msgs::srv::Command_Request_<std::allocator<void> >::_velocities_type[m[Kâ€™ {aka â€˜[01m[Kstd::vector<double, std::allocator<double> >[m[Kâ€™} and â€˜[01m[Kdouble[m[Kâ€™)
[2.057s]    31 |         request->velocities = (0.5, 0.5, 0.5[01;31m[K)[m[K;
[2.057s]       |                                             [01;31m[K^[m[K
[2.057s] In file included from [01m[K/usr/include/c++/13/vector:72[m[K,
[2.057s]                  from [01m[K/opt/ros/jazzy/include/rclcpp/rclcpp/copy_all_parameter_values.hpp:19[m[K,
[2.057s]                  from [01m[K/opt/ros/jazzy/include/rclcpp/rclcpp/rclcpp.hpp:171[m[K,
[2.057s]                  from [01m[K/home/matus/ros2_ws/src/block1_matuska/src/teleop_node.cpp:1[m[K:
[2.057s] [01m[K/usr/include/c++/13/bits/vector.tcc:210:5:[m[K [01;36m[Knote: [m[Kcandidate: â€˜[01m[Kstd::vector<_Tp, _Alloc>& std::vector<_Tp, _Alloc>::[01;32m[Koperator=[m[K(const std::vector<_Tp, _Alloc>&) [35m[K[with _Tp = double; _Alloc = std::allocator<double>][m[K[m[Kâ€™
[2.057s]   210 |     [01;36m[Kvector<_Tp, _Alloc>[m[K::
[2.057s]       |     [01;36m[K^~~~~~~~~~~~~~~~~~~[m[K
[2.058s] [01m[K/usr/include/c++/13/bits/vector.tcc:211:42:[m[K [01;36m[Knote: [m[K  no known conversion for argument 1 from â€˜[01m[Kdouble[m[Kâ€™ to â€˜[01m[Kconst std::vector<double, std::allocator<double> >&[m[Kâ€™
[2.058s]   211 |     operator=([01;36m[Kconst vector<_Tp, _Alloc>& __x[m[K)
[2.058s]       |               [01;36m[K~~~~~~~~~~~~~~~~~~~~~~~~~~~^~~[m[K
[2.058s] In file included from [01m[K/usr/include/c++/13/vector:66[m[K:
[2.058s] [01m[K/usr/include/c++/13/bits/stl_vector.h:766:7:[m[K [01;36m[Knote: [m[Kcandidate: â€˜[01m[Kstd::vector<_Tp, _Alloc>& std::vector<_Tp, _Alloc>::[01;32m[Koperator=[m[K(std::vector<_Tp, _Alloc>&&) [35m[K[with _Tp = double; _Alloc = std::allocator<double>][m[K[m[Kâ€™
[2.058s]   766 |       [01;36m[Koperator[m[K=(vector&& __x) noexcept(_Alloc_traits::_S_nothrow_move())
[2.058s]       |       [01;36m[K^~~~~~~~[m[K
[2.058s] [01m[K/usr/include/c++/13/bits/stl_vector.h:766:26:[m[K [01;36m[Knote: [m[K  no known conversion for argument 1 from â€˜[01m[Kdouble[m[Kâ€™ to â€˜[01m[Kstd::vector<double, std::allocator<double> >&&[m[Kâ€™
[2.058s]   766 |       operator=([01;36m[Kvector&& __x[m[K) noexcept(_Alloc_traits::_S_nothrow_move())
[2.058s]       |                 [01;36m[K~~~~~~~~~^~~[m[K
[2.058s] [01m[K/usr/include/c++/13/bits/stl_vector.h:788:7:[m[K [01;36m[Knote: [m[Kcandidate: â€˜[01m[Kstd::vector<_Tp, _Alloc>& std::vector<_Tp, _Alloc>::[01;32m[Koperator=[m[K(std::initializer_list<_Tp>) [35m[K[with _Tp = double; _Alloc = std::allocator<double>][m[K[m[Kâ€™
[2.058s]   788 |       [01;36m[Koperator[m[K=(initializer_list<value_type> __l)
[2.058s]       |       [01;36m[K^~~~~~~~[m[K
[2.058s] [01m[K/usr/include/c++/13/bits/stl_vector.h:788:46:[m[K [01;36m[Knote: [m[K  no known conversion for argument 1 from â€˜[01m[Kdouble[m[Kâ€™ to â€˜[01m[Kstd::initializer_list<double>[m[Kâ€™
[2.058s]   788 |       operator=([01;36m[Kinitializer_list<value_type> __l[m[K)
[2.058s]       |                 [01;36m[K~~~~~~~~~~~~~~~~~~~~~~~~~~~~~^~~[m[K
[2.061s] [01m[K/home/matus/ros2_ws/src/block1_matuska/src/teleop_node.cpp:[m[K In function â€˜[01m[Kint[01;32m[K main[m[K(int, char**)[m[Kâ€™:
[2.061s] [01m[K/home/matus/ros2_ws/src/block1_matuska/src/teleop_node.cpp:58:32:[m[K [01;31m[Kerror: [m[Kexpected â€˜[01m[K;[m[Kâ€™ before â€˜[01m[Kreturn[m[Kâ€™
[2.061s]    58 |     robot.move({1.0, 1.0, 3.0})
[2.061s]       |                                [01;31m[K^[m[K
[2.061s]       |                                [32m[K;[m[K
[2.062s]    59 |     [32m[Kreturn[m[K 0;
[2.062s]       |     [32m[K~~~~~~[m[K                      
[3.078s] gmake[2]: *** [CMakeFiles/teleop_node.dir/build.make:76: CMakeFiles/teleop_node.dir/src/teleop_node.cpp.o] Error 1
[3.079s] gmake[1]: *** [CMakeFiles/Makefile2:139: CMakeFiles/teleop_node.dir/all] Error 2
[3.079s] gmake: *** [Makefile:146: all] Error 2
[3.082s] Invoked command in '/home/matus/ros2_ws/build/block1_matuska' returned '2': CMAKE_PREFIX_PATH=/home/matus/ros2_ws/install/rrm_msgs:/home/matus/ros2_ws/install/rrm_simple_robot_model:/home/matus/ros2_ws/install/rrm_sim:/home/matus/ros2_ws/install/block1_matuska:/home/matus/ros2_ws/install/cviko1:/home/matus/ros2_ws/install/cv1:/opt/ros/jazzy/opt/gz_math_vendor:/opt/ros/jazzy/opt/gz_utils_vendor:/opt/ros/jazzy/opt/gz_cmake_vendor:/opt/ros/jazzy DEBUGINFOD_URLS=https://debuginfod.ubuntu.com /usr/bin/cmake --build /home/matus/ros2_ws/build/block1_matuska -- -j12 -l12
