[ 50%] Built target zadanie22_node
[ 75%] [32mBuilding CXX object CMakeFiles/zadanie2_node.dir/src/zadanie2_node.cpp.o[0m
[01m[K/home/matus/ros2_ws/src/block2_matuska/src/zadanie2_node.cpp:[m[K In constructor â€˜[01m[KTrajectoryNode::[01;32m[KTrajectoryNode[m[K()[m[Kâ€™:
[01m[K/home/matus/ros2_ws/src/block2_matuska/src/zadanie2_node.cpp:43:22:[m[K [01;31m[Kerror: [m[Kâ€˜[01m[Kusing sensor_msgs::msg::JointState = struct sensor_msgs::msg::JointState_<std::allocator<void> >[m[Kâ€™ {aka â€˜[01m[Kstruct sensor_msgs::msg::JointState_<std::allocator<void> >[m[Kâ€™} has no member named â€˜[01m[Kjerk[m[Kâ€™
   43 |         joint_state_.[01;31m[Kjerk[m[K.resize(joint_names_.size(), 0.0);
      |                      [01;31m[K^~~~[m[K
[01m[K/home/matus/ros2_ws/src/block2_matuska/src/zadanie2_node.cpp:[m[K In member function â€˜[01m[Kvoid TrajectoryNode::[01;32m[KstartTrajectoryCallback[m[K(std::shared_ptr<std_srvs::srv::Trigger_Request_<std::allocator<void> > >, std::shared_ptr<std_srvs::srv::Trigger_Response_<std::allocator<void> > >)[m[Kâ€™:
[01m[K/home/matus/ros2_ws/src/block2_matuska/src/zadanie2_node.cpp:115:30:[m[K [01;31m[Kerror: [m[Kâ€˜[01m[Kusing sensor_msgs::msg::JointState = struct sensor_msgs::msg::JointState_<std::allocator<void> >[m[Kâ€™ {aka â€˜[01m[Kstruct sensor_msgs::msg::JointState_<std::allocator<void> >[m[Kâ€™} has no member named â€˜[01m[Kjerk[m[Kâ€™
  115 |                 joint_state_.[01;31m[Kjerk[m[K[0] = hodnoty1[3];
      |                              [01;31m[K^~~~[m[K
[01m[K/home/matus/ros2_ws/src/block2_matuska/src/zadanie2_node.cpp:130:30:[m[K [01;31m[Kerror: [m[Kâ€˜[01m[Khodnoty2[m[Kâ€™ was not declared in this scope; did you mean â€˜[01m[Khodnoty[m[Kâ€™?
  130 |                     jerk_2 = [01;31m[Khodnoty2[m[K[3];
      |                              [01;31m[K^~~~~~~~[m[K
      |                              [32m[Khodnoty[m[K
[01m[K/home/matus/ros2_ws/src/block2_matuska/src/zadanie2_node.cpp:136:30:[m[K [01;31m[Kerror: [m[Kâ€˜[01m[Kusing sensor_msgs::msg::JointState = struct sensor_msgs::msg::JointState_<std::allocator<void> >[m[Kâ€™ {aka â€˜[01m[Kstruct sensor_msgs::msg::JointState_<std::allocator<void> >[m[Kâ€™} has no member named â€˜[01m[Kjerk[m[Kâ€™
  136 |                 joint_state_.[01;31m[Kjerk[m[K[2] = jerk_2;
      |                              [01;31m[K^~~~[m[K
[01m[K/home/matus/ros2_ws/src/block2_matuska/src/zadanie2_node.cpp:140:146:[m[K [01;31m[Kerror: [m[Kâ€˜[01m[Kusing sensor_msgs::msg::JointState = struct sensor_msgs::msg::JointState_<std::allocator<void> >[m[Kâ€™ {aka â€˜[01m[Kstruct sensor_msgs::msg::JointState_<std::allocator<void> >[m[Kâ€™} has no member named â€˜[01m[Kjerk[m[Kâ€™
  140 |  joint_state_.velocity[0] << "," << joint_state_.effort[0] << "," << joint_state_.[01;31m[Kjerk[m[K[0] << ","
      |                                                                                   [01;31m[K^~~~[m[K

gmake[2]: *** [CMakeFiles/zadanie2_node.dir/build.make:76: CMakeFiles/zadanie2_node.dir/src/zadanie2_node.cpp.o] Error 1
gmake[1]: *** [CMakeFiles/Makefile2:139: CMakeFiles/zadanie2_node.dir/all] Error 2
gmake: *** [Makefile:146: all] Error 2
