[ 50%] Built target zadanie2_node
[ 75%] [32mBuilding CXX object CMakeFiles/zadanie22_node.dir/src/zadanie22_node.cpp.o[0m
[01m[K/home/matus/ros2_ws/src/block2_matuska/src/zadanie22_node.cpp:[m[K In function â€˜[01m[Kint[01;32m[K main[m[K(int, char**)[m[Kâ€™:
[01m[K/home/matus/ros2_ws/src/block2_matuska/src/zadanie22_node.cpp:185:51:[m[K [01;31m[Kerror: [m[Kconversion from â€˜[01m[Kstd::vector<double, std::allocator<double> >[m[Kâ€™ to non-scalar type â€˜[01m[KEigen::VectorXd[m[Kâ€™ {aka â€˜[01m[KEigen::Matrix<double, -1, 1>[m[Kâ€™} requested
  185 |                 Eigen::VectorXd hodnoty1 = [01;31m[Khodnoty(t, a1)[m[K;
      |                                            [01;31m[K~~~~~~~^~~~~~~[m[K
gmake[2]: *** [CMakeFiles/zadanie22_node.dir/build.make:76: CMakeFiles/zadanie22_node.dir/src/zadanie22_node.cpp.o] Error 1
gmake[1]: *** [CMakeFiles/Makefile2:165: CMakeFiles/zadanie22_node.dir/all] Error 2
gmake: *** [Makefile:146: all] Error 2
