[01m[K/home/matus/ros2_ws/src/block1_matuska/src/teleop_node.cpp:[m[K In function â€˜[01m[Kint[01;32m[K main[m[K(int, char**)[m[Kâ€™:
[01m[K/home/matus/ros2_ws/src/block1_matuska/src/teleop_node.cpp:23:1:[m[K [01;31m[Kerror: [m[Kâ€˜[01m[Kpublisher_[m[Kâ€™ was not declared in this scope; did you mean â€˜[01m[Krmw_publisher_t[m[Kâ€™?
   23 | [01;31m[Kpublisher_[m[K->publish(message);
      | [01;31m[K^~~~~~~~~~[m[K
      | [32m[Krmw_publisher_t[m[K
[01m[K/home/matus/ros2_ws/src/block1_matuska/src/teleop_node.cpp:23:21:[m[K [01;31m[Kerror: [m[Kâ€˜[01m[Kmessage[m[Kâ€™ was not declared in this scope
   23 | publisher_->publish([01;31m[Kmessage[m[K);
      |                     [01;31m[K^~~~~~~[m[K
gmake[2]: *** [CMakeFiles/teleop_node.dir/build.make:76: CMakeFiles/teleop_node.dir/src/teleop_node.cpp.o] Error 1
gmake[1]: *** [CMakeFiles/Makefile2:137: CMakeFiles/teleop_node.dir/all] Error 2
gmake: *** [Makefile:146: all] Error 2
