[0.012s] Invoking command in '/home/matus/ros2_ws/build/block2_matuska': CMAKE_PREFIX_PATH=/home/matus/ros2_ws/install/rrm_msgs:/home/matus/ros2_ws/install/trajectory_visualization:/home/matus/ros2_ws/install/rrm_simple_robot_model:/home/matus/ros2_ws/install/rrm_sim:/home/matus/ros2_ws/install/block2_matuska:/home/matus/ros2_ws/install/block1_matuska:/home/matus/ros2_ws/install/matuska_interface:/home/matus/ros2_ws/install/ik_solver_example:/home/matus/ros2_ws/install/eigen_example:/home/matus/ros2_ws/install/cviko1:/home/matus/ros2_ws/install/cv1:/home/matus/ros2_ws/install/abb_model:/home/matus/ros2_ws/install/abb_irb4600_ikfast:/home/matus/ros2_ws/src/install/rrm_simple_robot_model:/home/matus/ros2_ws/src/install/rrm_sim:/home/matus/ros2_ws/src/install/block1_matuska:/home/matus/ros2_ws/src/install/rrm_msgs:/home/matus/ros2_ws/src/install/matuska_interface:/opt/ros/jazzy/opt/gz_math_vendor:/opt/ros/jazzy/opt/gz_utils_vendor:/opt/ros/jazzy/opt/gz_cmake_vendor:/opt/ros/jazzy DEBUGINFOD_URLS=https://debuginfod.ubuntu.com /usr/bin/cmake --build /home/matus/ros2_ws/build/block2_matuska -- -j12 -l12
[0.068s] [ 50%] Built target zadanie2_node
[0.072s] [ 75%] [32mBuilding CXX object CMakeFiles/zadanie22_node.dir/src/zadanie22_node.cpp.o[0m
[2.531s] [01m[K/home/matus/ros2_ws/src/block2_matuska/src/zadanie22_node.cpp:[m[K In function â€˜[01m[Kint[01;32m[K main[m[K(int, char**)[m[Kâ€™:
[2.531s] [01m[K/home/matus/ros2_ws/src/block2_matuska/src/zadanie22_node.cpp:169:46:[m[K [01;31m[Kerror: [m[Kâ€˜[01m[Kbest_klb1[m[Kâ€™ was not declared in this scope; did you mean â€˜[01m[Kbest_klb0[m[Kâ€™?
[2.531s]   169 |     Eigen::VectorXd a1 = matica1.inverse() * [01;31m[Kbest_klb1[m[K;
[2.531s]       |                                              [01;31m[K^~~~~~~~~[m[K
[2.531s]       |                                              [32m[Kbest_klb0[m[K
[2.531s] [01m[K/home/matus/ros2_ws/src/block2_matuska/src/zadanie22_node.cpp:173:21:[m[K [01;31m[Kerror: [m[Kredeclaration of â€˜[01m[KEigen::VectorXd a1[m[Kâ€™
[2.531s]   173 |     Eigen::VectorXd [01;31m[Ka1[m[K = matica1.inverse() * best_klb1;
[2.531s]       |                     [01;31m[K^~[m[K
[2.531s] [01m[K/home/matus/ros2_ws/src/block2_matuska/src/zadanie22_node.cpp:169:21:[m[K [01;36m[Knote: [m[Kâ€˜[01m[KEigen::VectorXd a1[m[Kâ€™ previously declared here
[2.532s]   169 |     Eigen::VectorXd [01;36m[Ka1[m[K = matica1.inverse() * best_klb1;
[2.532s]       |                     [01;36m[K^~[m[K
[4.935s] gmake[2]: *** [CMakeFiles/zadanie22_node.dir/build.make:76: CMakeFiles/zadanie22_node.dir/src/zadanie22_node.cpp.o] Error 1
[4.935s] gmake[1]: *** [CMakeFiles/Makefile2:165: CMakeFiles/zadanie22_node.dir/all] Error 2
[4.935s] gmake: *** [Makefile:146: all] Error 2
[4.937s] Invoked command in '/home/matus/ros2_ws/build/block2_matuska' returned '2': CMAKE_PREFIX_PATH=/home/matus/ros2_ws/install/rrm_msgs:/home/matus/ros2_ws/install/trajectory_visualization:/home/matus/ros2_ws/install/rrm_simple_robot_model:/home/matus/ros2_ws/install/rrm_sim:/home/matus/ros2_ws/install/block2_matuska:/home/matus/ros2_ws/install/block1_matuska:/home/matus/ros2_ws/install/matuska_interface:/home/matus/ros2_ws/install/ik_solver_example:/home/matus/ros2_ws/install/eigen_example:/home/matus/ros2_ws/install/cviko1:/home/matus/ros2_ws/install/cv1:/home/matus/ros2_ws/install/abb_model:/home/matus/ros2_ws/install/abb_irb4600_ikfast:/home/matus/ros2_ws/src/install/rrm_simple_robot_model:/home/matus/ros2_ws/src/install/rrm_sim:/home/matus/ros2_ws/src/install/block1_matuska:/home/matus/ros2_ws/src/install/rrm_msgs:/home/matus/ros2_ws/src/install/matuska_interface:/opt/ros/jazzy/opt/gz_math_vendor:/opt/ros/jazzy/opt/gz_utils_vendor:/opt/ros/jazzy/opt/gz_cmake_vendor:/opt/ros/jazzy DEBUGINFOD_URLS=https://debuginfod.ubuntu.com /usr/bin/cmake --build /home/matus/ros2_ws/build/block2_matuska -- -j12 -l12
